*Info*    Exporting services from client ... 

*Info*    Client has finished starting ... 



*Info*    Configuring the session ...

	Library      = DAMSIC
	Cell         = gmoverid_plots
	View         = schematic
	Simulator    = spectre
	State Path   = $AXL_SETUPDB_DIR/test_states
	State Name   = Interactive.0
	Results DB   = /users/students/r1017765/Documents/DAMSIC_project/DAMSIC2025_work/DAMSIC/gmoverid_plots/maestro/results/maestro/Interactive.0.rdb
	Results Dir  = /users/students/r1017765/simulation/DAMSIC/gmoverid_plots/maestro/results/maestro/Interactive.0/1/DAMSIC_2023_gmoverid_plots_1
	Results Loc  = /users/students/r1017765/simulation/DAMSIC/gmoverid_plots/maestro/results/maestro
	Project Dir  = /users/students/r1017765/simulation
	Setup DB loc = /users/students/r1017765/Documents/DAMSIC_project/DAMSIC2025_work/DAMSIC/gmoverid_plots/maestro
	File Encoding = 0


INFO (EXPLORER-5024): Simulation will use spectre batch mode because the GCC version used by Spectre and Virtuoso are not compatible.

*Info*    The auto suspension is disabled.






*Info*    Run start for Point ID (11 1) on testbench [
          DAMSIC_2023_gmoverid_plots_1 ].

Resetting statistical vars

*Info*    Setting parameter values ...

Setting var Ln = "1u"
Setting var Lp = "1u"
Setting var NFn = "103"
Setting var NFp = "100"
Setting var VDSn = "250m"
Setting var VDSp = "-250m"
Setting var VGSn = "506m"
Setting var VGSp = "-476m"
Setting var VSBn = "0"
Setting var VSBp = "0"
Setting var WFn = "1u"
Setting var WFp = "0.5u"
Setting temp(T) = 27

*Info*    Netlist Directory =
          /users/students/r1017765/simulation/DAMSIC/gmoverid_plots/maestro/results/maestro/Interactive.0/1/DAMSIC_2023_gmoverid_plots_1/netlist


*Info*    Data Directory    =
          /users/students/r1017765/simulation/DAMSIC/gmoverid_plots/maestro/results/maestro/Interactive.0/1/DAMSIC_2023_gmoverid_plots_1


*Info*    Creating Netlist for Point ID (11 1)

generate netlist...
Begin Incremental Netlisting Apr 28 23:56:17 2025
End netlisting Apr 28 23:56:17 2025

	The netlist is up to date.
	Time taken to compare the design with netlist:   0.0s
      ...successful.
compose simulator input file...
      ...successful.

*Info*    Running simulation on testbench [
          DAMSIC_2023_gmoverid_plots_1 ] for Point ID (11 1).

Delete psf data in /users/students/r1017765/simulation/DAMSIC/gmoverid_plots/maestro/results/maestro/Interactive.0/1/DAMSIC_2023_gmoverid_plots_1/psf.
compose simulator input file...
      ...successful.
start simulator if needed...
      ...successful.
simulate...
To view the simulator output, right-click on the test name, result 
name, or any value in the "Results" tab of the Outputs section and 
choose "Output Log" menu option.
INFO (ADE-3071): Simulation completed successfully.
reading simulation data...
      ...successful.
*Info*    Client has finished evaluating ... 

ERROR (EXPLORER-2709): Evaluation of output '1/gds,p vs gm/ID,p' returned 'nil' for point:'1' test:'DAMSIC_2023_gmoverid_plots_1'
	Expression:'waveVsWave(?x OS("/PM0" "gmoverid") ?y (1 / OS("/PM0" "gds")))'.
Ensure that the definition of output is correct.

ERROR (EXPLORER-2709): Evaluation of output '|ID,p|/W vs gm/ID,p' returned 'nil' for point:'1' test:'DAMSIC_2023_gmoverid_plots_1'
	Expression:'waveVsWave(?x OS("/PM0" "gmoverid") ?y (abs(IS("/PM0/D")) / (VAR("NFp") * VAR("WFp"))))'.
Ensure that the definition of output is correct.


*Info*    Run complete for Point ID (11 1) on testbench [
          DAMSIC_2023_gmoverid_plots_1 ].





Simulation design variables differ from those on the cellView,
they have been saved in the file "/tmp/saved-design-variables".
To save future changes, copy variables to cellView before exiting.
