*Info*    Exporting services from client ... 

*Info*    Client has finished starting ... 



*Info*    Configuring the session ...

	Library      = DAMSIC
	Cell         = gain_booster_nmos_SpecTb
	View         = schematic
	Simulator    = spectre
	State Path   = $AXL_SETUPDB_DIR/test_states
	State Name   = Interactive.0
	Results DB   = /users/students/r1017765/Documents/DAMSIC_project/DAMSIC2025_work/DAMSIC/gain_booster_nmos_SpecTb/maestro/results/maestro/Interactive.0.rdb
	Results Dir  = /users/students/r1017765/simulation/DAMSIC/gain_booster_nmos_SpecTb/maestro/results/maestro/Interactive.0/1/DAMSIC_gain_booster_nmos_SpecTb_1
	Results Loc  = /users/students/r1017765/simulation/DAMSIC/gain_booster_nmos_SpecTb/maestro/results/maestro
	Project Dir  = /users/students/r1017765/simulation
	Setup DB loc = /users/students/r1017765/Documents/DAMSIC_project/DAMSIC2025_work/DAMSIC/gain_booster_nmos_SpecTb/maestro
	File Encoding = 0


INFO (EXPLORER-5024): Simulation will use spectre batch mode because the GCC version used by Spectre and Virtuoso are not compatible.

*Info*    The auto suspension is disabled.






*Info*    Run start for Point ID (0 1) on testbench [
          DAMSIC_gain_booster_nmos_SpecTb_1 ].

Resetting statistical vars

*Info*    Setting parameter values ...

Setting var INCM = "820m"
Setting var INDM = "0"
Setting var curr_b = "300m"
Setting var ln0 = "1.8u"
Setting var ln2 = "1u"
Setting var ln3 = "1u"
Setting var ln4 = "1u"
Setting var lp0 = "1u"
Setting var lp1 = "200n"
Setting var nfn0 = "100"
Setting var nfn2 = "1500"
Setting var nfn3 = "100"
Setting var nfn4 = "103"
Setting var nfp0 = "100"
Setting var nfp1 = "100"
Setting var nm3_b = "786m"
Setting var nm4_b = "506m"
Setting var pm0_b = "400m"
Setting var pm1_b = "645m"
Setting temp(T) = 27
Setting var vdd = "1.1"
Setting var wfn0 = "2.5u"
Setting var wfn2 = "10u"
Setting var wfn3 = "1u"
Setting var wfn4 = "1u"
Setting var wfp0 = "1.82u"
Setting var wfp1 = "5.29u"

*Info*    Netlist Directory =
          /users/students/r1017765/simulation/DAMSIC/gain_booster_nmos_SpecTb/maestro/results/maestro/Interactive.0/1/DAMSIC_gain_booster_nmos_SpecTb_1/netlist


*Info*    Data Directory    =
          /users/students/r1017765/simulation/DAMSIC/gain_booster_nmos_SpecTb/maestro/results/maestro/Interactive.0/1/DAMSIC_gain_booster_nmos_SpecTb_1


*Info*    Creating Netlist for Point ID (0 1)

generate netlist...
Begin Incremental Netlisting Apr 28 22:53:25 2025
End netlisting Apr 28 22:53:25 2025

	The netlist is up to date.
	Time taken to compare the design with netlist:   0.0s
      ...successful.
compose simulator input file...
      ...successful.

*Info*    Running simulation on testbench [
          DAMSIC_gain_booster_nmos_SpecTb_1 ] for Point ID (0 1).

Delete psf data in /users/students/r1017765/simulation/DAMSIC/gain_booster_nmos_SpecTb/maestro/results/maestro/Interactive.0/1/DAMSIC_gain_booster_nmos_SpecTb_1/psf.
compose simulator input file...
      ...successful.
start simulator if needed...
      ...successful.
simulate...
To view the simulator output, right-click on the test name, result 
name, or any value in the "Results" tab of the Outputs section and 
choose "Output Log" menu option.
INFO (ADE-3071): Simulation completed successfully.
reading simulation data...
      ...successful.
*Info*    Client has finished evaluating ... 

WARNING (OCN-6038): Results ac are not available for /users/students/r1017765/simulation/DAMSIC/gain_booster_nmos_SpecTb/maestro/results/maestro/Interactive.0/1/DAMSIC_gain_booster_nmos_SpecTb_1/psf. Use results() for a list of available results.
WARNING (OCN-6038): Results ac are not available for /users/students/r1017765/simulation/DAMSIC/gain_booster_nmos_SpecTb/maestro/results/maestro/Interactive.0/1/DAMSIC_gain_booster_nmos_SpecTb_1/psf. Use results() for a list of available results.
ERROR (EXPLORER-2709): Evaluation of output 'phaseDegUnwrapped(VF("/OUTDM"))' returned 'nil' for point:'1' test:'DAMSIC_gain_booster_nmos_SpecTb_1'
	Expression:'phaseDegUnwrapped(VF("/OUTDM"))'.
Ensure that the definition of output is correct.

WARNING (OCN-6038): Results ac are not available for /users/students/r1017765/simulation/DAMSIC/gain_booster_nmos_SpecTb/maestro/results/maestro/Interactive.0/1/DAMSIC_gain_booster_nmos_SpecTb_1/psf. Use results() for a list of available results.
WARNING (OCN-6038): Results ac are not available for /users/students/r1017765/simulation/DAMSIC/gain_booster_nmos_SpecTb/maestro/results/maestro/Interactive.0/1/DAMSIC_gain_booster_nmos_SpecTb_1/psf. Use results() for a list of available results.
ERROR (EXPLORER-2709): Evaluation of output 'dB20(VF("/OUTDM"))' returned 'nil' for point:'1' test:'DAMSIC_gain_booster_nmos_SpecTb_1'
	Expression:'dB20(VF("/OUTDM"))'.
Ensure that the definition of output is correct.


*Info*    Run complete for Point ID (0 1) on testbench [
          DAMSIC_gain_booster_nmos_SpecTb_1 ].





Simulation design variables differ from those on the cellView,
they have been saved in the file "/tmp/saved-design-variables".
To save future changes, copy variables to cellView before exiting.
