*Info*    Exporting services from client ... 

*Info*    Client has finished starting ... 



*Info*    Configuring the session ...

	Library      = DAMSIC
	Cell         = sym_OTA_SCAmplifier_PAC_TB
	View         = schematic
	Simulator    = spectre
	State Path   = $AXL_SETUPDB_DIR/test_states
	State Name   = Interactive.0
	Results DB   = /users/students/r0884392/Documents/DAMSIC_project/DAMSIC2025_work/DAMSIC/sym_OTA_SCAmplifier_PAC_TB/maestro/results/maestro/Interactive.0.rdb
	Results Dir  = /users/students/r0884392/simulation/DAMSIC/sym_OTA_SCAmplifier_PAC_TB/maestro/results/maestro/Interactive.0/1/DAMSIC_sym_OTA_SCAmplifier_PAC_TB_1
	Results Loc  = /users/students/r0884392/simulation/DAMSIC/sym_OTA_SCAmplifier_PAC_TB/maestro/results/maestro
	Project Dir  = /users/students/r0884392/simulation
	Setup DB loc = /users/students/r0884392/Documents/DAMSIC_project/DAMSIC2025_work/DAMSIC/sym_OTA_SCAmplifier_PAC_TB/maestro
	File Encoding = 0


INFO (EXPLORER-5024): Simulation will use spectre batch mode because the GCC version used by Spectre and Virtuoso are not compatible.

*Info*    The auto suspension is disabled.






*Info*    Run start for Point ID (15 1) on testbench [
          DAMSIC_sym_OTA_SCAmplifier_PAC_TB_1 ].

Resetting statistical vars

*Info*    Setting parameter values ...

Setting var Cfb = "0.23p"
Setting var Cin = "2.3025p"
Setting var Cl = "2p"
Setting var INCM = "0.55"
Setting var OUTCMRef = "0.55"
Setting var Vin = "10m"
Setting var alpha = "0.01"
Setting var b1 = "0.75"
Setting var b5 = "0.8"
Setting var b6 = "0.3"
Setting var b7 = "0.477"
Setting var fin = "100k"
Setting var fsw = "60M"
Setting var length = "90n"
Setting var mult = "2"
Setting var nf_Bias = "4000"
Setting var nf_Inp = "600"
Setting var nf_M2 = "250"
Setting var nf_M3 = "900"
Setting var nf_M4 = "100"
Setting var nf_M5 = "500"
Setting var nf_M6 = "100"
Setting temp(T) = 27
Setting var vdd = "1.1"

*Info*    Netlist Directory =
          /users/students/r0884392/simulation/DAMSIC/sym_OTA_SCAmplifier_PAC_TB/maestro/results/maestro/Interactive.0/1/DAMSIC_sym_OTA_SCAmplifier_PAC_TB_1/netlist


*Info*    Data Directory    =
          /users/students/r0884392/simulation/DAMSIC/sym_OTA_SCAmplifier_PAC_TB/maestro/results/maestro/Interactive.0/1/DAMSIC_sym_OTA_SCAmplifier_PAC_TB_1


*Info*    Creating Netlist for Point ID (15 1)

generate netlist...
Begin Incremental Netlisting Mar 28 11:51:41 2025
End netlisting Mar 28 11:51:41 2025

Netlisting Statistics:
	Number of components:   32

	Elapsed time:          0.0s
Errors: 0	Warnings: 0
      ...successful.
compose simulator input file...
      ...successful.

*Info*    Running simulation on testbench [
          DAMSIC_sym_OTA_SCAmplifier_PAC_TB_1 ] for Point ID (15 1).

Delete psf data in /users/students/r0884392/simulation/DAMSIC/sym_OTA_SCAmplifier_PAC_TB/maestro/results/maestro/Interactive.0/1/DAMSIC_sym_OTA_SCAmplifier_PAC_TB_1/psf.
compose simulator input file...
      ...successful.
start simulator if needed...
      ...successful.
simulate...
To view the simulator output, right-click on the test name, result 
name, or any value in the "Results" tab of the Outputs section and 
choose "Output Log" menu option.
INFO (ADE-3067): Errors encountered during simulation. For more information, right-click
        on a test name in the 'Results' tab of the Outputs pane and choose 'Output Log'
        to view the simulation run log.
reading simulation data...
      ...successful.

*Error*   Error ID  = 5011
*Error*   Error Msg = Simulator failed to complete the simulation.

          Error found by spectre at time = 2.26859 us during
          transient analysis `tran'.
Error found by spectre at time =
          2.26859 us during transient analysis `tran'.
ERROR
          (SPECTRE-16192): No convergence achieved with the minimum
          time step specified.  Last acceptable solution computed at
          2.15835 us.





*Info*    Client has finished evaluating ... 

ERROR (EXPLORER-2709): Evaluation of output 'DIFF PAC OUTPUT' returned 'nil' for point:'1' test:'DAMSIC_sym_OTA_SCAmplifier_PAC_TB_1'
	Expression:'vtime('pss "/phi<2>")'.
Ensure that the definition of output is correct.

ERROR (EXPLORER-2708): Evaluation of output 'CLK_PHI2' failed for point:'1' test:'DAMSIC_sym_OTA_SCAmplifier_PAC_TB_1'
	Expression:'(vh('pac "/VoutP") - vh('pac "/VoutN"))'
	because of the following error(s)
	*Error* difference: can't handle (nil - nil).
Ensure that the definition of output is correct.


*Info*    Run complete for Point ID (15 1) on testbench [
          DAMSIC_sym_OTA_SCAmplifier_PAC_TB_1 ].





Simulation design variables differ from those on the cellView,
they have been saved in the file "/tmp/saved-design-variables".
To save future changes, copy variables to cellView before exiting.
