*Info*    Exporting services from client ... 

*Info*    Client has finished starting ... 



*Info*    Configuring the session ...

	Library      = DAMSIC
	Cell         = demo_SCAmplifier_STB_TB
	View         = schematic
	Simulator    = spectre
	State Path   = $AXL_SETUPDB_DIR/test_states
	State Name   = Interactive.0
	Results DB   = /users/students/r0884392/Documents/DAMSIC_project/DAMSIC2025_work/DAMSIC/sym_OTA_SCAmplifier_STB_TB/maestro/results/maestro/Interactive.0.rdb
	Results Dir  = /users/students/r0884392/simulation/DAMSIC/sym_OTA_SCAmplifier_STB_TB/maestro/results/maestro/Interactive.0/1/STB
	Results Loc  = /users/students/r0884392/simulation/DAMSIC/sym_OTA_SCAmplifier_STB_TB/maestro/results/maestro
	Project Dir  = /users/students/r0884392/simulation
	Setup DB loc = /users/students/r0884392/Documents/DAMSIC_project/DAMSIC2025_work/DAMSIC/sym_OTA_SCAmplifier_STB_TB/maestro
	File Encoding = 0


INFO (EXPLORER-5024): Simulation will use spectre batch mode because the GCC version used by Spectre and Virtuoso are not compatible.

*Info*    The auto suspension is disabled.






*Info*    Run start for Point ID (4 1) on testbench [ STB ].

Resetting statistical vars

*Info*    Setting parameter values ...

Setting var CP2 = "106.157112526539e-12"
Setting var C_OTA = "100f"
Setting var Cfb = "0.23p"
Setting var Cin = "2.3025p"
Setting var Cl = "2p"
Setting var F_POLE2 = "1.5G"
Setting var INCM = "0.55"
Setting var OUTCMRef = "0.55"
Setting var Vin = "0"
Setting var alpha = "0.01"
Setting var b1 = "700m"
Setting var b5 = "1"
Setting var b6 = "200m"
Setting var fin = "100k"
Setting var fsw = "60M"
Setting var gm_OTA = "13m"
Setting var length = "90n"
Setting var mult = "1"
Setting var nf_Bias = "4000"
Setting var nf_Inp = "600"
Setting var nf_M2 = "300"
Setting var nf_M3 = "900"
Setting var nf_M4 = "100"
Setting var nf_M5 = "500"
Setting var nf_M6 = "100"
Setting var ro_OTA = "1.5M"
Setting var ron = "5"
Setting temp(T) = 27
Setting var vdd = "1.1"

*Info*    Netlist Directory =
          /users/students/r0884392/simulation/DAMSIC/sym_OTA_SCAmplifier_STB_TB/maestro/results/maestro/Interactive.0/1/STB/netlist


*Info*    Data Directory    =
          /users/students/r0884392/simulation/DAMSIC/sym_OTA_SCAmplifier_STB_TB/maestro/results/maestro/Interactive.0/1/STB


*Info*    Creating Netlist for Point ID (4 1)

generate netlist...
Begin Incremental Netlisting Mar 28 12:45:09 2025
End netlisting Mar 28 12:45:09 2025

	The netlist is up to date.
	Time taken to compare the design with netlist:   0.0s
      ...successful.
compose simulator input file...
      ...successful.

*Info*    Running simulation on testbench [ STB ] for Point ID (4 1).

Delete psf data in /users/students/r0884392/simulation/DAMSIC/sym_OTA_SCAmplifier_STB_TB/maestro/results/maestro/Interactive.0/1/STB/psf.
compose simulator input file...
      ...successful.
start simulator if needed...
      ...successful.
simulate...
To view the simulator output, right-click on the test name, result 
name, or any value in the "Results" tab of the Outputs section and 
choose "Output Log" menu option.
INFO (ADE-3071): Simulation completed successfully.
reading simulation data...
      ...successful.
*Info*    Client has finished evaluating ... 

WARNING (OCN-6038): Results stb are not available for /users/students/r0884392/simulation/DAMSIC/sym_OTA_SCAmplifier_STB_TB/maestro/results/maestro/Interactive.0/1/STB. Use results() for a list of available results.
WARNING (OCN-6038): Results stb are not available for /users/students/r0884392/simulation/DAMSIC/sym_OTA_SCAmplifier_STB_TB/maestro/results/maestro/Interactive.0/1/STB. Use results() for a list of available results.
ERROR (EXPLORER-2709): Evaluation of output 'Loop Gain Phase' returned 'nil' for point:'1' test:'STB'
	Expression:'phaseDegUnwrapped(getData("loopGain" ?result "stb"))'.
Ensure that the definition of output is correct.

WARNING (OCN-6038): Results stb are not available for /users/students/r0884392/simulation/DAMSIC/sym_OTA_SCAmplifier_STB_TB/maestro/results/maestro/Interactive.0/1/STB. Use results() for a list of available results.
WARNING (OCN-6038): Results stb are not available for /users/students/r0884392/simulation/DAMSIC/sym_OTA_SCAmplifier_STB_TB/maestro/results/maestro/Interactive.0/1/STB. Use results() for a list of available results.
ERROR (EXPLORER-2709): Evaluation of output 'Loop Gain dB20' returned 'nil' for point:'1' test:'STB'
	Expression:'db(mag(getData("loopGain" ?result "stb")))'.
Ensure that the definition of output is correct.

ERROR (EXPLORER-2709): Evaluation of output 'CLK_PHI2' returned 'nil' for point:'1' test:'STB'
	Expression:'vtime('pss "/phi<2>")'.
Ensure that the definition of output is correct.

ERROR (EXPLORER-2708): Evaluation of output 'DIFF PAC OUT' failed for point:'1' test:'STB'
	Expression:'(vh('pac "/VoutP") - vh('pac "/VoutN"))'
	because of the following error(s)
	*Error* difference: can't handle (nil - nil).
Ensure that the definition of output is correct.


*Info*    Run complete for Point ID (4 1) on testbench [ STB ].





Simulation design variables differ from those on the cellView,
they have been saved in the file "/tmp/saved-design-variables".
To save future changes, copy variables to cellView before exiting.
