*Info*    Exporting services from client ... 

*Info*    Client has finished starting ... 



*Info*    Configuring the session ...

	Library      = DAMSIC
	Cell         = symmetric_OTA_gain_boosted_STB_TB
	View         = schematic
	Simulator    = spectre
	State Path   = $AXL_SETUPDB_DIR/test_states
	State Name   = Interactive.0
	Results DB   = /users/students/r1017765/Documents/DAMSIC_project/DAMSIC2025_work/DAMSIC/symmetric_OTA_gain_boosted_STB_TB/maestro/results/maestro/Interactive.0.rdb
	Results Dir  = /users/students/r1017765/simulation/DAMSIC/symmetric_OTA_gain_boosted_STB_TB/maestro/results/maestro/Interactive.0/1/DAMSIC_symmetric_OTA_gain_boosted_STB_TB_1
	Results Loc  = /users/students/r1017765/simulation/DAMSIC/symmetric_OTA_gain_boosted_STB_TB/maestro/results/maestro
	Project Dir  = /users/students/r1017765/simulation
	Setup DB loc = /users/students/r1017765/Documents/DAMSIC_project/DAMSIC2025_work/DAMSIC/symmetric_OTA_gain_boosted_STB_TB/maestro
	File Encoding = 0


INFO (EXPLORER-5024): Simulation will use spectre batch mode because the GCC version used by Spectre and Virtuoso are not compatible.

*Info*    The auto suspension is disabled.






*Info*    Run start for Point ID (1 1) on testbench [
          DAMSIC_symmetric_OTA_gain_boosted_STB_TB_1 ].

Resetting statistical vars

*Info*    Setting parameter values ...

Setting var Cfb = "0.23p"
Setting var Cin = "2.3025p"
Setting var Cl = "2p"
Setting var INCM = "0.55"
Setting var VOCMRef = "550m"
Setting var Vin = "1"
Setting var alpha = "0.01"
Setting var fin = "100k"
Setting var fsw = "60M"
Setting var gb1_dc = "1"
Setting var gb2_dc = "0.2"
Setting var gb_1_C = "135p"
Setting var gb_1_gm = "20m"
Setting var gb_1_ro = "20k"
Setting var gb_2_C = "135p"
Setting var gb_2_gm = "20m"
Setting var gb_2_ro = "20k"
Setting var length = "90n"
Setting var mult = "1"
Setting var nf_Bias = "4000"
Setting var nf_Inp = "600"
Setting var nf_M2 = "300"
Setting var nf_M3 = "900"
Setting var nf_M4 = "100"
Setting var nf_M5 = "500"
Setting var nf_M6 = "100"
Setting var p2_diffbias = "0.7"
Setting temp(T) = 27
Setting var vdd = "1.1"

*Info*    Netlist Directory =
          /users/students/r1017765/simulation/DAMSIC/symmetric_OTA_gain_boosted_STB_TB/maestro/results/maestro/Interactive.0/1/DAMSIC_symmetric_OTA_gain_boosted_STB_TB_1/netlist


*Info*    Data Directory    =
          /users/students/r1017765/simulation/DAMSIC/symmetric_OTA_gain_boosted_STB_TB/maestro/results/maestro/Interactive.0/1/DAMSIC_symmetric_OTA_gain_boosted_STB_TB_1


*Info*    Creating Netlist for Point ID (1 1)

generate netlist...
Begin Incremental Netlisting Apr 13 19:48:34 2025
End netlisting Apr 13 19:48:35 2025

	The netlist is up to date.
	Time taken to compare the design with netlist:   1.0s
      ...successful.
compose simulator input file...
      ...successful.

*Info*    Running simulation on testbench [
          DAMSIC_symmetric_OTA_gain_boosted_STB_TB_1 ] for Point ID
          (1 1).

Delete psf data in /users/students/r1017765/simulation/DAMSIC/symmetric_OTA_gain_boosted_STB_TB/maestro/results/maestro/Interactive.0/1/DAMSIC_symmetric_OTA_gain_boosted_STB_TB_1/psf.
compose simulator input file...
      ...successful.
start simulator if needed...
      ...successful.
simulate...
To view the simulator output, right-click on the test name, result 
name, or any value in the "Results" tab of the Outputs section and 
choose "Output Log" menu option.
INFO (ADE-3071): Simulation completed successfully.
reading simulation data...
      ...successful.
*Info*    Client has finished evaluating ... 

WARNING (OCN-6038): Results stb are not available for /users/students/r1017765/simulation/DAMSIC/symmetric_OTA_gain_boosted_STB_TB/maestro/results/maestro/Interactive.0/1/DAMSIC_symmetric_OTA_gain_boosted_STB_TB_1. Use results() for a list of available results.
WARNING (OCN-6038): Results stb are not available for /users/students/r1017765/simulation/DAMSIC/symmetric_OTA_gain_boosted_STB_TB/maestro/results/maestro/Interactive.0/1/DAMSIC_symmetric_OTA_gain_boosted_STB_TB_1. Use results() for a list of available results.
ERROR (EXPLORER-2709): Evaluation of output 'Loop Phase' returned 'nil' for point:'1' test:'DAMSIC_symmetric_OTA_gain_boosted_STB_TB_1'
	Expression:'phaseDegUnwrapped(getData("loopGain" ?result "stb"))'.
Ensure that the definition of output is correct.

WARNING (OCN-6038): Results stb are not available for /users/students/r1017765/simulation/DAMSIC/symmetric_OTA_gain_boosted_STB_TB/maestro/results/maestro/Interactive.0/1/DAMSIC_symmetric_OTA_gain_boosted_STB_TB_1. Use results() for a list of available results.
WARNING (OCN-6038): Results stb are not available for /users/students/r1017765/simulation/DAMSIC/symmetric_OTA_gain_boosted_STB_TB/maestro/results/maestro/Interactive.0/1/DAMSIC_symmetric_OTA_gain_boosted_STB_TB_1. Use results() for a list of available results.
ERROR (EXPLORER-2709): Evaluation of output 'Loop Gain db20' returned 'nil' for point:'1' test:'DAMSIC_symmetric_OTA_gain_boosted_STB_TB_1'
	Expression:'db(mag(getData("loopGain" ?result "stb")))'.
Ensure that the definition of output is correct.


*Info*    Run complete for Point ID (1 1) on testbench [
          DAMSIC_symmetric_OTA_gain_boosted_STB_TB_1 ].





Simulation design variables differ from those on the cellView,
they have been saved in the file "/tmp/saved-design-variables".
To save future changes, copy variables to cellView before exiting.
