*Info*    Exporting services from client ... 

*Info*    Client has finished starting ... 



*Info*    Configuring the session ...

	Library      = SESSION_1_EXCERCISE
	Cell         = POS_FEB_IDEAL_TB
	View         = schematic
	Simulator    = spectre
	State Path   = $AXL_SETUPDB_DIR/test_states
	State Name   = Interactive.0
	Results DB   = /users/students/r0884392/Documents/DAMSIC_project/DAMSIC2025_work/SESSION_1_EXCERCISE/POS_FEB_IDEAL_TB/maestro/results/maestro/Interactive.0.rdb
	Results Dir  = /users/students/r0884392/simulation/SESSION_1_EXCERCISE/POS_FEB_IDEAL_TB/maestro/results/maestro/Interactive.0/1/DAMSIC25_TB_POS_FEB_IDEAL_TB_1
	Results Loc  = /users/students/r0884392/simulation/SESSION_1_EXCERCISE/POS_FEB_IDEAL_TB/maestro/results/maestro
	Project Dir  = /users/students/r0884392/simulation
	Setup DB loc = /users/students/r0884392/Documents/DAMSIC_project/DAMSIC2025_work/SESSION_1_EXCERCISE/POS_FEB_IDEAL_TB/maestro
	File Encoding = 0


INFO (EXPLORER-5024): Simulation will use spectre batch mode because the GCC version used by Spectre and Virtuoso are not compatible.

*Info*    The auto suspension is disabled.






*Info*    Run start for Point ID (3 1) on testbench [
          DAMSIC25_TB_POS_FEB_IDEAL_TB_1 ].

Resetting statistical vars

*Info*    Setting parameter values ...

Setting var tdelay = "0.1n"
Setting temp(T) = 27

*Info*    Netlist Directory =
          /users/students/r0884392/simulation/SESSION_1_EXCERCISE/POS_FEB_IDEAL_TB/maestro/results/maestro/Interactive.0/1/DAMSIC25_TB_POS_FEB_IDEAL_TB_1/netlist


*Info*    Data Directory    =
          /users/students/r0884392/simulation/SESSION_1_EXCERCISE/POS_FEB_IDEAL_TB/maestro/results/maestro/Interactive.0/1/DAMSIC25_TB_POS_FEB_IDEAL_TB_1


*Info*    Creating Netlist for Point ID (3 1)

generate netlist...
Begin Incremental Netlisting Feb 14 11:31:03 2025
End netlisting Feb 14 11:31:03 2025

	The netlist is up to date.
	Time taken to compare the design with netlist:   0.0s
      ...successful.
compose simulator input file...
      ...successful.

*Info*    Running simulation on testbench [
          DAMSIC25_TB_POS_FEB_IDEAL_TB_1 ] for Point ID (3 1).

Delete psf data in /users/students/r0884392/simulation/SESSION_1_EXCERCISE/POS_FEB_IDEAL_TB/maestro/results/maestro/Interactive.0/1/DAMSIC25_TB_POS_FEB_IDEAL_TB_1/psf.
compose simulator input file...
      ...successful.
start simulator if needed...
      ...successful.
simulate...
To view the simulator output, right-click on the test name, result 
name, or any value in the "Results" tab of the Outputs section and 
choose "Output Log" menu option.
INFO (ADE-3067): Errors encountered during simulation. For more information, right-click
        on a test name in the 'Results' tab of the Outputs pane and choose 'Output Log'
        to view the simulation run log.
reading simulation data...
      ...successful.

*Error*   Error ID  = 5011
*Error*   Error Msg = Simulator failed to complete the simulation.

          Error found by spectre at time = 586.25 ps during transient
          analysis `tran'.
Error found by spectre at time = 586.25 ps
          during transient analysis `tran'.
ERROR (SPECTRE-16384):
          Signal V(OUT) = -1.10762 GV has exceeded the blowup limit
          for the quantity `V' which is (1 GV). It is likely that the
          circuit i
s unstable. If you really want signals this
          large, set the `blowup' parameter of this quantity to a
          larger value.





*Info*    Client has finished evaluating ... 


*Info*    Run complete for Point ID (3 1) on testbench [
          DAMSIC25_TB_POS_FEB_IDEAL_TB_1 ].





Simulation design variables differ from those on the cellView,
they have been saved in the file "/tmp/saved-design-variables".
To save future changes, copy variables to cellView before exiting.
