*Info*    Exporting services from client ... 

*Info*    Client has finished starting ... 



*Info*    Configuring the session ...

	Library      = DAMSIC
	Cell         = gmoverid_plots
	View         = schematic
	Simulator    = spectre
	State Path   = $AXL_SETUPDB_DIR/test_states
	State Name   = Interactive.0
	Results DB   = /users/students/r0884392/Documents/DAMSIC_project/DAMSIC2025_work/DAMSIC/gmoverid_plots/maestro/results/maestro/Interactive.0.rdb
	Results Dir  = /users/students/r0884392/simulation/DAMSIC/gmoverid_plots/maestro/results/maestro/Interactive.0/1/DAMSIC_2023_gmoverid_plots_1
	Results Loc  = /users/students/r0884392/simulation/DAMSIC/gmoverid_plots/maestro/results/maestro
	Project Dir  = /users/students/r0884392/simulation
	Setup DB loc = /users/students/r0884392/Documents/DAMSIC_project/DAMSIC2025_work/DAMSIC/gmoverid_plots/maestro
	File Encoding = 0


INFO (EXPLORER-5024): Simulation will use spectre batch mode because the GCC version used by Spectre and Virtuoso are not compatible.

*Info*    The auto suspension is disabled.






*Info*    Run start for Point ID (42 1) on testbench [
          DAMSIC_2023_gmoverid_plots_1 ].

Resetting statistical vars

*Info*    Setting parameter values ...

Setting var Ln = "1u"
Setting var Lp = "90n"
Setting var NFn = "1000"
Setting var NFp = "100"
Setting var VDSn = "0.65"
Setting var VDSp = "-300m"
Setting var VGSn = "0.62"
Setting var VGSp = "-700m"
Setting var VSBn = "0"
Setting var VSBp = "0"
Setting var WFn = "115n"
Setting var WFp = "337n"
Setting temp(T) = 27

*Info*    Netlist Directory =
          /users/students/r0884392/simulation/DAMSIC/gmoverid_plots/maestro/results/maestro/Interactive.0/1/DAMSIC_2023_gmoverid_plots_1/netlist


*Info*    Data Directory    =
          /users/students/r0884392/simulation/DAMSIC/gmoverid_plots/maestro/results/maestro/Interactive.0/1/DAMSIC_2023_gmoverid_plots_1


*Info*    Creating Netlist for Point ID (42 1)

generate netlist...
Begin Incremental Netlisting Apr 21 16:14:17 2025
End netlisting Apr 21 16:14:17 2025

	The netlist is up to date.
	Time taken to compare the design with netlist:   0.0s
      ...successful.
compose simulator input file...
      ...successful.

*Info*    Running simulation on testbench [
          DAMSIC_2023_gmoverid_plots_1 ] for Point ID (42 1).

Delete psf data in /users/students/r0884392/simulation/DAMSIC/gmoverid_plots/maestro/results/maestro/Interactive.0/1/DAMSIC_2023_gmoverid_plots_1/psf.
compose simulator input file...
      ...successful.
start simulator if needed...
      ...successful.
simulate...
To view the simulator output, right-click on the test name, result 
name, or any value in the "Results" tab of the Outputs section and 
choose "Output Log" menu option.
INFO (ADE-3067): Errors encountered during simulation. For more information, right-click
        on a test name in the 'Results' tab of the Outputs pane and choose 'Output Log'
        to view the simulation run log.

*Error*   Error ID  = 5011
*Error*   Error Msg = Simulator failed to complete the simulation.

          Error found by spectre during initial setup.
Error found by
          spectre during initial setup.
ERROR (CMI-2942): NM0:
          Length, width, or area of the instance does not fit the
          specified lmax-lmin, wmax-wmin, or areamax-areamin range
          for any model 
in the `NM0.nch' group. Set
          soft_bin=allmodels to choose the nearest model.





Simulation design variables differ from those on the cellView,
they have been saved in the file "/tmp/saved-design-variables".
To save future changes, copy variables to cellView before exiting.
