*Info*    Exporting services from client ... 

*Info*    Client has finished starting ... 



*Info*    Configuring the session ...

	Library      = DAMSIC
	Cell         = gain_booster_nmos_SpecTb
	View         = schematic
	Simulator    = spectre
	State Path   = $AXL_SETUPDB_DIR/test_states
	State Name   = Interactive.0
	Results DB   = /users/students/r0884392/Documents/DAMSIC_project/DAMSIC2025_work/DAMSIC/gain_booster_nmos_SpecTb/maestro/results/maestro/Interactive.0.rdb
	Results Dir  = /users/students/r0884392/simulation/DAMSIC/gain_booster_nmos_SpecTb/maestro/results/maestro/Interactive.0/1/DAMSIC_gain_booster_nmos_SpecTb_1
	Results Loc  = /users/students/r0884392/simulation/DAMSIC/gain_booster_nmos_SpecTb/maestro/results/maestro
	Project Dir  = /users/students/r0884392/simulation
	Setup DB loc = /users/students/r0884392/Documents/DAMSIC_project/DAMSIC2025_work/DAMSIC/gain_booster_nmos_SpecTb/maestro
	File Encoding = 0


INFO (EXPLORER-5024): Simulation will use spectre batch mode because the GCC version used by Spectre and Virtuoso are not compatible.

*Info*    The auto suspension is disabled.






*Info*    Run start for Point ID (0 1) on testbench [
          DAMSIC_gain_booster_nmos_SpecTb_1 ].

Resetting statistical vars

*Info*    Setting parameter values ...

Setting var INCM = "820m"
Setting var INDM = "10m"
Setting var curr_b = "600m"
Setting var ln0 = "1.25u"
Setting var ln2 = "90n"
Setting var ln3 = "1u"
Setting var ln4 = "1u"
Setting var lp0 = "1u"
Setting var lp1 = "570n"
Setting var nfn0 = "100"
Setting var nfn2 = "166"
Setting var nfn3 = "100"
Setting var nfn4 = "100"
Setting var nfp0 = "100"
Setting var nfp1 = "100"
Setting var nm3_b = "850m"
Setting var nm4_b = "555m"
Setting var pm0_b = "284m"
Setting var pm1_b = "600m"
Setting temp(T) = 27
Setting var vdd = "1.1"
Setting var wfn0 = "1.75u"
Setting var wfn2 = "1.75u"
Setting var wfn3 = "1.25u"
Setting var wfn4 = "1.68u"
Setting var wfp0 = "2.25u"
Setting var wfp1 = "6.5u"

*Info*    Netlist Directory =
          /users/students/r0884392/simulation/DAMSIC/gain_booster_nmos_SpecTb/maestro/results/maestro/Interactive.0/1/DAMSIC_gain_booster_nmos_SpecTb_1/netlist


*Info*    Data Directory    =
          /users/students/r0884392/simulation/DAMSIC/gain_booster_nmos_SpecTb/maestro/results/maestro/Interactive.0/1/DAMSIC_gain_booster_nmos_SpecTb_1


*Info*    Creating Netlist for Point ID (0 1)

generate netlist...
Initializing the control file using cp:
    cp /esat/micas-data/software/Cadence/ic_6.1.8.310/tools.lnx86/dfII/etc/si/control.spectre /users/students/r0884392/simulation/DAMSIC/gain_booster_nmos_SpecTb/maestro/results/maestro/Interactive.0/1/DAMSIC_gain_booster_nmos_SpecTb_1/netlist/control
Copying Spectre source file 'spectre.inp'
Copying Spectre command file 'spectre.sim'
Begin Incremental Netlisting Apr 27 17:47:33 2025
Loading json.cxt 
End netlisting Apr 27 17:47:33 2025

Netlisting Statistics:
	Number of components:   24

	Elapsed time:          0.0s
Errors: 0	Warnings: 0
*Warning*	Additional design variables have been found during netlisting.
 		A value is necessary for successful simulation.
		To simulate, assign values to all design variables with 
		the Variables->Edit... menu, and use "Netlist and Run".
      ...successful.
compose simulator input file...
      ...successful.

*Info*    Running simulation on testbench [
          DAMSIC_gain_booster_nmos_SpecTb_1 ] for Point ID (0 1).

Delete psf data in /users/students/r0884392/simulation/DAMSIC/gain_booster_nmos_SpecTb/maestro/results/maestro/Interactive.0/1/DAMSIC_gain_booster_nmos_SpecTb_1/psf.
compose simulator input file...
      ...successful.
start simulator if needed...
      ...successful.
simulate...
To view the simulator output, right-click on the test name, result 
name, or any value in the "Results" tab of the Outputs section and 
choose "Output Log" menu option.
INFO (ADE-3067): Errors encountered during simulation. For more information, right-click
        on a test name in the 'Results' tab of the Outputs pane and choose 'Output Log'
        to view the simulation run log.

*Error*   Error ID  = 5011
*Error*   Error Msg = Simulator failed to complete the simulation.

          Error found by spectre in `gain_booster_nmos':`I0', during
          hierarchy flattening.
Error found by spectre in
          `gain_booster_nmos':`I0', during hierarchy
          flattening.
ERROR (SFE-1997): "input.scs" 48: Cannot run
          the simulation because I0.NM4: parameter `sca': Cannot run
          the simulation because parameter 'lfn4' has be
en used but
          no value has been assigned to it. Assign a value to the
          parameter and rerun the simulation.
ERROR (SFE-1997):
          "input.scs" 48: Cannot run the simulation because I0.NM4:
          parameter `scb': Cannot run the simulation because
          parameter 'lfn4' has be
en used but no value has been
          assigned to it. Assign a value to the parameter and rerun
          the simulation.
ERROR (SFE-1997): "input.scs" 48: Cannot
          run the simulation because I0.NM4: parameter `scc': Cannot
          run the simulation because parameter 'lfn4' has be
en used
          but no value has been assigned to it. Assign a value to the
          parameter and rerun the simulation.
ERROR (SFE-1997):
          "input.scs" 62: Cannot run the simulation because I0.NM3:
          parameter `sca': Cannot run the simulation because
          parameter 'lfn3' has be
en used but no value has been
          assigned to it. Assign a value to the parameter and rerun
          the simulation.
ERROR (SFE-1997): "input.scs" 62: Cannot
          run the simulation because I0.NM3: parameter `scb': Cannot
          run the simulation because parameter 'lfn3' has be
en used
          but no value has been assigned to it. Assign a value to the
          parameter and rerun the simulation.
ERROR (SFE-1997):
          "input.scs" 62: Cannot run the simulation because I0.NM3:
          parameter `scc': Cannot run the simulation because
          parameter 'lfn3' has be
en used but no value has been
          assigned to it. Assign a value to the parameter and rerun
          the simulation.
ERROR (SFE-1997): "input.scs" 160: Cannot
          run the simulation because I0.PM0: parameter `sca': Cannot
          run the simulation because parameter 'lfp0' has b
een used
          but no value has been assigned to it. Assign a value to the
          parameter and rerun the simulation.
ERROR (SFE-1997):
          "input.scs" 160: Cannot run the simulation because I0.PM0:
          parameter `scb': Cannot run the simulation because
          parameter 'lfp0' has b
een used but no value has been
          assigned to it. Assign a value to the parameter and rerun
          the simulation.
ERROR (SFE-1997): "input.scs" 160: Cannot
          run the simulation because I0.PM0: parameter `scc': Cannot
          run the simulation because parameter 'lfp0' has b
een used
          but no value has been assigned to it. Assign a value to the
          parameter and rerun the simulation.





Simulation design variables differ from those on the cellView,
they have been saved in the file "/tmp/saved-design-variables".
To save future changes, copy variables to cellView before exiting.
