*Info*    Exporting services from client ... 

*Info*    Client has finished starting ... 



*Info*    Configuring the session ...

	Library      = DAMSIC
	Cell         = gaiboosterideal_tb
	View         = schematic
	Simulator    = spectre
	State Path   = $AXL_SETUPDB_DIR/test_states
	State Name   = Interactive.0
	Results DB   = /users/students/r0884392/Documents/DAMSIC_project/DAMSIC2025_work/DAMSIC/gaiboosterideal_tb/maestro/results/maestro/Interactive.0.rdb
	Results Dir  = /users/students/r0884392/simulation/DAMSIC/gaiboosterideal_tb/maestro/results/maestro/Interactive.0/1/DAMSIC_gaiboosterideal_tb_1
	Results Loc  = /users/students/r0884392/simulation/DAMSIC/gaiboosterideal_tb/maestro/results/maestro
	Project Dir  = /users/students/r0884392/simulation
	Setup DB loc = /users/students/r0884392/Documents/DAMSIC_project/DAMSIC2025_work/DAMSIC/gaiboosterideal_tb/maestro
	File Encoding = 0


INFO (EXPLORER-5024): Simulation will use spectre batch mode because the GCC version used by Spectre and Virtuoso are not compatible.

*Info*    The auto suspension is disabled.






*Info*    Run start for Point ID (0 1) on testbench [
          DAMSIC_gaiboosterideal_tb_1 ].

Resetting statistical vars

*Info*    Setting parameter values ...

Setting var OUTCM = "1"
Setting var VINCM = "0.55"
Setting temp(T) = 27
Setting var vdd = "1.1"

*Info*    Netlist Directory =
          /users/students/r0884392/simulation/DAMSIC/gaiboosterideal_tb/maestro/results/maestro/Interactive.0/1/DAMSIC_gaiboosterideal_tb_1/netlist


*Info*    Data Directory    =
          /users/students/r0884392/simulation/DAMSIC/gaiboosterideal_tb/maestro/results/maestro/Interactive.0/1/DAMSIC_gaiboosterideal_tb_1


*Info*    Creating Netlist for Point ID (0 1)

generate netlist...
Initializing the control file using cp:
    cp /esat/micas-data/software/Cadence/ic_6.1.8.310/tools.lnx86/dfII/etc/si/control.spectre /users/students/r0884392/simulation/DAMSIC/gaiboosterideal_tb/maestro/results/maestro/Interactive.0/1/DAMSIC_gaiboosterideal_tb_1/netlist/control
Copying Spectre source file 'spectre.inp'
Copying Spectre command file 'spectre.sim'
Begin Incremental Netlisting Apr 21 13:48:08 2025
End netlisting Apr 21 13:48:09 2025

Netlisting Statistics:
	Number of components:   19

	Elapsed time:          1.0s (19.00/s)
Errors: 0	Warnings: 0
      ...successful.
compose simulator input file...
      ...successful.

*Info*    Running simulation on testbench [
          DAMSIC_gaiboosterideal_tb_1 ] for Point ID (0 1).

Delete psf data in /users/students/r0884392/simulation/DAMSIC/gaiboosterideal_tb/maestro/results/maestro/Interactive.0/1/DAMSIC_gaiboosterideal_tb_1/psf.
compose simulator input file...
      ...successful.
start simulator if needed...
      ...successful.
simulate...
To view the simulator output, right-click on the test name, result 
name, or any value in the "Results" tab of the Outputs section and 
choose "Output Log" menu option.
INFO (ADE-3071): Simulation completed successfully.
reading simulation data...
      ...successful.
*Info*    Client has finished evaluating ... 


*Info*    Run complete for Point ID (0 1) on testbench [
          DAMSIC_gaiboosterideal_tb_1 ].





Simulation design variables differ from those on the cellView,
they have been saved in the file "/tmp/saved-design-variables".
To save future changes, copy variables to cellView before exiting.
