\# Program start time:     UTC 2025.03.11 11:13:57.879
\# Local time: CET (UTC+01:00) 2025.03.11 12:13:57.879
\o Program:		@(#)$CDS: virtuoso version 6.1.8-64b 03/14/2023 19:53 (cpgsrv12) $
\o Hierarchy:		/esat/micas-data/software/Cadence/ic_6.1.8.310/tools.lnx86/dfII/
\o Sub version:		sub-version  IC6.1.8-64b.500.31  (64-bit addresses)
\# Command line:	/esat/micas-data/software/Cadence/ic_6.1.8.310/tools.lnx86/dfII/bin/64bit/virtuoso -noautostart -mpssession virtuoso3187 -mpshost pc-klas1-11.esat.kuleuven.be -davinciService DaVinciService_3187_1741688499 -log /users/students/r0884392/Documents/DAMSIC_project/DAMSIC2025_work/logs_r0884392/logs6/Job33.log -licenseLockFileName /users/students/r0884392/Documents/DAMSIC_project/DAMSIC2025_work/.tmp_r0884392/.pc-klas1-11.esat.kuleuven.be_3187 -interactiveA -interactiveE -interactiveRTT -nostdin -nographE -axlChildIdFlag 33
\# Host name (type):	pc-klas1-11.esat.kuleuven.be (x86_64)
\# Operating system:	Linux 5.14.0-503.29.1.el9_5.x86_64 #1 SMP PREEMPT_DYNAMIC Wed Mar 5 20:42:50 UTC 2025
\# Linux /etc/issue:	\S
\# Linux /etc/issue:	Kernel \r on an \m
\# X display name (WxH):	:3739 (1024x868)
\# Available geometry:			TL(0:0) BR(1023:867)
\# X server:			The X.Org Foundation
\# Depth of Visual (Root):	24 (24)
\# Number of Planes Used:	24
\# X version:		11.0 (vendor release 12011000)
\# X resource pool:	base 0x400000, mask 0x1fffff (2097151), shift 0
\# 			current id 0x0, current max 0x1ffffa (2097146)
\# Max data seg size:	     unlimited
\# Max process size:	     unlimited
\# Initial sbrk value:	        635 MB
\# Available memory:	     42,799 MB
\# System memory:	     48,245 MB
\# Maximum memory size:	     47,729 MB
\# Max mem available:	     42,917 MB
\# Initial memory used:	        118 MB
\#        process size:	      1,539 MB
\# Thread usage limits (effective/default):	maxthreads 5166/5166 maxload 12.00/12.00
\# Qt version:		5.9.1
\# Window Manager:	other
\# User Name:		r0884392
\o Working Directory:	pc-klas1-11.esat.kuleuven.be:/users/students/r0884392/Documents/DAMSIC_project/DAMSIC2025_work
\# Process Id:		30804
\o 
\o COPYRIGHT (C) 1992-2023  CADENCE DESIGN SYSTEMS INC.  ALL RIGHTS RESERVED.
\o           (C) 1992-2023  UNIX SYSTEMS Laboratories INC.,
\o                          Reproduced with permission.
\o 
\o This Cadence Design Systems program and online documentation are
\o proprietary/confidential information and may be disclosed/used only
\o as authorized in a license agreement controlling such use and disclosure.
\o 
\o           RESTRICTED RIGHTS NOTICE (SHORT FORM)
\o Use/reproduction/disclosure is subject to restriction
\o set forth at FAR 1252.227-19 or its equivalent.
\o Loading geView.cxt 
\o Loading menuBuilder.cxt 
\o Loading schView.cxt 
\o Loading selectSv.cxt 
\o Loading wireEdit.cxt 
\o Loading pte2.cxt 
\o Loading xlUI.cxt 
\o Loading auCore.cxt 
\o Loading vhdl.cxt 
\o Loading seismic.cxt 
\o Loading ci.cxt 
\o Loading ams.cxt 
\o Loading oasis.cxt 
\o Loading analog.cxt 
\o Loading asimenv.cxt 
\o Loading dal.cxt 
\o Loading awv.cxt 
\o Loading socket.cxt 
\o Loading par.cxt 
\o Loading alvs.cxt 
\o Loading caa.cxt 
\o Loading amps.cxt 
\o Loading adexlCore.cxt 
\o Loading adexl.cxt 
\o *Info*    Exporting services from client ... 
\o 
\o Loading adexlDM.cxt 
\o Loading cpf.cxt 
\o Loading cli.cxt 
\o Loading lp.cxt 
\o INFO (ELI-00302) Connecting to parent process (session=virtuoso3187, host=pc-klas1-11.esat.kuleuven.be). Connection mode is ICRP. Total timeout is 180 seconds. Connection timeout is 90 seconds.
\o INFO (ELI-00303) Step 1: Connecting to parent. Time spent is 0 seconds.
\o INFO (ELI-00304) The registration of the child 30804 within 90 seconds is being processed...
\o INFO (ELI-00305) The result of registration is true. Time spent is 0 seconds.
\o INFO (ELI-00308) The connection has ended. Result is true. Total time spent is 0 seconds.
\# [12:13:57.458650] Configured Lic search path (22.01-s002): 27002@license-extern.esat.kuleuven.be:/esat/micas-data/software/Cadence/ic_6.1.8.310/share/license/license.dat
\# Memory report: using         266 MB, process size 1,816 MB at UTC 2025.03.11 11:14:00.784
\o *Info*    Client has finished starting ... 
\o 
\o Loading vdsil.cxt 
\p > 
\# Loading perfDiag...
\# (PerfDiag): Set GDB path to environment variable 'gdbPath' (gdb).
\w *WARNING* (PerfDiag): The GDB command 'gdb' is not found or is invalid.
\# Performance Diagnostic tool is installed. You can access PerfDiag from CIW Tools or use the shell command 'cdsPerfDiag -p 30804' to open it when Virtuoso freezes.
\# (PerfDiag): Use backtrace from GLIBC.
\w *WARNING* (PerfDiag): The GDB-related functionality has been disabled. Use the 'gdbPath' environment variable to set a valid GDB path or set one of the SHELL environment variables CDS_DEBUGGER, DEBUGGER, or GDB, and restart Virtuoso.
\# Available memory:         42,677 MB at UTC 2025.03.11 11:14:08.170
\# Memory report: Maximum memory size now 42,963 MB at UTC 2025.03.11 11:14:08.170
\# Thread usage report: 18 active threads, active load 1.40 at UTC 2025.03.11 11:14:08.170
\o Loading vqp.cxt 
\o Loading hdlPkg.cxt 
\o 
\o 
\o *Info*    Configuring the session ...
\o 
\o Loading simui.cxt 
\o 	Library      = DAMSIC
\o 	Cell         = gmoverid_plots
\o 	View         = schematic
\o 	Simulator    = spectre
\o 	State Path   = $AXL_SETUPDB_DIR/test_states
\o 	State Name   = Interactive.0
\o 	Results DB   = /users/students/r0884392/Documents/DAMSIC_project/DAMSIC2025_work/DAMSIC/gmoverid_plots/maestro/results/maestro/Interactive.0.rdb
\o 	Results Dir  = /users/students/r0884392/simulation/DAMSIC/gmoverid_plots/maestro/results/maestro/Interactive.0/1/DAMSIC_2023_gmoverid_plots_1
\o 	Results Loc  = /users/students/r0884392/simulation/DAMSIC/gmoverid_plots/maestro/results/maestro
\o 	Project Dir  = /users/students/r0884392/simulation
\o 	Setup DB loc = /users/students/r0884392/Documents/DAMSIC_project/DAMSIC2025_work/DAMSIC/gmoverid_plots/maestro
\o 	File Encoding = 0
\o 
\o 
\o Loading viva.cxt 
\o Loading gpdk045/libInit.il ...
\o 	Loading gpdk045/loadCxt.ile ... done!
\o 	Loading context 'gpdk045' from library 'gpdk045' ... done!
\o 	Loading context 'pdkUtils' from library 'gpdk045' ... done!
\e 	Loading gpdk045/gpdk045_customFilter.il ... *Error* eval: unbound variable - axlRegisterCustomDeviceFilter
\o failed!
\o 	Loading gpdk045/libInitCustomExit.il ... 
\o 	Loading Environment Settings ...
\o 	Loading Model Management File ...
\o Loading spectrei.cxt 
\o Loading devCheck.cxt 
\o Loading relXpert.cxt 
\o Loading hspiceD.cxt 
\o Loading spectreinl.cxt 
\o Loading UltraSim.cxt 
\o Loading msgHandler.cxt 
\o Loading AMSOSS.cxt 
\o Loading AMS.cxt 
\o 	Loading gpdk045/gpdk045_PDKRegistrations.il ... done!
\o 
\o   *************************************************************           
\o   *              Cadence Design Systems, Inc.                 *           
\o   *                                                           *           
\o   *                    Generic 45nm PDK                       *           
\o   *                        (gpdk045)                          *           
\o   *                                                           *           
\o   *************************************************************           
\o 	
\o 
\o 	VERSION: 4.0 (17-June-2014)
\o 
\o done!
\# Memory report: using         389 MB, process size 1,940 MB at UTC 2025.03.11 11:14:13.298
\o Failed to load gpdk045/libInit.il successfully!INFO (ADE-5024): Simulation will use spectre batch mode because the GCC version used by Spectre and Virtuoso are not compatible.
\o 
\o *Info*    The auto suspension is disabled.
\o 
\o Loading monte.cxt 
\o *Info*    Run start for points ((0 1) (0 2) (0 3) (0 4) (0 5) (0 6)
\o           (0 7) (0 8) (0 9) (0 10) (0 11) (0 12) (0 13) (0 14) (0 15)
\o           (0 16) (0 17) (0 18) (0 19) (0 20))
\o 
\o 
\o 
\o 
\o 
\o 
\o *Info*    Run start for Point ID (0 1) on testbench [
\o           DAMSIC_2023_gmoverid_plots_1 ].
\o 
\o Resetting statistical vars
\o 
\o *Info*    Setting parameter values ...
\o 
\o Setting var Ln = "45n"
\o Setting var Lp = "45n"
\o Setting var NFn = "10"
\o Setting var NFp = "10"
\o Setting var VDSn = "500m"
\o Setting var VDSp = "-500m"
\o Setting var VGSn = "500m"
\o Setting var VGSp = "-500m"
\o Setting var VSBn = "0"
\o Setting var VSBp = "0"
\o Setting var WFn = "1.5u"
\o Setting var WFp = "1.5u"
\o Setting temp(T) = 27
\o 
\o *Info*    Netlist Directory =
\o           /users/students/r0884392/simulation/DAMSIC/gmoverid_plots/maestro/results/maestro/Interactive.0/1/DAMSIC_2023_gmoverid_plots_1/netlist
\o 
\o 
\o *Info*    Data Directory    =
\o           /users/students/r0884392/simulation/DAMSIC/gmoverid_plots/maestro/results/maestro/Interactive.0/1/DAMSIC_2023_gmoverid_plots_1
\o 
\o 
\o *Info*    Creating Netlist for Point ID (0 1)
\o 
\o generate netlist...
\o Loading hnlInit.cxt 
\o Loading seCore.cxt 
\# [12:14:14.034040] periodic Lic check successful
\# [12:14:14.034043] Feature usage summary:
\o Begin Incremental Netlisting Mar 11 12:14:14 2025
\o Loading json.cxt 
\o End netlisting Mar 11 12:14:14 2025
\o 
\o Netlisting Statistics:
\o 	Number of components:    8
\o 
\o 	Elapsed time:          0.0s
\o Errors: 0	Warnings: 0
\o       ...successful.
\o compose simulator input file...
\o       ...successful.
\o 
\o *Info*    Running simulation on testbench [
\o           DAMSIC_2023_gmoverid_plots_1 ] for Point ID (0 1).
\o 
\o Delete psf data in /users/students/r0884392/simulation/DAMSIC/gmoverid_plots/maestro/results/maestro/Interactive.0/1/DAMSIC_2023_gmoverid_plots_1/psf.
\o compose simulator input file...
\o       ...successful.
\o start simulator if needed...
\o       ...successful.
\o simulate...
\o To view the simulator output, right-click on the test name, result 
\o name, or any value in the "Results" tab of the Outputs section and 
\o choose "Output Log" menu option.
\o Loading paraplot.cxt 
\o INFO (ADE-3071): Simulation completed successfully.
\o reading simulation data...
\o       ...successful.
\o *Info*    Client has finished evaluating ... 
\o 
\o 
\o *Info*    Run complete for Point ID (0 1) on testbench [
\o           DAMSIC_2023_gmoverid_plots_1 ].
\o 
\o 
\o 
\o 
\o 
\o 
\o 
\o 
\o 
\o 
\o *Info*    Run start for Point ID (0 2) on testbench [
\o           DAMSIC_2023_gmoverid_plots_1 ].
\o 
\o Resetting statistical vars
\o 
\o *Info*    Setting parameter values ...
\o 
\o Setting var Ln = "95n"
\o 
\o *Info*    Netlist Directory =
\o           /users/students/r0884392/simulation/DAMSIC/gmoverid_plots/maestro/results/maestro/Interactive.0/2/DAMSIC_2023_gmoverid_plots_1/netlist
\o 
\o 
\o *Info*    Data Directory    =
\o           /users/students/r0884392/simulation/DAMSIC/gmoverid_plots/maestro/results/maestro/Interactive.0/2/DAMSIC_2023_gmoverid_plots_1
\o 
\o 
\o *Info*    Creating Netlist for Point ID (0 2)
\o 
\o generate netlist...
\o Begin Incremental Netlisting Mar 11 12:14:16 2025
\o End netlisting Mar 11 12:14:16 2025
\o 
\o 	The netlist is up to date.
\o 	Time taken to compare the design with netlist:   0.0s
\o       ...successful.
\o compose simulator input file...
\o       ...successful.
\o 
\o *Info*    Running simulation on testbench [
\o           DAMSIC_2023_gmoverid_plots_1 ] for Point ID (0 2).
\o 
\o Delete psf data in /users/students/r0884392/simulation/DAMSIC/gmoverid_plots/maestro/results/maestro/Interactive.0/2/DAMSIC_2023_gmoverid_plots_1/psf.
\o compose simulator input file...
\o       ...successful.
\o start simulator if needed...
\o       ...successful.
\o simulate...
\o To view the simulator output, right-click on the test name, result 
\o name, or any value in the "Results" tab of the Outputs section and 
\o choose "Output Log" menu option.
\o INFO (ADE-3071): Simulation completed successfully.
\o reading simulation data...
\o       ...successful.
\o *Info*    Client has finished evaluating ... 
\o 
\o 
\o *Info*    Run complete for Point ID (0 2) on testbench [
\o           DAMSIC_2023_gmoverid_plots_1 ].
\o 
\o 
\o 
\o 
\o 
\o 
\o 
\o 
\o 
\o 
\o *Info*    Run start for Point ID (0 3) on testbench [
\o           DAMSIC_2023_gmoverid_plots_1 ].
\o 
\o Resetting statistical vars
\o 
\o *Info*    Setting parameter values ...
\o 
\o Setting var Ln = "145n"
\o 
\o *Info*    Netlist Directory =
\o           /users/students/r0884392/simulation/DAMSIC/gmoverid_plots/maestro/results/maestro/Interactive.0/3/DAMSIC_2023_gmoverid_plots_1/netlist
\o 
\o 
\o *Info*    Data Directory    =
\o           /users/students/r0884392/simulation/DAMSIC/gmoverid_plots/maestro/results/maestro/Interactive.0/3/DAMSIC_2023_gmoverid_plots_1
\o 
\o 
\o *Info*    Creating Netlist for Point ID (0 3)
\o 
\o generate netlist...
\o Begin Incremental Netlisting Mar 11 12:14:17 2025
\o End netlisting Mar 11 12:14:17 2025
\o 
\o 	The netlist is up to date.
\o 	Time taken to compare the design with netlist:   0.0s
\o       ...successful.
\o compose simulator input file...
\o       ...successful.
\o 
\o *Info*    Running simulation on testbench [
\o           DAMSIC_2023_gmoverid_plots_1 ] for Point ID (0 3).
\o 
\o Delete psf data in /users/students/r0884392/simulation/DAMSIC/gmoverid_plots/maestro/results/maestro/Interactive.0/3/DAMSIC_2023_gmoverid_plots_1/psf.
\o compose simulator input file...
\o       ...successful.
\o start simulator if needed...
\o       ...successful.
\o simulate...
\o To view the simulator output, right-click on the test name, result 
\o name, or any value in the "Results" tab of the Outputs section and 
\o choose "Output Log" menu option.
\o INFO (ADE-3071): Simulation completed successfully.
\o reading simulation data...
\o       ...successful.
\o *Info*    Client has finished evaluating ... 
\o 
\o 
\o *Info*    Run complete for Point ID (0 3) on testbench [
\o           DAMSIC_2023_gmoverid_plots_1 ].
\o 
\o 
\o 
\o 
\o 
\o 
\o 
\o 
\o 
\o 
\o *Info*    Run start for Point ID (0 4) on testbench [
\o           DAMSIC_2023_gmoverid_plots_1 ].
\o 
\o Resetting statistical vars
\o 
\o *Info*    Setting parameter values ...
\o 
\o Setting var Ln = "195n"
\o 
\o *Info*    Netlist Directory =
\o           /users/students/r0884392/simulation/DAMSIC/gmoverid_plots/maestro/results/maestro/Interactive.0/4/DAMSIC_2023_gmoverid_plots_1/netlist
\o 
\o 
\o *Info*    Data Directory    =
\o           /users/students/r0884392/simulation/DAMSIC/gmoverid_plots/maestro/results/maestro/Interactive.0/4/DAMSIC_2023_gmoverid_plots_1
\o 
\o 
\o *Info*    Creating Netlist for Point ID (0 4)
\o 
\o generate netlist...
\o Begin Incremental Netlisting Mar 11 12:14:18 2025
\o End netlisting Mar 11 12:14:18 2025
\o 
\o 	The netlist is up to date.
\o 	Time taken to compare the design with netlist:   0.0s
\o       ...successful.
\o compose simulator input file...
\o       ...successful.
\o 
\o *Info*    Running simulation on testbench [
\o           DAMSIC_2023_gmoverid_plots_1 ] for Point ID (0 4).
\o 
\o Delete psf data in /users/students/r0884392/simulation/DAMSIC/gmoverid_plots/maestro/results/maestro/Interactive.0/4/DAMSIC_2023_gmoverid_plots_1/psf.
\o compose simulator input file...
\o       ...successful.
\o start simulator if needed...
\o       ...successful.
\o simulate...
\o To view the simulator output, right-click on the test name, result 
\o name, or any value in the "Results" tab of the Outputs section and 
\o choose "Output Log" menu option.
\o INFO (ADE-3071): Simulation completed successfully.
\o reading simulation data...
\o       ...successful.
\o *Info*    Client has finished evaluating ... 
\o 
\o 
\o *Info*    Run complete for Point ID (0 4) on testbench [
\o           DAMSIC_2023_gmoverid_plots_1 ].
\o 
\o 
\o 
\o 
\o 
\o 
\o 
\o 
\o 
\o 
\o *Info*    Run start for Point ID (0 5) on testbench [
\o           DAMSIC_2023_gmoverid_plots_1 ].
\o 
\o Resetting statistical vars
\o 
\o *Info*    Setting parameter values ...
\o 
\o Setting var Ln = "245n"
\o 
\o *Info*    Netlist Directory =
\o           /users/students/r0884392/simulation/DAMSIC/gmoverid_plots/maestro/results/maestro/Interactive.0/5/DAMSIC_2023_gmoverid_plots_1/netlist
\o 
\o 
\o *Info*    Data Directory    =
\o           /users/students/r0884392/simulation/DAMSIC/gmoverid_plots/maestro/results/maestro/Interactive.0/5/DAMSIC_2023_gmoverid_plots_1
\o 
\o 
\o *Info*    Creating Netlist for Point ID (0 5)
\o 
\o generate netlist...
\o Begin Incremental Netlisting Mar 11 12:14:20 2025
\o End netlisting Mar 11 12:14:20 2025
\o 
\o 	The netlist is up to date.
\o 	Time taken to compare the design with netlist:   0.0s
\o       ...successful.
\o compose simulator input file...
\o       ...successful.
\o 
\o *Info*    Running simulation on testbench [
\o           DAMSIC_2023_gmoverid_plots_1 ] for Point ID (0 5).
\o 
\o Delete psf data in /users/students/r0884392/simulation/DAMSIC/gmoverid_plots/maestro/results/maestro/Interactive.0/5/DAMSIC_2023_gmoverid_plots_1/psf.
\o compose simulator input file...
\o       ...successful.
\o start simulator if needed...
\o       ...successful.
\o simulate...
\o To view the simulator output, right-click on the test name, result 
\o name, or any value in the "Results" tab of the Outputs section and 
\o choose "Output Log" menu option.
\o INFO (ADE-3071): Simulation completed successfully.
\o reading simulation data...
\o       ...successful.
\o *Info*    Client has finished evaluating ... 
\o 
\o 
\o *Info*    Run complete for Point ID (0 5) on testbench [
\o           DAMSIC_2023_gmoverid_plots_1 ].
\o 
\o 
\o 
\o 
\o 
\o 
\o 
\o 
\o 
\o 
\o *Info*    Run start for Point ID (0 6) on testbench [
\o           DAMSIC_2023_gmoverid_plots_1 ].
\o 
\o Resetting statistical vars
\o 
\o *Info*    Setting parameter values ...
\o 
\o Setting var Ln = "295n"
\o 
\o *Info*    Netlist Directory =
\o           /users/students/r0884392/simulation/DAMSIC/gmoverid_plots/maestro/results/maestro/Interactive.0/6/DAMSIC_2023_gmoverid_plots_1/netlist
\o 
\o 
\o *Info*    Data Directory    =
\o           /users/students/r0884392/simulation/DAMSIC/gmoverid_plots/maestro/results/maestro/Interactive.0/6/DAMSIC_2023_gmoverid_plots_1
\o 
\o 
\o *Info*    Creating Netlist for Point ID (0 6)
\o 
\o generate netlist...
\o Begin Incremental Netlisting Mar 11 12:14:21 2025
\o End netlisting Mar 11 12:14:21 2025
\o 
\o 	The netlist is up to date.
\o 	Time taken to compare the design with netlist:   0.0s
\o       ...successful.
\o compose simulator input file...
\o       ...successful.
\o 
\o *Info*    Running simulation on testbench [
\o           DAMSIC_2023_gmoverid_plots_1 ] for Point ID (0 6).
\o 
\o Delete psf data in /users/students/r0884392/simulation/DAMSIC/gmoverid_plots/maestro/results/maestro/Interactive.0/6/DAMSIC_2023_gmoverid_plots_1/psf.
\o compose simulator input file...
\o       ...successful.
\o start simulator if needed...
\o       ...successful.
\o simulate...
\o To view the simulator output, right-click on the test name, result 
\o name, or any value in the "Results" tab of the Outputs section and 
\o choose "Output Log" menu option.
\o INFO (ADE-3071): Simulation completed successfully.
\o reading simulation data...
\o       ...successful.
\o *Info*    Client has finished evaluating ... 
\o 
\o 
\o *Info*    Run complete for Point ID (0 6) on testbench [
\o           DAMSIC_2023_gmoverid_plots_1 ].
\o 
\o 
\o 
\o 
\o 
\o 
\o 
\o 
\o 
\o 
\o *Info*    Run start for Point ID (0 7) on testbench [
\o           DAMSIC_2023_gmoverid_plots_1 ].
\o 
\o Resetting statistical vars
\o 
\o *Info*    Setting parameter values ...
\o 
\o Setting var Ln = "345n"
\o 
\o *Info*    Netlist Directory =
\o           /users/students/r0884392/simulation/DAMSIC/gmoverid_plots/maestro/results/maestro/Interactive.0/7/DAMSIC_2023_gmoverid_plots_1/netlist
\o 
\o 
\o *Info*    Data Directory    =
\o           /users/students/r0884392/simulation/DAMSIC/gmoverid_plots/maestro/results/maestro/Interactive.0/7/DAMSIC_2023_gmoverid_plots_1
\o 
\o 
\o *Info*    Creating Netlist for Point ID (0 7)
\o 
\o generate netlist...
\o Begin Incremental Netlisting Mar 11 12:14:23 2025
\o End netlisting Mar 11 12:14:24 2025
\o 
\o 	The netlist is up to date.
\o 	Time taken to compare the design with netlist:   1.0s
\o       ...successful.
\o compose simulator input file...
\o       ...successful.
\o 
\o *Info*    Running simulation on testbench [
\o           DAMSIC_2023_gmoverid_plots_1 ] for Point ID (0 7).
\o 
\o Delete psf data in /users/students/r0884392/simulation/DAMSIC/gmoverid_plots/maestro/results/maestro/Interactive.0/7/DAMSIC_2023_gmoverid_plots_1/psf.
\o compose simulator input file...
\o       ...successful.
\o start simulator if needed...
\o       ...successful.
\o simulate...
\o To view the simulator output, right-click on the test name, result 
\o name, or any value in the "Results" tab of the Outputs section and 
\o choose "Output Log" menu option.
\o INFO (ADE-3071): Simulation completed successfully.
\o reading simulation data...
\o       ...successful.
\o *Info*    Client has finished evaluating ... 
\o 
\o 
\o *Info*    Run complete for Point ID (0 7) on testbench [
\o           DAMSIC_2023_gmoverid_plots_1 ].
\o 
\o 
\o 
\o 
\o 
\o 
\o 
\o 
\o 
\o 
\o *Info*    Run start for Point ID (0 8) on testbench [
\o           DAMSIC_2023_gmoverid_plots_1 ].
\o 
\o Resetting statistical vars
\o 
\o *Info*    Setting parameter values ...
\o 
\o Setting var Ln = "395n"
\o 
\o *Info*    Netlist Directory =
\o           /users/students/r0884392/simulation/DAMSIC/gmoverid_plots/maestro/results/maestro/Interactive.0/8/DAMSIC_2023_gmoverid_plots_1/netlist
\o 
\o 
\o *Info*    Data Directory    =
\o           /users/students/r0884392/simulation/DAMSIC/gmoverid_plots/maestro/results/maestro/Interactive.0/8/DAMSIC_2023_gmoverid_plots_1
\o 
\o 
\o *Info*    Creating Netlist for Point ID (0 8)
\o 
\o generate netlist...
\o Begin Incremental Netlisting Mar 11 12:14:25 2025
\o End netlisting Mar 11 12:14:25 2025
\o 
\o 	The netlist is up to date.
\o 	Time taken to compare the design with netlist:   0.0s
\o       ...successful.
\o compose simulator input file...
\o       ...successful.
\o 
\o *Info*    Running simulation on testbench [
\o           DAMSIC_2023_gmoverid_plots_1 ] for Point ID (0 8).
\o 
\o Delete psf data in /users/students/r0884392/simulation/DAMSIC/gmoverid_plots/maestro/results/maestro/Interactive.0/8/DAMSIC_2023_gmoverid_plots_1/psf.
\o compose simulator input file...
\o       ...successful.
\o start simulator if needed...
\o       ...successful.
\o simulate...
\o To view the simulator output, right-click on the test name, result 
\o name, or any value in the "Results" tab of the Outputs section and 
\o choose "Output Log" menu option.
\o INFO (ADE-3071): Simulation completed successfully.
\o reading simulation data...
\o       ...successful.
\o *Info*    Client has finished evaluating ... 
\o 
\o 
\o *Info*    Run complete for Point ID (0 8) on testbench [
\o           DAMSIC_2023_gmoverid_plots_1 ].
\o 
\o 
\o 
\o 
\o 
\o 
\o 
\o 
\o 
\o 
\o *Info*    Run start for Point ID (0 9) on testbench [
\o           DAMSIC_2023_gmoverid_plots_1 ].
\o 
\o Resetting statistical vars
\o 
\o *Info*    Setting parameter values ...
\o 
\o Setting var Ln = "445n"
\o 
\o *Info*    Netlist Directory =
\o           /users/students/r0884392/simulation/DAMSIC/gmoverid_plots/maestro/results/maestro/Interactive.0/9/DAMSIC_2023_gmoverid_plots_1/netlist
\o 
\o 
\o *Info*    Data Directory    =
\o           /users/students/r0884392/simulation/DAMSIC/gmoverid_plots/maestro/results/maestro/Interactive.0/9/DAMSIC_2023_gmoverid_plots_1
\o 
\o 
\o *Info*    Creating Netlist for Point ID (0 9)
\o 
\o generate netlist...
\o Begin Incremental Netlisting Mar 11 12:14:28 2025
\o End netlisting Mar 11 12:14:28 2025
\o 
\o 	The netlist is up to date.
\o 	Time taken to compare the design with netlist:   0.0s
\o       ...successful.
\o compose simulator input file...
\o       ...successful.
\o 
\o *Info*    Running simulation on testbench [
\o           DAMSIC_2023_gmoverid_plots_1 ] for Point ID (0 9).
\o 
\o Delete psf data in /users/students/r0884392/simulation/DAMSIC/gmoverid_plots/maestro/results/maestro/Interactive.0/9/DAMSIC_2023_gmoverid_plots_1/psf.
\o compose simulator input file...
\o       ...successful.
\o start simulator if needed...
\o       ...successful.
\o simulate...
\o To view the simulator output, right-click on the test name, result 
\o name, or any value in the "Results" tab of the Outputs section and 
\o choose "Output Log" menu option.
\o INFO (ADE-3071): Simulation completed successfully.
\o reading simulation data...
\o       ...successful.
\o *Info*    Client has finished evaluating ... 
\o 
\o 
\o *Info*    Run complete for Point ID (0 9) on testbench [
\o           DAMSIC_2023_gmoverid_plots_1 ].
\o 
\o 
\o 
\o 
\o 
\o 
\o 
\o 
\o 
\o 
\o *Info*    Run start for Point ID (0 10) on testbench [
\o           DAMSIC_2023_gmoverid_plots_1 ].
\o 
\o Resetting statistical vars
\o 
\o *Info*    Setting parameter values ...
\o 
\o Setting var Ln = "495n"
\o 
\o *Info*    Netlist Directory =
\o           /users/students/r0884392/simulation/DAMSIC/gmoverid_plots/maestro/results/maestro/Interactive.0/10/DAMSIC_2023_gmoverid_plots_1/netlist
\o 
\o 
\o *Info*    Data Directory    =
\o           /users/students/r0884392/simulation/DAMSIC/gmoverid_plots/maestro/results/maestro/Interactive.0/10/DAMSIC_2023_gmoverid_plots_1
\o 
\o 
\o *Info*    Creating Netlist for Point ID (0 10)
\o 
\o generate netlist...
\o Begin Incremental Netlisting Mar 11 12:14:29 2025
\o End netlisting Mar 11 12:14:29 2025
\o 
\o 	The netlist is up to date.
\o 	Time taken to compare the design with netlist:   0.0s
\o       ...successful.
\o compose simulator input file...
\o       ...successful.
\o 
\o *Info*    Running simulation on testbench [
\o           DAMSIC_2023_gmoverid_plots_1 ] for Point ID (0 10).
\o 
\o Delete psf data in /users/students/r0884392/simulation/DAMSIC/gmoverid_plots/maestro/results/maestro/Interactive.0/10/DAMSIC_2023_gmoverid_plots_1/psf.
\o compose simulator input file...
\o       ...successful.
\o start simulator if needed...
\o       ...successful.
\o simulate...
\o To view the simulator output, right-click on the test name, result 
\o name, or any value in the "Results" tab of the Outputs section and 
\o choose "Output Log" menu option.
\o INFO (ADE-3071): Simulation completed successfully.
\o reading simulation data...
\o       ...successful.
\o *Info*    Client has finished evaluating ... 
\o 
\o 
\o *Info*    Run complete for Point ID (0 10) on testbench [
\o           DAMSIC_2023_gmoverid_plots_1 ].
\o 
\o 
\o 
\o 
\o 
\o 
\o 
\o 
\o 
\o 
\o *Info*    Run start for Point ID (0 11) on testbench [
\o           DAMSIC_2023_gmoverid_plots_1 ].
\o 
\o Resetting statistical vars
\o 
\o *Info*    Setting parameter values ...
\o 
\o Setting var Ln = "545n"
\o 
\o *Info*    Netlist Directory =
\o           /users/students/r0884392/simulation/DAMSIC/gmoverid_plots/maestro/results/maestro/Interactive.0/11/DAMSIC_2023_gmoverid_plots_1/netlist
\o 
\o 
\o *Info*    Data Directory    =
\o           /users/students/r0884392/simulation/DAMSIC/gmoverid_plots/maestro/results/maestro/Interactive.0/11/DAMSIC_2023_gmoverid_plots_1
\o 
\o 
\o *Info*    Creating Netlist for Point ID (0 11)
\o 
\o generate netlist...
\o Begin Incremental Netlisting Mar 11 12:14:31 2025
\o End netlisting Mar 11 12:14:32 2025
\o 
\o 	The netlist is up to date.
\o 	Time taken to compare the design with netlist:   1.0s
\o       ...successful.
\o compose simulator input file...
\o       ...successful.
\o 
\o *Info*    Running simulation on testbench [
\o           DAMSIC_2023_gmoverid_plots_1 ] for Point ID (0 11).
\o 
\o Delete psf data in /users/students/r0884392/simulation/DAMSIC/gmoverid_plots/maestro/results/maestro/Interactive.0/11/DAMSIC_2023_gmoverid_plots_1/psf.
\o compose simulator input file...
\o       ...successful.
\o start simulator if needed...
\o       ...successful.
\o simulate...
\o To view the simulator output, right-click on the test name, result 
\o name, or any value in the "Results" tab of the Outputs section and 
\o choose "Output Log" menu option.
\o INFO (ADE-3071): Simulation completed successfully.
\o reading simulation data...
\o       ...successful.
\o *Info*    Client has finished evaluating ... 
\o 
\o 
\o *Info*    Run complete for Point ID (0 11) on testbench [
\o           DAMSIC_2023_gmoverid_plots_1 ].
\o 
\o 
\o 
\o 
\o 
\o 
\o 
\o 
\o 
\o 
\o *Info*    Run start for Point ID (0 12) on testbench [
\o           DAMSIC_2023_gmoverid_plots_1 ].
\o 
\o Resetting statistical vars
\o 
\o *Info*    Setting parameter values ...
\o 
\o Setting var Ln = "595n"
\o 
\o *Info*    Netlist Directory =
\o           /users/students/r0884392/simulation/DAMSIC/gmoverid_plots/maestro/results/maestro/Interactive.0/12/DAMSIC_2023_gmoverid_plots_1/netlist
\o 
\o 
\o *Info*    Data Directory    =
\o           /users/students/r0884392/simulation/DAMSIC/gmoverid_plots/maestro/results/maestro/Interactive.0/12/DAMSIC_2023_gmoverid_plots_1
\o 
\o 
\o *Info*    Creating Netlist for Point ID (0 12)
\o 
\o generate netlist...
\o Begin Incremental Netlisting Mar 11 12:14:33 2025
\o End netlisting Mar 11 12:14:33 2025
\o 
\o 	The netlist is up to date.
\o 	Time taken to compare the design with netlist:   0.0s
\o       ...successful.
\o compose simulator input file...
\o       ...successful.
\o 
\o *Info*    Running simulation on testbench [
\o           DAMSIC_2023_gmoverid_plots_1 ] for Point ID (0 12).
\o 
\o Delete psf data in /users/students/r0884392/simulation/DAMSIC/gmoverid_plots/maestro/results/maestro/Interactive.0/12/DAMSIC_2023_gmoverid_plots_1/psf.
\o compose simulator input file...
\o       ...successful.
\o start simulator if needed...
\o       ...successful.
\o simulate...
\o To view the simulator output, right-click on the test name, result 
\o name, or any value in the "Results" tab of the Outputs section and 
\o choose "Output Log" menu option.
\o INFO (ADE-3071): Simulation completed successfully.
\o reading simulation data...
\o       ...successful.
\o *Info*    Client has finished evaluating ... 
\o 
\o 
\o *Info*    Run complete for Point ID (0 12) on testbench [
\o           DAMSIC_2023_gmoverid_plots_1 ].
\o 
\o 
\o 
\o 
\o 
\o 
\o 
\o 
\o 
\o 
\o *Info*    Run start for Point ID (0 13) on testbench [
\o           DAMSIC_2023_gmoverid_plots_1 ].
\o 
\o Resetting statistical vars
\o 
\o *Info*    Setting parameter values ...
\o 
\o Setting var Ln = "645n"
\o 
\o *Info*    Netlist Directory =
\o           /users/students/r0884392/simulation/DAMSIC/gmoverid_plots/maestro/results/maestro/Interactive.0/13/DAMSIC_2023_gmoverid_plots_1/netlist
\o 
\o 
\o *Info*    Data Directory    =
\o           /users/students/r0884392/simulation/DAMSIC/gmoverid_plots/maestro/results/maestro/Interactive.0/13/DAMSIC_2023_gmoverid_plots_1
\o 
\o 
\o *Info*    Creating Netlist for Point ID (0 13)
\o 
\o generate netlist...
\o Begin Incremental Netlisting Mar 11 12:14:34 2025
\o End netlisting Mar 11 12:14:35 2025
\o 
\o 	The netlist is up to date.
\o 	Time taken to compare the design with netlist:   1.0s
\o       ...successful.
\o compose simulator input file...
\o       ...successful.
\o 
\o *Info*    Running simulation on testbench [
\o           DAMSIC_2023_gmoverid_plots_1 ] for Point ID (0 13).
\o 
\o Delete psf data in /users/students/r0884392/simulation/DAMSIC/gmoverid_plots/maestro/results/maestro/Interactive.0/13/DAMSIC_2023_gmoverid_plots_1/psf.
\o compose simulator input file...
\o       ...successful.
\o start simulator if needed...
\o       ...successful.
\o simulate...
\o To view the simulator output, right-click on the test name, result 
\o name, or any value in the "Results" tab of the Outputs section and 
\o choose "Output Log" menu option.
\o INFO (ADE-3071): Simulation completed successfully.
\o reading simulation data...
\o       ...successful.
\o *Info*    Client has finished evaluating ... 
\o 
\o 
\o *Info*    Run complete for Point ID (0 13) on testbench [
\o           DAMSIC_2023_gmoverid_plots_1 ].
\o 
\o 
\o 
\o 
\o 
\o 
\o 
\o 
\o 
\o 
\o *Info*    Run start for Point ID (0 14) on testbench [
\o           DAMSIC_2023_gmoverid_plots_1 ].
\o 
\o Resetting statistical vars
\o 
\o *Info*    Setting parameter values ...
\o 
\o Setting var Ln = "695n"
\o 
\o *Info*    Netlist Directory =
\o           /users/students/r0884392/simulation/DAMSIC/gmoverid_plots/maestro/results/maestro/Interactive.0/14/DAMSIC_2023_gmoverid_plots_1/netlist
\o 
\o 
\o *Info*    Data Directory    =
\o           /users/students/r0884392/simulation/DAMSIC/gmoverid_plots/maestro/results/maestro/Interactive.0/14/DAMSIC_2023_gmoverid_plots_1
\o 
\o 
\o *Info*    Creating Netlist for Point ID (0 14)
\o 
\o generate netlist...
\o Begin Incremental Netlisting Mar 11 12:14:36 2025
\o End netlisting Mar 11 12:14:36 2025
\o 
\o 	The netlist is up to date.
\o 	Time taken to compare the design with netlist:   0.0s
\o       ...successful.
\o compose simulator input file...
\o       ...successful.
\o 
\o *Info*    Running simulation on testbench [
\o           DAMSIC_2023_gmoverid_plots_1 ] for Point ID (0 14).
\o 
\o Delete psf data in /users/students/r0884392/simulation/DAMSIC/gmoverid_plots/maestro/results/maestro/Interactive.0/14/DAMSIC_2023_gmoverid_plots_1/psf.
\o compose simulator input file...
\o       ...successful.
\o start simulator if needed...
\o       ...successful.
\o simulate...
\o To view the simulator output, right-click on the test name, result 
\o name, or any value in the "Results" tab of the Outputs section and 
\o choose "Output Log" menu option.
\o INFO (ADE-3071): Simulation completed successfully.
\o reading simulation data...
\o       ...successful.
\o *Info*    Client has finished evaluating ... 
\o 
\o 
\o *Info*    Run complete for Point ID (0 14) on testbench [
\o           DAMSIC_2023_gmoverid_plots_1 ].
\o 
\o 
\o 
\o 
\o 
\o 
\o 
\o 
\o 
\o 
\o *Info*    Run start for Point ID (0 15) on testbench [
\o           DAMSIC_2023_gmoverid_plots_1 ].
\o 
\o Resetting statistical vars
\o 
\o *Info*    Setting parameter values ...
\o 
\o Setting var Ln = "745n"
\o 
\o *Info*    Netlist Directory =
\o           /users/students/r0884392/simulation/DAMSIC/gmoverid_plots/maestro/results/maestro/Interactive.0/15/DAMSIC_2023_gmoverid_plots_1/netlist
\o 
\o 
\o *Info*    Data Directory    =
\o           /users/students/r0884392/simulation/DAMSIC/gmoverid_plots/maestro/results/maestro/Interactive.0/15/DAMSIC_2023_gmoverid_plots_1
\o 
\o 
\o *Info*    Creating Netlist for Point ID (0 15)
\o 
\o generate netlist...
\o Begin Incremental Netlisting Mar 11 12:14:37 2025
\o End netlisting Mar 11 12:14:37 2025
\o 
\o 	The netlist is up to date.
\o 	Time taken to compare the design with netlist:   0.0s
\o       ...successful.
\o compose simulator input file...
\o       ...successful.
\o 
\o *Info*    Running simulation on testbench [
\o           DAMSIC_2023_gmoverid_plots_1 ] for Point ID (0 15).
\o 
\o Delete psf data in /users/students/r0884392/simulation/DAMSIC/gmoverid_plots/maestro/results/maestro/Interactive.0/15/DAMSIC_2023_gmoverid_plots_1/psf.
\o compose simulator input file...
\o       ...successful.
\o start simulator if needed...
\o       ...successful.
\o simulate...
\o To view the simulator output, right-click on the test name, result 
\o name, or any value in the "Results" tab of the Outputs section and 
\o choose "Output Log" menu option.
\o INFO (ADE-3071): Simulation completed successfully.
\o reading simulation data...
\o       ...successful.
\o *Info*    Client has finished evaluating ... 
\o 
\o 
\o *Info*    Run complete for Point ID (0 15) on testbench [
\o           DAMSIC_2023_gmoverid_plots_1 ].
\o 
\o 
\o 
\o 
\o 
\o 
\o 
\o 
\o 
\o 
\o *Info*    Run start for Point ID (0 16) on testbench [
\o           DAMSIC_2023_gmoverid_plots_1 ].
\o 
\o Resetting statistical vars
\o 
\o *Info*    Setting parameter values ...
\o 
\o Setting var Ln = "795n"
\o 
\o *Info*    Netlist Directory =
\o           /users/students/r0884392/simulation/DAMSIC/gmoverid_plots/maestro/results/maestro/Interactive.0/16/DAMSIC_2023_gmoverid_plots_1/netlist
\o 
\o 
\o *Info*    Data Directory    =
\o           /users/students/r0884392/simulation/DAMSIC/gmoverid_plots/maestro/results/maestro/Interactive.0/16/DAMSIC_2023_gmoverid_plots_1
\o 
\o 
\o *Info*    Creating Netlist for Point ID (0 16)
\o 
\o generate netlist...
\o Begin Incremental Netlisting Mar 11 12:14:39 2025
\o End netlisting Mar 11 12:14:39 2025
\o 
\o 	The netlist is up to date.
\o 	Time taken to compare the design with netlist:   0.0s
\o       ...successful.
\o compose simulator input file...
\o       ...successful.
\o 
\o *Info*    Running simulation on testbench [
\o           DAMSIC_2023_gmoverid_plots_1 ] for Point ID (0 16).
\o 
\o Delete psf data in /users/students/r0884392/simulation/DAMSIC/gmoverid_plots/maestro/results/maestro/Interactive.0/16/DAMSIC_2023_gmoverid_plots_1/psf.
\o compose simulator input file...
\o       ...successful.
\o start simulator if needed...
\o       ...successful.
\o simulate...
\o To view the simulator output, right-click on the test name, result 
\o name, or any value in the "Results" tab of the Outputs section and 
\o choose "Output Log" menu option.
\o INFO (ADE-3071): Simulation completed successfully.
\o reading simulation data...
\o       ...successful.
\o *Info*    Client has finished evaluating ... 
\o 
\o 
\o *Info*    Run complete for Point ID (0 16) on testbench [
\o           DAMSIC_2023_gmoverid_plots_1 ].
\o 
\o 
\o 
\o 
\o 
\o 
\o 
\o 
\o 
\o 
\o *Info*    Run start for Point ID (0 17) on testbench [
\o           DAMSIC_2023_gmoverid_plots_1 ].
\o 
\o Resetting statistical vars
\o 
\o *Info*    Setting parameter values ...
\o 
\o Setting var Ln = "845n"
\o 
\o *Info*    Netlist Directory =
\o           /users/students/r0884392/simulation/DAMSIC/gmoverid_plots/maestro/results/maestro/Interactive.0/17/DAMSIC_2023_gmoverid_plots_1/netlist
\o 
\o 
\o *Info*    Data Directory    =
\o           /users/students/r0884392/simulation/DAMSIC/gmoverid_plots/maestro/results/maestro/Interactive.0/17/DAMSIC_2023_gmoverid_plots_1
\o 
\o 
\o *Info*    Creating Netlist for Point ID (0 17)
\o 
\o generate netlist...
\o Begin Incremental Netlisting Mar 11 12:14:40 2025
\o End netlisting Mar 11 12:14:40 2025
\o 
\o 	The netlist is up to date.
\o 	Time taken to compare the design with netlist:   0.0s
\o       ...successful.
\o compose simulator input file...
\o       ...successful.
\o 
\o *Info*    Running simulation on testbench [
\o           DAMSIC_2023_gmoverid_plots_1 ] for Point ID (0 17).
\o 
\o Delete psf data in /users/students/r0884392/simulation/DAMSIC/gmoverid_plots/maestro/results/maestro/Interactive.0/17/DAMSIC_2023_gmoverid_plots_1/psf.
\o compose simulator input file...
\o       ...successful.
\o start simulator if needed...
\o       ...successful.
\o simulate...
\o To view the simulator output, right-click on the test name, result 
\o name, or any value in the "Results" tab of the Outputs section and 
\o choose "Output Log" menu option.
\o INFO (ADE-3071): Simulation completed successfully.
\o reading simulation data...
\o       ...successful.
\o *Info*    Client has finished evaluating ... 
\o 
\o 
\o *Info*    Run complete for Point ID (0 17) on testbench [
\o           DAMSIC_2023_gmoverid_plots_1 ].
\o 
\o 
\o 
\o 
\o 
\o 
\o 
\o 
\o 
\o 
\o *Info*    Run start for Point ID (0 18) on testbench [
\o           DAMSIC_2023_gmoverid_plots_1 ].
\o 
\o Resetting statistical vars
\o 
\o *Info*    Setting parameter values ...
\o 
\o Setting var Ln = "895n"
\o 
\o *Info*    Netlist Directory =
\o           /users/students/r0884392/simulation/DAMSIC/gmoverid_plots/maestro/results/maestro/Interactive.0/18/DAMSIC_2023_gmoverid_plots_1/netlist
\o 
\o 
\o *Info*    Data Directory    =
\o           /users/students/r0884392/simulation/DAMSIC/gmoverid_plots/maestro/results/maestro/Interactive.0/18/DAMSIC_2023_gmoverid_plots_1
\o 
\o 
\o *Info*    Creating Netlist for Point ID (0 18)
\o 
\o generate netlist...
\o Begin Incremental Netlisting Mar 11 12:14:41 2025
\o End netlisting Mar 11 12:14:41 2025
\o 
\o 	The netlist is up to date.
\o 	Time taken to compare the design with netlist:   0.0s
\o       ...successful.
\o compose simulator input file...
\o       ...successful.
\o 
\o *Info*    Running simulation on testbench [
\o           DAMSIC_2023_gmoverid_plots_1 ] for Point ID (0 18).
\o 
\o Delete psf data in /users/students/r0884392/simulation/DAMSIC/gmoverid_plots/maestro/results/maestro/Interactive.0/18/DAMSIC_2023_gmoverid_plots_1/psf.
\o compose simulator input file...
\o       ...successful.
\o start simulator if needed...
\o       ...successful.
\o simulate...
\o To view the simulator output, right-click on the test name, result 
\o name, or any value in the "Results" tab of the Outputs section and 
\o choose "Output Log" menu option.
\o INFO (ADE-3071): Simulation completed successfully.
\o reading simulation data...
\o       ...successful.
\o *Info*    Client has finished evaluating ... 
\o 
\o 
\o *Info*    Run complete for Point ID (0 18) on testbench [
\o           DAMSIC_2023_gmoverid_plots_1 ].
\o 
\o 
\o 
\o 
\o 
\o 
\o 
\o 
\o 
\o 
\o *Info*    Run start for Point ID (0 19) on testbench [
\o           DAMSIC_2023_gmoverid_plots_1 ].
\o 
\o Resetting statistical vars
\o 
\o *Info*    Setting parameter values ...
\o 
\o Setting var Ln = "945n"
\o 
\o *Info*    Netlist Directory =
\o           /users/students/r0884392/simulation/DAMSIC/gmoverid_plots/maestro/results/maestro/Interactive.0/19/DAMSIC_2023_gmoverid_plots_1/netlist
\o 
\o 
\o *Info*    Data Directory    =
\o           /users/students/r0884392/simulation/DAMSIC/gmoverid_plots/maestro/results/maestro/Interactive.0/19/DAMSIC_2023_gmoverid_plots_1
\o 
\o 
\o *Info*    Creating Netlist for Point ID (0 19)
\o 
\o generate netlist...
\o Begin Incremental Netlisting Mar 11 12:14:43 2025
\o End netlisting Mar 11 12:14:43 2025
\o 
\o 	The netlist is up to date.
\o 	Time taken to compare the design with netlist:   0.0s
\o       ...successful.
\o compose simulator input file...
\o       ...successful.
\o 
\o *Info*    Running simulation on testbench [
\o           DAMSIC_2023_gmoverid_plots_1 ] for Point ID (0 19).
\o 
\o Delete psf data in /users/students/r0884392/simulation/DAMSIC/gmoverid_plots/maestro/results/maestro/Interactive.0/19/DAMSIC_2023_gmoverid_plots_1/psf.
\o compose simulator input file...
\o       ...successful.
\o start simulator if needed...
\o       ...successful.
\o simulate...
\o To view the simulator output, right-click on the test name, result 
\o name, or any value in the "Results" tab of the Outputs section and 
\o choose "Output Log" menu option.
\o INFO (ADE-3071): Simulation completed successfully.
\o reading simulation data...
\o       ...successful.
\o *Info*    Client has finished evaluating ... 
\o 
\o 
\o *Info*    Run complete for Point ID (0 19) on testbench [
\o           DAMSIC_2023_gmoverid_plots_1 ].
\o 
\o 
\o 
\o 
\o 
\o 
\o 
\o 
\o 
\o 
\o *Info*    Run start for Point ID (0 20) on testbench [
\o           DAMSIC_2023_gmoverid_plots_1 ].
\o 
\o Resetting statistical vars
\o 
\o *Info*    Setting parameter values ...
\o 
\o Setting var Ln = "995n"
\o 
\o *Info*    Netlist Directory =
\o           /users/students/r0884392/simulation/DAMSIC/gmoverid_plots/maestro/results/maestro/Interactive.0/20/DAMSIC_2023_gmoverid_plots_1/netlist
\o 
\o 
\o *Info*    Data Directory    =
\o           /users/students/r0884392/simulation/DAMSIC/gmoverid_plots/maestro/results/maestro/Interactive.0/20/DAMSIC_2023_gmoverid_plots_1
\o 
\o 
\o *Info*    Creating Netlist for Point ID (0 20)
\o 
\o generate netlist...
\o Begin Incremental Netlisting Mar 11 12:14:44 2025
\o End netlisting Mar 11 12:14:44 2025
\o 
\o 	The netlist is up to date.
\o 	Time taken to compare the design with netlist:   0.0s
\o       ...successful.
\o compose simulator input file...
\o       ...successful.
\o 
\o *Info*    Running simulation on testbench [
\o           DAMSIC_2023_gmoverid_plots_1 ] for Point ID (0 20).
\o 
\o Delete psf data in /users/students/r0884392/simulation/DAMSIC/gmoverid_plots/maestro/results/maestro/Interactive.0/20/DAMSIC_2023_gmoverid_plots_1/psf.
\o compose simulator input file...
\o       ...successful.
\o start simulator if needed...
\o       ...successful.
\o simulate...
\o To view the simulator output, right-click on the test name, result 
\o name, or any value in the "Results" tab of the Outputs section and 
\o choose "Output Log" menu option.
\o INFO (ADE-3071): Simulation completed successfully.
\o reading simulation data...
\o       ...successful.
\o *Info*    Client has finished evaluating ... 
\o 
\o 
\o *Info*    Run complete for Point ID (0 20) on testbench [
\o           DAMSIC_2023_gmoverid_plots_1 ].
\o 
\o 
\o 
\o 
\o 
\o Simulation design variables differ from those on the cellView,
\o they have been saved in the file "/tmp/saved-design-variables".
\o To save future changes, copy variables to cellView before exiting.
\o 
\o *Info*    Received signal SIGTERM.
\o 
\o 
