*Info*    Exporting services from client ... 

*Info*    Client has finished starting ... 



*Info*    Configuring the session ...

	Library      = DAMSIC
	Cell         = SCAmplifier_trans_twopole
	View         = schematic
	Simulator    = spectre
	State Path   = $AXL_SETUPDB_DIR/test_states
	State Name   = Interactive.0
	Results DB   = /users/students/r0884392/Documents/DAMSIC_project/DAMSIC2025_work/DAMSIC/SCAmplifier_trans_twopole/maestro/results/maestro/Interactive.0.rdb
	Results Dir  = /users/students/r0884392/simulation/DAMSIC/SCAmplifier_trans_twopole/maestro/results/maestro/Interactive.0/1/DAMSIC_SCAmplifier_trans_twopole_1
	Results Loc  = /users/students/r0884392/simulation/DAMSIC/SCAmplifier_trans_twopole/maestro/results/maestro
	Project Dir  = /users/students/r0884392/simulation
	Setup DB loc = /users/students/r0884392/Documents/DAMSIC_project/DAMSIC2025_work/DAMSIC/SCAmplifier_trans_twopole/maestro
	File Encoding = 0


INFO (EXPLORER-5024): Simulation will use spectre batch mode because the GCC version used by Spectre and Virtuoso are not compatible.

*Info*    The auto suspension is disabled.






*Info*    Run start for Point ID (22 1) on testbench [
          DAMSIC_SCAmplifier_trans_twopole_1 ].

Resetting statistical vars

*Info*    Setting parameter values ...

Setting var CP2 = "106.157112526539e-12"
Setting var C_OTA = "100f"
Setting var Cfb = "0.23p"
Setting var Cin = "2.3025p"
Setting var Cl = "2p"
Setting var FPOLE2 = "1.5G"
Setting var INCM = "0.55"
Setting var OUTCMRef = "0.55"
Setting var RSW_OFF = "100G"
Setting var RSW_ON = "10"
Setting var VSW_TH = "0.55"
Setting var Vmax = "100m"
Setting var Vmin = "50m"
Setting var alpha = "0.01"
Setting var fsw = "60M"
Setting var gm_OTA = "13m"
Setting var ro_OTA = "1.5M"
Setting temp(T) = 27
Setting var vdd = "1.1"

*Info*    Netlist Directory =
          /users/students/r0884392/simulation/DAMSIC/SCAmplifier_trans_twopole/maestro/results/maestro/Interactive.0/1/DAMSIC_SCAmplifier_trans_twopole_1/netlist


*Info*    Data Directory    =
          /users/students/r0884392/simulation/DAMSIC/SCAmplifier_trans_twopole/maestro/results/maestro/Interactive.0/1/DAMSIC_SCAmplifier_trans_twopole_1


*Info*    Creating Netlist for Point ID (22 1)

generate netlist...
Begin Incremental Netlisting Mar  8 15:38:21 2025
End netlisting Mar  8 15:38:21 2025

	The netlist is up to date.
	Time taken to compare the design with netlist:   0.0s
      ...successful.
compose simulator input file...
      ...successful.

*Info*    Running simulation on testbench [
          DAMSIC_SCAmplifier_trans_twopole_1 ] for Point ID (22 1).

Delete psf data in /users/students/r0884392/simulation/DAMSIC/SCAmplifier_trans_twopole/maestro/results/maestro/Interactive.0/1/DAMSIC_SCAmplifier_trans_twopole_1/psf.
compose simulator input file...
      ...successful.
start simulator if needed...
      ...successful.
simulate...
To view the simulator output, right-click on the test name, result 
name, or any value in the "Results" tab of the Outputs section and 
choose "Output Log" menu option.
INFO (ADE-3071): Simulation completed successfully.
reading simulation data...
      ...successful.
*Info*    Client has finished evaluating ... 


*Info*    Run complete for Point ID (22 1) on testbench [
          DAMSIC_SCAmplifier_trans_twopole_1 ].





Simulation design variables differ from those on the cellView,
they have been saved in the file "/tmp/saved-design-variables".
To save future changes, copy variables to cellView before exiting.
