*Info*    Exporting services from client ... 

*Info*    Client has finished starting ... 



*Info*    Configuring the session ...

	Library      = DAMSIC
	Cell         = demo_SCAmplifier_STB_TB
	View         = schematic
	Simulator    = spectre
	State Path   = $AXL_SETUPDB_DIR/test_states
	State Name   = Interactive.0
	Results DB   = /users/students/r0884392/Documents/DAMSIC_project/DAMSIC2025_work/DAMSIC/demo_SCAmplifier_STB_TB/maestro/results/maestro/Interactive.0.rdb
	Results Dir  = /users/students/r0884392/simulation/DAMSIC/demo_SCAmplifier_STB_TB/maestro/results/maestro/Interactive.0/1/STB
	Results Loc  = /users/students/r0884392/simulation/DAMSIC/demo_SCAmplifier_STB_TB/maestro/results/maestro
	Project Dir  = /users/students/r0884392/simulation
	Setup DB loc = /users/students/r0884392/Documents/DAMSIC_project/DAMSIC2025_work/DAMSIC/demo_SCAmplifier_STB_TB/maestro
	File Encoding = 0


INFO (EXPLORER-5024): Simulation will use spectre batch mode because the GCC version used by Spectre and Virtuoso are not compatible.

*Info*    The auto suspension is disabled.






*Info*    Run start for Point ID (0 1) on testbench [ STB ].

Resetting statistical vars

*Info*    Setting parameter values ...

Setting var CP2 = "159.235668789809e-12"
Setting var C_OTA = "100f"
Setting var Cfb = "0.23p"
Setting var Cin = "2.34p"
Setting var Cl = "2p"
Setting var F_POLE2 = "1G"
Setting var INCM = "0.55"
Setting var OUTCMRef = "0.55"
Setting var Vin = "0"
Setting var alpha = "0.1"
Setting var fin = "100k"
Setting var fsw = "60M"
Setting var gm_OTA = "9m"
Setting var ro_OTA = "1.5M"
Setting var ron = "5"
Setting temp(T) = 27
Setting var vdd = "1.1"

*Info*    Netlist Directory =
          /users/students/r0884392/simulation/DAMSIC/demo_SCAmplifier_STB_TB/maestro/results/maestro/Interactive.0/1/STB/netlist


*Info*    Data Directory    =
          /users/students/r0884392/simulation/DAMSIC/demo_SCAmplifier_STB_TB/maestro/results/maestro/Interactive.0/1/STB


*Info*    Creating Netlist for Point ID (0 1)

generate netlist...
Begin Incremental Netlisting Mar  8 16:14:34 2025
WARNING (OSSHNL-225): The design variable 'RSW_OFF', used in the last netlisting session in the current
run directory is not used in this netlisting session. The netlist(s) generated
in the last netlisting session cannot be reused for incremental netlisting.
Therefore re-netlisting the design.

End netlisting Mar  8 16:14:34 2025

	The netlist is up to date.
	Time taken to compare the design with netlist:   1.0s
      ...successful.
compose simulator input file...
      ...successful.

*Info*    Running simulation on testbench [ STB ] for Point ID (0 1).

Delete psf data in /users/students/r0884392/simulation/DAMSIC/demo_SCAmplifier_STB_TB/maestro/results/maestro/Interactive.0/1/STB/psf.
compose simulator input file...
      ...successful.
start simulator if needed...
      ...successful.
simulate...
To view the simulator output, right-click on the test name, result 
name, or any value in the "Results" tab of the Outputs section and 
choose "Output Log" menu option.
INFO (ADE-3067): Errors encountered during simulation. For more information, right-click
        on a test name in the 'Results' tab of the Outputs pane and choose 'Output Log'
        to view the simulation run log.

*Error*   Error ID  = 5011
*Error*   Error Msg = Simulator failed to complete the simulation.

          Error found by spectre during initial setup.
Error found by
          spectre during initial setup.
ERROR (SPECTRE-4080): Cannot
          run the simulation because no components were found in the
          current circuit. Ensure that the components are present in
          the
 design and rerun the simulation. For information on
          available components, use 'spectre -h' at the command line.





Simulation design variables differ from those on the cellView,
they have been saved in the file "/tmp/saved-design-variables".
To save future changes, copy variables to cellView before exiting.
