*Info*    Exporting services from client ... 

*Info*    Client has finished starting ... 



*Info*    Configuring the session ...

	Library      = DAMSIC
	Cell         = demo_SCAmplifier_PNOISE_TB
	View         = schematic
	Simulator    = spectre
	State Path   = $AXL_SETUPDB_DIR/test_states
	State Name   = Interactive.0
	Results DB   = /users/students/r0884392/Documents/DAMSIC_project/DAMSIC2025_work/DAMSIC/demo_SCAmplifier_PNOISE_TB/maestro/results/maestro/Interactive.0.rdb
	Results Dir  = /users/students/r0884392/simulation/DAMSIC/demo_SCAmplifier_PNOISE_TB/maestro/results/maestro/Interactive.0/1/PSS_PNOISE
	Results Loc  = /users/students/r0884392/simulation/DAMSIC/demo_SCAmplifier_PNOISE_TB/maestro/results/maestro
	Project Dir  = /users/students/r0884392/simulation
	Setup DB loc = /users/students/r0884392/Documents/DAMSIC_project/DAMSIC2025_work/DAMSIC/demo_SCAmplifier_PNOISE_TB/maestro
	File Encoding = 0


INFO (EXPLORER-5024): Simulation will use spectre batch mode because the GCC version used by Spectre and Virtuoso are not compatible.

*Info*    The auto suspension is disabled.






*Info*    Run start for Point ID (0 1) on testbench [ PSS_PNOISE ].

Resetting statistical vars

*Info*    Setting parameter values ...

Setting var C_OTA = "100f"
Setting var Cfb = "0.23p"
Setting var Cin = "2.3025p"
Setting var Cl = "2p"
Setting var INCM = "55"
Setting var OUTCMRef = "55"
Setting var Vin = "0"
Setting var alpha = "0.01"
Setting var fin = "500k"
Setting var fsw = "60M"
Setting var gm_OTA = "13m"
Setting var ro_OTA = "1.5M"
Setting var ron = "5"
Setting temp(T) = 27
Setting var vdd = "1.1"

*Info*    Netlist Directory =
          /users/students/r0884392/simulation/DAMSIC/demo_SCAmplifier_PNOISE_TB/maestro/results/maestro/Interactive.0/1/PSS_PNOISE/netlist


*Info*    Data Directory    =
          /users/students/r0884392/simulation/DAMSIC/demo_SCAmplifier_PNOISE_TB/maestro/results/maestro/Interactive.0/1/PSS_PNOISE


*Info*    Creating Netlist for Point ID (0 1)

generate netlist...
Begin Incremental Netlisting Mar  8 16:55:50 2025
ERROR (OSSHNL-109): The cellview 'DAMSIC/demo_SCAmplifier_PNOISE_TB/schematic' has been modified since the last extraction. Validate
that the schematic is correct and run Check and Save to correct this error.

End netlisting Mar  8 16:55:50 2025
ERROR (OSSHNL-514): Netlist generation failed because of the errors reported above. The netlist might not have been generated at all, or the generated netlist could be corrupt. Fix the reported errors and regenerate the netlist.
      ...unsuccessful.

*Error*   Error ID  = 5012
*Error*   Error Msg = Failed to create netlist.









*Info*    Run start for Point ID (0 1) on testbench [ PSS_PNOISE ].

Resetting statistical vars

*Info*    Setting parameter values ...

Setting var C_OTA = "100f"
Setting var Cfb = "0.23p"
Setting var Cin = "2.3025p"
Setting var Cl = "2p"
Setting var INCM = "55"
Setting var OUTCMRef = "55"
Setting var Vin = "0"
Setting var alpha = "0.01"
Setting var fin = "500k"
Setting var fsw = "60M"
Setting var gm_OTA = "13m"
Setting var ro_OTA = "1.5M"
Setting var ron = "5"
Setting temp(T) = 27
Setting var vdd = "1.1"

*Info*    Netlist Directory =
          /users/students/r0884392/simulation/DAMSIC/demo_SCAmplifier_PNOISE_TB/maestro/results/maestro/Interactive.0/1/PSS_PNOISE/netlist


*Info*    Data Directory    =
          /users/students/r0884392/simulation/DAMSIC/demo_SCAmplifier_PNOISE_TB/maestro/results/maestro/Interactive.0/1/PSS_PNOISE


*Info*    Creating Netlist for Point ID (0 1)

generate netlist...
Begin Incremental Netlisting Mar  8 16:55:51 2025
ERROR (OSSHNL-109): The cellview 'DAMSIC/demo_SCAmplifier_PNOISE_TB/schematic' has been modified since the last extraction. Validate
that the schematic is correct and run Check and Save to correct this error.

End netlisting Mar  8 16:55:51 2025
ERROR (OSSHNL-514): Netlist generation failed because of the errors reported above. The netlist might not have been generated at all, or the generated netlist could be corrupt. Fix the reported errors and regenerate the netlist.
      ...unsuccessful.

*Error*   Error ID  = 5012
*Error*   Error Msg = Failed to create netlist.




Simulation design variables differ from those on the cellView,
they have been saved in the file "/tmp/saved-design-variables".
To save future changes, copy variables to cellView before exiting.
