*Info*    Exporting services from client ... 

*Info*    Client has finished starting ... 



*Info*    Configuring the session ...

	Library      = DAMSIC
	Cell         = symmetric_OTA_SpecTb
	View         = schematic
	Simulator    = spectre
	State Path   = $AXL_SETUPDB_DIR/test_states
	State Name   = Interactive.0
	Results DB   = /users/students/r1017765/Documents/DAMSIC_project/DAMSIC2025_work/DAMSIC/symmetric_OTA_SpecTb/maestro/results/maestro/Interactive.0.rdb
	Results Dir  = /users/students/r1017765/simulation/DAMSIC/symmetric_OTA_SpecTb/maestro/results/maestro/Interactive.0/1/DAMSIC_symmetric_OTA_SpecTb_1
	Results Loc  = /users/students/r1017765/simulation/DAMSIC/symmetric_OTA_SpecTb/maestro/results/maestro
	Project Dir  = /users/students/r1017765/simulation
	Setup DB loc = /users/students/r1017765/Documents/DAMSIC_project/DAMSIC2025_work/DAMSIC/symmetric_OTA_SpecTb/maestro
	File Encoding = 0


INFO (EXPLORER-5024): Simulation will use spectre batch mode because the GCC version used by Spectre and Virtuoso are not compatible.

*Info*    The auto suspension is disabled.






*Info*    Run start for Point ID (16 1) on testbench [
          DAMSIC_symmetric_OTA_SpecTb_1 ].

Resetting statistical vars

*Info*    Setting parameter values ...

Setting var INCM = "0.55"
Setting var b4 = "1"
Setting var b5 = "0.1"
Setting var b6 = "0.476"
Setting var diffBias = "0.7"
Setting var length = "90n"
Setting var nf_Bias = "4000"
Setting var nf_Inp = "600"
Setting var nf_M2 = "300"
Setting var nf_M3 = "900"
Setting var nf_M4 = "100"
Setting var nf_M5 = "500"
Setting var nf_M6 = "100"
Setting temp(T) = 27

*Info*    Netlist Directory =
          /users/students/r1017765/simulation/DAMSIC/symmetric_OTA_SpecTb/maestro/results/maestro/Interactive.0/1/DAMSIC_symmetric_OTA_SpecTb_1/netlist


*Info*    Data Directory    =
          /users/students/r1017765/simulation/DAMSIC/symmetric_OTA_SpecTb/maestro/results/maestro/Interactive.0/1/DAMSIC_symmetric_OTA_SpecTb_1


*Info*    Creating Netlist for Point ID (16 1)

generate netlist...
Begin Incremental Netlisting Mar 22 20:01:32 2025
End netlisting Mar 22 20:01:32 2025

	The netlist is up to date.
	Time taken to compare the design with netlist:   1.0s
      ...successful.
compose simulator input file...
      ...successful.

*Info*    Running simulation on testbench [
          DAMSIC_symmetric_OTA_SpecTb_1 ] for Point ID (16 1).

Delete psf data in /users/students/r1017765/simulation/DAMSIC/symmetric_OTA_SpecTb/maestro/results/maestro/Interactive.0/1/DAMSIC_symmetric_OTA_SpecTb_1/psf.
compose simulator input file...
      ...successful.
start simulator if needed...
      ...successful.
simulate...
To view the simulator output, right-click on the test name, result 
name, or any value in the "Results" tab of the Outputs section and 
choose "Output Log" menu option.
INFO (ADE-3071): Simulation completed successfully.
reading simulation data...
      ...successful.
*Info*    Client has finished evaluating ... 

ERROR (EXPLORER-2709): Evaluation of output 'OP("/I0/PM6" "region")' returned 'nil' for point:'1' test:'DAMSIC_symmetric_OTA_SpecTb_1'
	Expression:'OP("/I0/PM6" "region")'.
Ensure that the definition of output is correct.

ERROR (EXPLORER-2709): Evaluation of output 'OP("/I0/PM5" "region")' returned 'nil' for point:'1' test:'DAMSIC_symmetric_OTA_SpecTb_1'
	Expression:'OP("/I0/PM5" "region")'.
Ensure that the definition of output is correct.

ERROR (EXPLORER-2709): Evaluation of output 'OP("/I0/NM4" "region")' returned 'nil' for point:'1' test:'DAMSIC_symmetric_OTA_SpecTb_1'
	Expression:'OP("/I0/NM4" "region")'.
Ensure that the definition of output is correct.

ERROR (EXPLORER-2709): Evaluation of output 'OP("/I0/NM3" "region")' returned 'nil' for point:'1' test:'DAMSIC_symmetric_OTA_SpecTb_1'
	Expression:'OP("/I0/NM3" "region")'.
Ensure that the definition of output is correct.


*Info*    Run complete for Point ID (16 1) on testbench [
          DAMSIC_symmetric_OTA_SpecTb_1 ].





Simulation design variables differ from those on the cellView,
they have been saved in the file "/tmp/saved-design-variables".
To save future changes, copy variables to cellView before exiting.
