*Info*    Exporting services from client ... 

*Info*    Client has finished starting ... 



*Info*    Configuring the session ...

	Library      = DAMSIC
	Cell         = symmetric_OTA_gain_boosted_PAC_TB
	View         = schematic
	Simulator    = spectre
	State Path   = $AXL_SETUPDB_DIR/test_states
	State Name   = Interactive.0
	Results DB   = /users/students/r1017765/Documents/DAMSIC_project/DAMSIC2025_work/DAMSIC/symmetric_OTA_gain_boosted_PAC_TB/maestro/results/maestro/Interactive.0.rdb
	Results Dir  = /users/students/r1017765/simulation/DAMSIC/symmetric_OTA_gain_boosted_PAC_TB/maestro/results/maestro/Interactive.0/1/DAMSIC_symmetric_OTA_gain_boosted_PAC_TB_1
	Results Loc  = /users/students/r1017765/simulation/DAMSIC/symmetric_OTA_gain_boosted_PAC_TB/maestro/results/maestro
	Project Dir  = /users/students/r1017765/simulation
	Setup DB loc = /users/students/r1017765/Documents/DAMSIC_project/DAMSIC2025_work/DAMSIC/symmetric_OTA_gain_boosted_PAC_TB/maestro
	File Encoding = 0


INFO (EXPLORER-5024): Simulation will use spectre batch mode because the GCC version used by Spectre and Virtuoso are not compatible.

*Info*    The auto suspension is disabled.






*Info*    Run start for Point ID (3 1) on testbench [
          DAMSIC_symmetric_OTA_gain_boosted_PAC_TB_1 ].

Resetting statistical vars

*Info*    Setting parameter values ...

Setting var Cfb = "0.23p"
Setting var Cin = "2.34p"
Setting var Cl = "2p"
Setting var INCM = "550m"
Setting var VOCMRef = "550m"
Setting var Vin = "0"
Setting var alpha = "0.01"
Setting var curr_b = "300m"
Setting var fin = "0"
Setting var fsw = "100k"
Setting var gb1_dc = "1"
Setting var gb2_dc = "0.2"
Setting var gb_1_C = "135p"
Setting var gb_1_gm = "15m"
Setting var gb_1_ro = "15k"
Setting var gb_2_C = "135p"
Setting var gb_2_gm = "15m"
Setting var gb_2_ro = "15k"
Setting var length = "90n"
Setting var ln0 = "1.8u"
Setting var ln2 = "1u"
Setting var ln3 = "1u"
Setting var ln4 = "1u"
Setting var lp0 = "1u"
Setting var lp1 = "200n"
Setting var mult = "1"
Setting var nf_Bias = "4000"
Setting var nf_Inp = "600"
Setting var nf_M2 = "300"
Setting var nf_M3 = "900"
Setting var nf_M4 = "100"
Setting var nf_M5 = "500"
Setting var nf_M6 = "100"
Setting var nfn0 = "100"
Setting var nfn2 = "1500"
Setting var nfn3 = "100"
Setting var nfn4 = "103"
Setting var nfp0 = "100"
Setting var nfp1 = "100"
Setting var nm3_b = "786m"
Setting var nm4_b = "506m"
Setting var p2_diffbias = "0.7"
Setting var pm0_b = "400m"
Setting var pm1_b = "645m"
Setting temp(T) = 27
Setting var vdd = "1.1"
Setting var wfn0 = "2.5u"
Setting var wfn2 = "10u"
Setting var wfn3 = "1u"
Setting var wfn4 = "1u"
Setting var wfp0 = "1.82u"
Setting var wfp1 = "5.29u"

*Info*    Netlist Directory =
          /users/students/r1017765/simulation/DAMSIC/symmetric_OTA_gain_boosted_PAC_TB/maestro/results/maestro/Interactive.0/1/DAMSIC_symmetric_OTA_gain_boosted_PAC_TB_1/netlist


*Info*    Data Directory    =
          /users/students/r1017765/simulation/DAMSIC/symmetric_OTA_gain_boosted_PAC_TB/maestro/results/maestro/Interactive.0/1/DAMSIC_symmetric_OTA_gain_boosted_PAC_TB_1


*Info*    Creating Netlist for Point ID (3 1)

generate netlist...
Begin Incremental Netlisting Apr 30 02:35:27 2025
End netlisting Apr 30 02:35:27 2025

Netlisting Statistics:
	Number of components:   12

	Elapsed time:          0.0s
Errors: 0	Warnings: 0
      ...successful.
compose simulator input file...
      ...successful.

*Info*    Running simulation on testbench [
          DAMSIC_symmetric_OTA_gain_boosted_PAC_TB_1 ] for Point ID
          (3 1).

Delete psf data in /users/students/r1017765/simulation/DAMSIC/symmetric_OTA_gain_boosted_PAC_TB/maestro/results/maestro/Interactive.0/1/DAMSIC_symmetric_OTA_gain_boosted_PAC_TB_1/psf.
compose simulator input file...
      ...successful.
start simulator if needed...
      ...successful.
simulate...
To view the simulator output, right-click on the test name, result 
name, or any value in the "Results" tab of the Outputs section and 
choose "Output Log" menu option.
INFO (ADE-3067): Errors encountered during simulation. For more information, right-click
        on a test name in the 'Results' tab of the Outputs pane and choose 'Output Log'
        to view the simulation run log.
reading simulation data...
      ...successful.

*Error*   Error ID  = 5011
*Error*   Error Msg = Simulator failed to complete the simulation.

          Error found by spectre at time = 1.76277 us during periodic
          steady state analysis `pss'.
Error found by spectre at time
          = 1.76277 us during periodic steady state analysis
          `pss'.
ERROR (SPECTRE-16192): No convergence achieved with
          the minimum time step specified.  Last acceptable solution
          computed at 887.875 ns.
Error found by spectre.
Error found
          by spectre.
ERROR (SPCRTRF-15024): The pac analysis was
          skipped because a PSS analysis must be run first.





*Info*    Client has finished evaluating ... 

ERROR (EXPLORER-2709): Evaluation of output 'DIFF PAC OUT' returned 'nil' for point:'1' test:'DAMSIC_symmetric_OTA_gain_boosted_PAC_TB_1'
	Expression:'vtime('pss "/phi<2>")'.
Ensure that the definition of output is correct.

ERROR (EXPLORER-2708): Evaluation of output 'CLK_PHI2' failed for point:'1' test:'DAMSIC_symmetric_OTA_gain_boosted_PAC_TB_1'
	Expression:'(vh('pac "/VoutP") - vh('pac "/VoutN"))'
	because of the following error(s)
	*Error* difference: can't handle (nil - nil).
Ensure that the definition of output is correct.


*Info*    Run complete for Point ID (3 1) on testbench [
          DAMSIC_symmetric_OTA_gain_boosted_PAC_TB_1 ].





Simulation design variables differ from those on the cellView,
they have been saved in the file "/tmp/saved-design-variables".
To save future changes, copy variables to cellView before exiting.
