*Info*    Exporting services from client ... 

*Info*    Client has finished starting ... 



*Info*    Configuring the session ...

	Library      = DAMSIC
	Cell         = demo_SCAmplifier_STB_TB
	View         = schematic
	Simulator    = spectre
	State Path   = $AXL_SETUPDB_DIR/test_states
	State Name   = Interactive.0
	Results DB   = /users/students/r0884392/Documents/DAMSIC_project/DAMSIC2025_work/DAMSIC/demo_SCAmplifier_STB_TB/maestro/results/maestro/Interactive.0.rdb
	Results Dir  = /users/students/r0884392/simulation/DAMSIC/demo_SCAmplifier_STB_TB/maestro/results/maestro/Interactive.0/1/STB
	Results Loc  = /users/students/r0884392/simulation/DAMSIC/demo_SCAmplifier_STB_TB/maestro/results/maestro
	Project Dir  = /users/students/r0884392/simulation
	Setup DB loc = /users/students/r0884392/Documents/DAMSIC_project/DAMSIC2025_work/DAMSIC/demo_SCAmplifier_STB_TB/maestro
	File Encoding = 0


INFO (EXPLORER-5024): Simulation will use spectre batch mode because the GCC version used by Spectre and Virtuoso are not compatible.

*Info*    The auto suspension is disabled.






*Info*    Run start for Point ID (0 1) on testbench [ STB ].

Resetting statistical vars

*Info*    Setting parameter values ...

Setting var CP2 = "106.157112526539e-12"
Setting var C_OTA = "100f"
Setting var Cfb = "0.23p"
Setting var Cin = "2.3025p"
Setting var Cl = "2p"
Setting var F_POLE2 = "1.5G"
Setting var INCM = "0.55"
Setting var OUTCMRef = "0.55"
Setting var Vin = "0"
Setting var alpha = "0.1"
Setting var fin = "100k"
Setting var fsw = "60M"
Setting var gm_OTA = "13m"
Setting var ro_OTA = "1.5M"
Setting var ron = "5"
Setting temp(T) = 27
Setting var vdd = "1.1"

*Info*    Netlist Directory =
          /users/students/r0884392/simulation/DAMSIC/demo_SCAmplifier_STB_TB/maestro/results/maestro/Interactive.0/1/STB/netlist


*Info*    Data Directory    =
          /users/students/r0884392/simulation/DAMSIC/demo_SCAmplifier_STB_TB/maestro/results/maestro/Interactive.0/1/STB


*Info*    Creating Netlist for Point ID (0 1)

generate netlist...
Begin Incremental Netlisting May  1 21:13:42 2025
WARNING (OSSHNL-176): Property bag for the cell 'idealSwitch' in library 'DAMSIC', has been modified or added
since the last netlisting session. Therefore, re-netlisting this cell view and
all cell views where this cell is instantiated.

WARNING (OSSHNL-160): The primitive, 'gpdk045/nmos1v_lvt/spectre', was not used in the last netlisting session in this
current run directory. Therefore, re-netlisting all cell views where this
primitive is instantiated.

WARNING (OSSHNL-160): The primitive, 'gpdk045/pmos1v_lvt/spectre', was not used in the last netlisting session in this
current run directory. Therefore, re-netlisting all cell views where this
primitive is instantiated.

End netlisting May  1 21:13:42 2025

Netlisting Statistics:
	Number of components:   53

	Elapsed time:          0.0s
Errors: 0	Warnings: 0
*Warning*	Additional design variables have been found during netlisting.
 		A value is necessary for successful simulation.
		To simulate, assign values to all design variables with 
		the Variables->Edit... menu, and use "Netlist and Run".
      ...successful.
compose simulator input file...
      ...successful.

*Info*    Running simulation on testbench [ STB ] for Point ID (0 1).

Delete psf data in /users/students/r0884392/simulation/DAMSIC/demo_SCAmplifier_STB_TB/maestro/results/maestro/Interactive.0/1/STB/psf.
compose simulator input file...
      ...successful.
start simulator if needed...
      ...successful.
simulate...
To view the simulator output, right-click on the test name, result 
name, or any value in the "Results" tab of the Outputs section and 
choose "Output Log" menu option.
INFO (ADE-3067): Errors encountered during simulation. For more information, right-click
        on a test name in the 'Results' tab of the Outputs pane and choose 'Output Log'
        to view the simulation run log.

*Error*   Error ID  = 5011
*Error*   Error Msg = Simulator failed to complete the simulation.

          Error found by spectre during hierarchy flattening.
Error
          found by spectre during hierarchy flattening.
ERROR
          (SFE-1997): "input.scs" 262: Cannot run the simulation
          because V9: parameter `dc': Cannot run the simulation
          because parameter 'b1' has been use
d but no value has been
          assigned to it. Assign a value to the parameter and rerun
          the simulation.
ERROR (SFE-1997): "input.scs" 263: Cannot
          run the simulation because V8: parameter `dc': Cannot run
          the simulation because parameter 'b5' has been use
d but no
          value has been assigned to it. Assign a value to the
          parameter and rerun the simulation.
ERROR (SFE-1997):
          "input.scs" 264: Cannot run the simulation because V18:
          parameter `dc': Cannot run the simulation because parameter
          'b6' has been us
ed but no value has been assigned to it.
          Assign a value to the parameter and rerun the
          simulation.
Error found by spectre in
          `symmetric_OTA':`I90', during hierarchy flattening.
Error
          found by spectre in `symmetric_OTA':`I90', during hierarchy
          flattening.
ERROR (SFE-1997): "input.scs" 52: Cannot run
          the simulation because I90.NM5: parameter `w': Cannot run
          the simulation because parameter 'mult' has bee
n used but
          no value has been assigned to it. Assign a value to the
          parameter and rerun the simulation.
ERROR (SFE-1997):
          "input.scs" 52: Cannot run the simulation because I90.NM5:
          parameter `l': Cannot run the simulation because parameter
          'length' has b
een used but no value has been assigned to
          it. Assign a value to the parameter and rerun the
          simulation.
ERROR (SFE-1997): "input.scs" 52: Cannot run
          the simulation because I90.NM5: parameter `ad': Cannot run
          the simulation because parameter 'mult' has be
en used but
          no value has been assigned to it. Assign a value to the
          parameter and rerun the simulation.
ERROR (SFE-1997):
          "input.scs" 52: Cannot run the simulation because I90.NM5:
          parameter `as': Cannot run the simulation because parameter
          'mult' has be
en used but no value has been assigned to it.
          Assign a value to the parameter and rerun the
          simulation.
ERROR (SFE-1997): "input.scs" 52: Cannot run
          the simulation because I90.NM5: parameter `pd': Cannot run
          the simulation because parameter 'mult' has be
en used but
          no value has been assigned to it. Assign a value to the
          parameter and rerun the simulation.
ERROR (SFE-1997):
          "input.scs" 52: Cannot run the simulation because I90.NM5:
          parameter `ps': Cannot run the simulation because parameter
          'mult' has be
en used but no value has been assigned to it.
          Assign a value to the parameter and rerun the
          simulation.
ERROR (SFE-1997): "input.scs" 52: Cannot run
          the simulation because I90.NM5: parameter `nrd': Cannot run
          the simulation because parameter 'mult' has b
een used but
          no value has been assigned to it. Assign a value to the
          parameter and rerun the simulation.





Simulation design variables differ from those on the cellView,
they have been saved in the file "/tmp/saved-design-variables".
To save future changes, copy variables to cellView before exiting.
