\# Program start time:     UTC 2025.05.01 20:16:14.192
\# Local time: CEST (UTC+02:00) 2025.05.01 22:16:14.192
\o Program:		@(#)$CDS: virtuoso version 6.1.8-64b 03/14/2023 19:53 (cpgsrv12) $
\o Hierarchy:		/esat/micas-data/software/Cadence/ic_6.1.8.310/tools.lnx86/dfII/
\o Sub version:		sub-version  IC6.1.8-64b.500.31  (64-bit addresses)
\# Command line:	/esat/micas-data/software/Cadence/ic_6.1.8.310/tools.lnx86/dfII/bin/64bit/virtuoso -noautostart -mpssession virtuoso32532 -mpshost pc-klas2-5.esat.kuleuven.be -davinciService DaVinciService_32532_1746107180 -log /users/students/r0884392/Documents/DAMSIC_project/DAMSIC2025_work/logs_r0884392/logs7/Job83.log -licenseLockFileName /users/students/r0884392/Documents/DAMSIC_project/DAMSIC2025_work/.tmp_r0884392/.pc-klas2-5.esat.kuleuven.be_32532 -interactiveA -interactiveE -interactiveRTT -nostdin -nographE -axlChildIdFlag 83
\# Host name (type):	pc-klas2-5.esat.kuleuven.be (x86_64)
\# Operating system:	Linux 5.14.0-503.38.1.el9_5.x86_64 #1 SMP PREEMPT_DYNAMIC Wed Apr 16 16:38:39 UTC 2025
\# Linux /etc/issue:	\S
\# Linux /etc/issue:	Kernel \r on an \m
\# X display name (WxH):	:4024 (1024x868)
\# Available geometry:			TL(0:0) BR(1023:867)
\# X server:			The X.Org Foundation
\# Depth of Visual (Root):	24 (24)
\# Number of Planes Used:	24
\# X version:		11.0 (vendor release 12011000)
\# X resource pool:	base 0x400000, mask 0x1fffff (2097151), shift 0
\# 			current id 0x0, current max 0x1ffffa (2097146)
\# Max data seg size:	     unlimited
\# Max process size:	     unlimited
\# Initial sbrk value:	        641 MB
\# Available memory:	     39,761 MB
\# System memory:	     48,245 MB
\# Maximum memory size:	     47,723 MB
\# Max mem available:	     39,880 MB
\# Initial memory used:	        119 MB
\#        process size:	      1,539 MB
\# Thread usage limits (effective/default):	maxthreads 5166/5166 maxload 12.00/12.00
\# Qt version:		5.9.1
\# Window Manager:	other
\# User Name:		r0884392
\o Working Directory:	pc-klas2-5.esat.kuleuven.be:/users/students/r0884392/Documents/DAMSIC_project/DAMSIC2025_work
\# Process Id:		317136
\o 
\o COPYRIGHT (C) 1992-2023  CADENCE DESIGN SYSTEMS INC.  ALL RIGHTS RESERVED.
\o           (C) 1992-2023  UNIX SYSTEMS Laboratories INC.,
\o                          Reproduced with permission.
\o 
\o This Cadence Design Systems program and online documentation are
\o proprietary/confidential information and may be disclosed/used only
\o as authorized in a license agreement controlling such use and disclosure.
\o 
\o           RESTRICTED RIGHTS NOTICE (SHORT FORM)
\o Use/reproduction/disclosure is subject to restriction
\o set forth at FAR 1252.227-19 or its equivalent.
\o Loading geView.cxt 
\o Loading menuBuilder.cxt 
\o Loading schView.cxt 
\o Loading selectSv.cxt 
\o Loading wireEdit.cxt 
\o Loading pte2.cxt 
\o Loading xlUI.cxt 
\o Loading auCore.cxt 
\o Loading vhdl.cxt 
\o Loading seismic.cxt 
\o Loading ci.cxt 
\o Loading ams.cxt 
\o Loading oasis.cxt 
\o Loading analog.cxt 
\o Loading asimenv.cxt 
\o Loading dal.cxt 
\o Loading awv.cxt 
\o Loading socket.cxt 
\o Loading par.cxt 
\o Loading alvs.cxt 
\o Loading caa.cxt 
\o Loading amps.cxt 
\o Loading adexlCore.cxt 
\# Memory report: using         228 MB, process size 1,772 MB at UTC 2025.05.01 20:16:16.106
\o Loading adexl.cxt 
\o *Info*    Exporting services from client ... 
\o 
\o Loading adexlDM.cxt 
\o Loading cpf.cxt 
\o Loading cli.cxt 
\o Loading lp.cxt 
\o INFO (ELI-00302) Connecting to parent process (session=virtuoso32532, host=pc-klas2-5.esat.kuleuven.be). Connection mode is ICRP. Total timeout is 180 seconds. Connection timeout is 90 seconds.
\o INFO (ELI-00303) Step 1: Connecting to parent. Time spent is 0 seconds.
\o INFO (ELI-00304) The registration of the child 317136 within 90 seconds is being processed...
\o INFO (ELI-00305) The result of registration is true. Time spent is 0 seconds.
\o INFO (ELI-00308) The connection has ended. Result is true. Total time spent is 0 seconds.
\# [22:16:14.458626] Configured Lic search path (22.01-s002): 27002@license-extern.esat.kuleuven.be:/esat/micas-data/software/Cadence/ic_6.1.8.310/share/license/license.dat
\o *Info*    Client has finished starting ... 
\o 
\o Loading vdsil.cxt 
\p > 
\# Loading perfDiag...
\# (PerfDiag): Set GDB path to environment variable 'gdbPath' (gdb).
\w *WARNING* (PerfDiag): The GDB command 'gdb' is not found or is invalid.
\# Performance Diagnostic tool is installed. You can access PerfDiag from CIW Tools or use the shell command 'cdsPerfDiag -p 317136' to open it when Virtuoso freezes.
\# (PerfDiag): Use backtrace from GLIBC.
\w *WARNING* (PerfDiag): The GDB-related functionality has been disabled. Use the 'gdbPath' environment variable to set a valid GDB path or set one of the SHELL environment variables CDS_DEBUGGER, DEBUGGER, or GDB, and restart Virtuoso.
\o Loading vqp.cxt 
\o Loading hdlPkg.cxt 
\o 
\o 
\o *Info*    Configuring the session ...
\o 
\o Loading simui.cxt 
\o 	Library      = DAMSIC
\o 	Cell         = demo_SCAmplifier_STB_TB
\o 	View         = schematic
\o 	Simulator    = spectre
\o 	State Path   = $AXL_SETUPDB_DIR/test_states
\o 	State Name   = Interactive.0
\o 	Results DB   = /users/students/r0884392/Documents/DAMSIC_project/DAMSIC2025_work/DAMSIC/sym_OTA_SCAmplifier_STB_TB/maestro/results/maestro/Interactive.0.rdb
\o 	Results Dir  = /users/students/r0884392/simulation/DAMSIC/sym_OTA_SCAmplifier_STB_TB/maestro/results/maestro/Interactive.0/1/STB
\o 	Results Loc  = /users/students/r0884392/simulation/DAMSIC/sym_OTA_SCAmplifier_STB_TB/maestro/results/maestro
\o 	Project Dir  = /users/students/r0884392/simulation
\o 	Setup DB loc = /users/students/r0884392/Documents/DAMSIC_project/DAMSIC2025_work/DAMSIC/sym_OTA_SCAmplifier_STB_TB/maestro
\o 	File Encoding = 0
\o 
\o 
\o Loading viva.cxt 
\o Loading gpdk045/libInit.il ...
\o 	Loading gpdk045/loadCxt.ile ... done!
\o 	Loading context 'gpdk045' from library 'gpdk045' ... done!
\o 	Loading context 'pdkUtils' from library 'gpdk045' ... done!
\e 	Loading gpdk045/gpdk045_customFilter.il ... *Error* eval: unbound variable - axlRegisterCustomDeviceFilter
\o failed!
\o 	Loading gpdk045/libInitCustomExit.il ... 
\o 	Loading Environment Settings ...
\o 	Loading Model Management File ...
\o Loading spectrei.cxt 
\o Loading devCheck.cxt 
\o Loading relXpert.cxt 
\o Loading hspiceD.cxt 
\o Loading spectreinl.cxt 
\o Loading UltraSim.cxt 
\o Loading msgHandler.cxt 
\o Loading AMSOSS.cxt 
\o Loading AMS.cxt 
\# Available memory:         40,803 MB at UTC 2025.05.01 20:16:24.069
\# Memory report: Maximum memory size now 41,183 MB at UTC 2025.05.01 20:16:24.069
\# Thread usage report: 18 active threads, active load 1.40 at UTC 2025.05.01 20:16:24.069
\# Memory report: using         380 MB, process size 1,931 MB at UTC 2025.05.01 20:16:24.069
\o 	Loading gpdk045/gpdk045_PDKRegistrations.il ... done!
\o 
\o   *************************************************************           
\o   *              Cadence Design Systems, Inc.                 *           
\o   *                                                           *           
\o   *                    Generic 45nm PDK                       *           
\o   *                        (gpdk045)                          *           
\o   *                                                           *           
\o   *************************************************************           
\o 	
\o 
\o 	VERSION: 4.0 (17-June-2014)
\o 
\o done!
\o Failed to load gpdk045/libInit.il successfully!INFO (ADE-5024): Simulation will use spectre batch mode because the GCC version used by Spectre and Virtuoso are not compatible.
\o 
\o *Info*    The auto suspension is disabled.
\o 
\o Loading monte.cxt 
\o 
\o 
\o 
\o 
\o 
\o *Info*    Run start for Point ID (0 1) on testbench [ STB ].
\o 
\o Resetting statistical vars
\o 
\o *Info*    Setting parameter values ...
\o 
\o Setting var CP2 = "106.157112526539e-12"
\o Setting var C_OTA = "100f"
\o Setting var Cfb = "0.23p"
\o Setting var Cin = "2.3025p"
\o Setting var Cl = "2p"
\o Setting var F_POLE2 = "1.5G"
\o Setting var INCM = "0.55"
\o Setting var OUTCMRef = "0.55"
\o Setting var Vin = "0"
\o Setting var alpha = "0.01"
\o Setting var b1 = "700m"
\o Setting var b5 = "1"
\o Setting var b6 = "200m"
\o Setting var fin = "100k"
\o Setting var fsw = "60M"
\o Setting var gm_OTA = "13m"
\o Setting var length = "90n"
\o Setting var mult = "1"
\o Setting var nf_Bias = "4000"
\o Setting var nf_Inp = "600"
\o Setting var nf_M2 = "300"
\o Setting var nf_M3 = "900"
\o Setting var nf_M4 = "100"
\o Setting var nf_M5 = "500"
\o Setting var nf_M6 = "100"
\o Setting var ro_OTA = "1.5M"
\o Setting var ron = "5"
\o Setting temp(T) = 27
\o Setting var vdd = "1.1"
\o 
\o *Info*    Netlist Directory =
\o           /users/students/r0884392/simulation/DAMSIC/sym_OTA_SCAmplifier_STB_TB/maestro/results/maestro/Interactive.0/1/STB/netlist
\o 
\o 
\o *Info*    Data Directory    =
\o           /users/students/r0884392/simulation/DAMSIC/sym_OTA_SCAmplifier_STB_TB/maestro/results/maestro/Interactive.0/1/STB
\o 
\o 
\o *Info*    Creating Netlist for Point ID (0 1)
\o 
\o generate netlist...
\o Loading hnlInit.cxt 
\o Loading seCore.cxt 
\# [22:16:25.159859] Periodic Lic check successful
\# [22:16:25.159864] Feature usage summary:
\o Begin Incremental Netlisting May  1 22:16:25 2025
\o End netlisting May  1 22:16:25 2025
\o 
\o 	The netlist is up to date.
\o 	Time taken to compare the design with netlist:   0.0s
\o       ...successful.
\o compose simulator input file...
\o       ...successful.
\o 
\o *Info*    Running simulation on testbench [ STB ] for Point ID (0 1).
\o 
\o Delete psf data in /users/students/r0884392/simulation/DAMSIC/sym_OTA_SCAmplifier_STB_TB/maestro/results/maestro/Interactive.0/1/STB/psf.
\o compose simulator input file...
\o       ...successful.
\o start simulator if needed...
\o       ...successful.
\o simulate...
\o To view the simulator output, right-click on the test name, result 
\o name, or any value in the "Results" tab of the Outputs section and 
\o choose "Output Log" menu option.
\o Loading paraplot.cxt 
\o INFO (ADE-3071): Simulation completed successfully.
\o reading simulation data...
\o       ...successful.
\o *Info*    Client has finished evaluating ... 
\o 
\o ERROR (ADE-2709): Evaluation of output 'CLK_PHI2' returned 'nil' for point:'1' test:'STB'
\o 	Expression:'vtime('pss "/phi<2>")'.
\o Ensure that the definition of output is correct.
\o 
\e *Error* ("difference" 0 t nil ("*Error* difference: can't handle (nil - nil)"))
\e 
\e 
\o ERROR (ADE-2708): Evaluation of output 'DIFF PAC OUT' failed for point:'1' test:'STB'
\o 	Expression:'(vh('pac "/VoutP") - vh('pac "/VoutN"))'
\o 	because of the following error(s)
\o 	*Error* difference: can't handle (nil - nil).
\o Ensure that the definition of output is correct.
\o 
\o 
\o *Info*    Run complete for Point ID (0 1) on testbench [ STB ].
\o 
\o 
\o 
\o 
\o 
\o Simulation design variables differ from those on the cellView,
\o they have been saved in the file "/tmp/saved-design-variables".
\o To save future changes, copy variables to cellView before exiting.
\o 
\o 
\o *Info*    Configuring the session ...
\o 
\o 	Library      = DAMSIC
\o 	Cell         = demo_SCAmplifier_STB_TB
\o 	View         = schematic
\o 	Simulator    = spectre
\o 	State Path   = $AXL_SETUPDB_DIR/test_states
\o 	State Name   = Interactive.0
\o 	Results DB   = /users/students/r0884392/Documents/DAMSIC_project/DAMSIC2025_work/DAMSIC/sym_OTA_SCAmplifier_STB_TB/maestro/results/maestro/Interactive.0.rdb
\o 	Results Dir  = /users/students/r0884392/simulation/DAMSIC/sym_OTA_SCAmplifier_STB_TB/maestro/results/maestro/Interactive.0/1/STB
\o 	Results Loc  = /users/students/r0884392/simulation/DAMSIC/sym_OTA_SCAmplifier_STB_TB/maestro/results/maestro
\o 	Project Dir  = /users/students/r0884392/simulation
\o 	Setup DB loc = /users/students/r0884392/Documents/DAMSIC_project/DAMSIC2025_work/DAMSIC/sym_OTA_SCAmplifier_STB_TB/maestro
\o 	File Encoding = 0
\o 
\o 
\o INFO (ADE-5024): Simulation will use spectre batch mode because the GCC version used by Spectre and Virtuoso are not compatible.
\o 
\o *Info*    The auto suspension is disabled.
\o 
\o 
\o 
\o 
\o 
\o 
\o *Info*    Run start for Point ID (1 1) on testbench [ STB ].
\o 
\o Resetting statistical vars
\o 
\o *Info*    Setting parameter values ...
\o 
\o Setting var CP2 = "106.157112526539e-12"
\o Setting var C_OTA = "100f"
\o Setting var Cfb = "0.23p"
\o Setting var Cin = "2.3025p"
\o Setting var Cl = "2p"
\o Setting var F_POLE2 = "1.5G"
\o Setting var INCM = "0.55"
\o Setting var OUTCMRef = "0.55"
\o Setting var Vin = "0"
\o Setting var alpha = "0.01"
\o Setting var b1 = "700m"
\o Setting var b5 = "1"
\o Setting var b6 = "200m"
\o Setting var fin = "100k"
\o Setting var fsw = "60M"
\o Setting var gm_OTA = "13m"
\o Setting var length = "90n"
\o Setting var mult = "1"
\o Setting var nf_Bias = "4000"
\o Setting var nf_Inp = "600"
\o Setting var nf_M2 = "300"
\o Setting var nf_M3 = "900"
\o Setting var nf_M4 = "100"
\o Setting var nf_M5 = "500"
\o Setting var nf_M6 = "100"
\o Setting var ro_OTA = "1.5M"
\o Setting var ron = "5"
\o Setting temp(T) = 27
\o Setting var vdd = "1.1"
\o 
\o *Info*    Netlist Directory =
\o           /users/students/r0884392/simulation/DAMSIC/sym_OTA_SCAmplifier_STB_TB/maestro/results/maestro/Interactive.0/1/STB/netlist
\o 
\o 
\o *Info*    Data Directory    =
\o           /users/students/r0884392/simulation/DAMSIC/sym_OTA_SCAmplifier_STB_TB/maestro/results/maestro/Interactive.0/1/STB
\o 
\o 
\o *Info*    Creating Netlist for Point ID (1 1)
\o 
\o generate netlist...
\o Begin Incremental Netlisting May  1 22:19:03 2025
\o End netlisting May  1 22:19:03 2025
\o 
\o 	The netlist is up to date.
\o 	Time taken to compare the design with netlist:   0.0s
\o       ...successful.
\o compose simulator input file...
\o       ...successful.
\o 
\o *Info*    Running simulation on testbench [ STB ] for Point ID (1 1).
\o 
\o Delete psf data in /users/students/r0884392/simulation/DAMSIC/sym_OTA_SCAmplifier_STB_TB/maestro/results/maestro/Interactive.0/1/STB/psf.
\o compose simulator input file...
\o       ...successful.
\o start simulator if needed...
\o       ...successful.
\o simulate...
\o To view the simulator output, right-click on the test name, result 
\o name, or any value in the "Results" tab of the Outputs section and 
\o choose "Output Log" menu option.
\o INFO (ADE-3071): Simulation completed successfully.
\o reading simulation data...
\o       ...successful.
\o *Info*    Client has finished evaluating ... 
\o 
\o WARNING (OCN-6038): Results stb are not available for /users/students/r0884392/simulation/DAMSIC/sym_OTA_SCAmplifier_STB_TB/maestro/results/maestro/Interactive.0/1/STB. Use results() for a list of available results.
\o WARNING (OCN-6038): Results stb are not available for /users/students/r0884392/simulation/DAMSIC/sym_OTA_SCAmplifier_STB_TB/maestro/results/maestro/Interactive.0/1/STB. Use results() for a list of available results.
\e *Error* phaseDegUnwrapped: can't handle phaseDegUnwrapped(nil)
\e 
\e 
\o ERROR (ADE-2709): Evaluation of output 'Loop Gain Phase' returned 'nil' for point:'1' test:'STB'
\o 	Expression:'phaseDegUnwrapped(getData("loopGain" ?result "stb"))'.
\o Ensure that the definition of output is correct.
\o 
\o WARNING (OCN-6038): Results stb are not available for /users/students/r0884392/simulation/DAMSIC/sym_OTA_SCAmplifier_STB_TB/maestro/results/maestro/Interactive.0/1/STB. Use results() for a list of available results.
\o WARNING (OCN-6038): Results stb are not available for /users/students/r0884392/simulation/DAMSIC/sym_OTA_SCAmplifier_STB_TB/maestro/results/maestro/Interactive.0/1/STB. Use results() for a list of available results.
\e *Error* mag: can't handle mag(nil)
\e 
\e 
\e *Error* db: can't handle db(nil)
\e 
\e 
\o ERROR (ADE-2709): Evaluation of output 'Loop Gain dB20' returned 'nil' for point:'1' test:'STB'
\o 	Expression:'db(mag(getData("loopGain" ?result "stb")))'.
\o Ensure that the definition of output is correct.
\o 
\o ERROR (ADE-2709): Evaluation of output 'CLK_PHI2' returned 'nil' for point:'1' test:'STB'
\o 	Expression:'vtime('pss "/phi<2>")'.
\o Ensure that the definition of output is correct.
\o 
\e *Error* ("difference" 0 t nil ("*Error* difference: can't handle (nil - nil)"))
\e 
\e 
\o ERROR (ADE-2708): Evaluation of output 'DIFF PAC OUT' failed for point:'1' test:'STB'
\o 	Expression:'(vh('pac "/VoutP") - vh('pac "/VoutN"))'
\o 	because of the following error(s)
\o 	*Error* difference: can't handle (nil - nil).
\o Ensure that the definition of output is correct.
\o 
\o 
\o *Info*    Run complete for Point ID (1 1) on testbench [ STB ].
\o 
\o 
\o 
\o 
\o 
\o Simulation design variables differ from those on the cellView,
\o they have been saved in the file "/tmp/saved-design-variables".
\o To save future changes, copy variables to cellView before exiting.
\o 
\o 
\o *Info*    Configuring the session ...
\o 
\o 	Library      = DAMSIC
\o 	Cell         = demo_SCAmplifier_STB_TB
\o 	View         = schematic
\o 	Simulator    = spectre
\o 	State Path   = $AXL_SETUPDB_DIR/test_states
\o 	State Name   = Interactive.0
\o 	Results DB   = /users/students/r0884392/Documents/DAMSIC_project/DAMSIC2025_work/DAMSIC/sym_OTA_SCAmplifier_STB_TB/maestro/results/maestro/Interactive.0.rdb
\o 	Results Dir  = /users/students/r0884392/simulation/DAMSIC/sym_OTA_SCAmplifier_STB_TB/maestro/results/maestro/Interactive.0/1/STB
\o 	Results Loc  = /users/students/r0884392/simulation/DAMSIC/sym_OTA_SCAmplifier_STB_TB/maestro/results/maestro
\o 	Project Dir  = /users/students/r0884392/simulation
\o 	Setup DB loc = /users/students/r0884392/Documents/DAMSIC_project/DAMSIC2025_work/DAMSIC/sym_OTA_SCAmplifier_STB_TB/maestro
\o 	File Encoding = 0
\o 
\o 
\o INFO (ADE-5024): Simulation will use spectre batch mode because the GCC version used by Spectre and Virtuoso are not compatible.
\o 
\o *Info*    The auto suspension is disabled.
\o 
\o 
\o 
\o 
\o 
\o 
\o *Info*    Run start for Point ID (2 1) on testbench [ STB ].
\o 
\o Resetting statistical vars
\o 
\o *Info*    Setting parameter values ...
\o 
\o Setting var CP2 = "106.157112526539e-12"
\o Setting var C_OTA = "100f"
\o Setting var Cfb = "0.23p"
\o Setting var Cin = "2.3025p"
\o Setting var Cl = "2p"
\o Setting var F_POLE2 = "1.5G"
\o Setting var INCM = "0.55"
\o Setting var OUTCMRef = "0.55"
\o Setting var Vin = "0"
\o Setting var alpha = "0.01"
\o Setting var b1 = "700m"
\o Setting var b5 = "1"
\o Setting var b6 = "200m"
\o Setting var fin = "100k"
\o Setting var fsw = "60M"
\o Setting var gm_OTA = "13m"
\o Setting var length = "90n"
\o Setting var mult = "1"
\o Setting var nf_Bias = "4000"
\o Setting var nf_Inp = "600"
\o Setting var nf_M2 = "300"
\o Setting var nf_M3 = "900"
\o Setting var nf_M4 = "100"
\o Setting var nf_M5 = "500"
\o Setting var nf_M6 = "100"
\o Setting var ro_OTA = "1.5M"
\o Setting var ron = "5"
\o Setting temp(T) = 27
\o Setting var vdd = "1.1"
\o 
\o *Info*    Netlist Directory =
\o           /users/students/r0884392/simulation/DAMSIC/sym_OTA_SCAmplifier_STB_TB/maestro/results/maestro/Interactive.0/1/STB/netlist
\o 
\o 
\o *Info*    Data Directory    =
\o           /users/students/r0884392/simulation/DAMSIC/sym_OTA_SCAmplifier_STB_TB/maestro/results/maestro/Interactive.0/1/STB
\o 
\o 
\o *Info*    Creating Netlist for Point ID (2 1)
\o 
\o generate netlist...
\o Begin Incremental Netlisting May  1 22:21:57 2025
\o WARNING (OSSHNL-160): The primitive, 'analogLib/vpulse/spectre', was not used in the last netlisting session in this
\o current run directory. Therefore, re-netlisting all cell views where this
\o primitive is instantiated.
\o 
\o WARNING (OSSHNL-195): The value of the property "nlAction" on instance 'V3' in cell 'demo_SCAmplifier_STB_TB', view
\o 'schematic', has changed since the last netlisting session in the current run
\o directory. Some cell views will be re-netlisted.
\o 
\o Loading json.cxt 
\o End netlisting May  1 22:21:57 2025
\o 
\o Netlisting Statistics:
\o 	Number of components:   32
\o 
\o 	Elapsed time:          0.0s
\o Errors: 0	Warnings: 0
\o       ...successful.
\o compose simulator input file...
\o       ...successful.
\o 
\o *Info*    Running simulation on testbench [ STB ] for Point ID (2 1).
\o 
\o Delete psf data in /users/students/r0884392/simulation/DAMSIC/sym_OTA_SCAmplifier_STB_TB/maestro/results/maestro/Interactive.0/1/STB/psf.
\o compose simulator input file...
\o       ...successful.
\o start simulator if needed...
\o       ...successful.
\o simulate...
\o To view the simulator output, right-click on the test name, result 
\o name, or any value in the "Results" tab of the Outputs section and 
\o choose "Output Log" menu option.
\o INFO (ADE-3071): Simulation completed successfully.
\o reading simulation data...
\o       ...successful.
\o *Info*    Client has finished evaluating ... 
\o 
\o WARNING (OCN-6038): Results stb are not available for /users/students/r0884392/simulation/DAMSIC/sym_OTA_SCAmplifier_STB_TB/maestro/results/maestro/Interactive.0/1/STB. Use results() for a list of available results.
\o WARNING (OCN-6038): Results stb are not available for /users/students/r0884392/simulation/DAMSIC/sym_OTA_SCAmplifier_STB_TB/maestro/results/maestro/Interactive.0/1/STB. Use results() for a list of available results.
\e *Error* phaseDegUnwrapped: can't handle phaseDegUnwrapped(nil)
\e 
\e 
\o ERROR (ADE-2709): Evaluation of output 'Loop Gain Phase' returned 'nil' for point:'1' test:'STB'
\o 	Expression:'phaseDegUnwrapped(getData("loopGain" ?result "stb"))'.
\o Ensure that the definition of output is correct.
\o 
\o WARNING (OCN-6038): Results stb are not available for /users/students/r0884392/simulation/DAMSIC/sym_OTA_SCAmplifier_STB_TB/maestro/results/maestro/Interactive.0/1/STB. Use results() for a list of available results.
\o WARNING (OCN-6038): Results stb are not available for /users/students/r0884392/simulation/DAMSIC/sym_OTA_SCAmplifier_STB_TB/maestro/results/maestro/Interactive.0/1/STB. Use results() for a list of available results.
\e *Error* mag: can't handle mag(nil)
\e 
\e 
\e *Error* db: can't handle db(nil)
\e 
\e 
\o ERROR (ADE-2709): Evaluation of output 'Loop Gain dB20' returned 'nil' for point:'1' test:'STB'
\o 	Expression:'db(mag(getData("loopGain" ?result "stb")))'.
\o Ensure that the definition of output is correct.
\o 
\o ERROR (ADE-2709): Evaluation of output 'CLK_PHI2' returned 'nil' for point:'1' test:'STB'
\o 	Expression:'vtime('pss "/phi<2>")'.
\o Ensure that the definition of output is correct.
\o 
\e *Error* ("difference" 0 t nil ("*Error* difference: can't handle (nil - nil)"))
\e 
\e 
\o ERROR (ADE-2708): Evaluation of output 'DIFF PAC OUT' failed for point:'1' test:'STB'
\o 	Expression:'(vh('pac "/VoutP") - vh('pac "/VoutN"))'
\o 	because of the following error(s)
\o 	*Error* difference: can't handle (nil - nil).
\o Ensure that the definition of output is correct.
\o 
\o 
\o *Info*    Run complete for Point ID (2 1) on testbench [ STB ].
\o 
\o 
\o 
\o 
\o 
\o Simulation design variables differ from those on the cellView,
\o they have been saved in the file "/tmp/saved-design-variables".
\o To save future changes, copy variables to cellView before exiting.
\o 
\o 
\o *Info*    Configuring the session ...
\o 
\o 	Library      = DAMSIC
\o 	Cell         = demo_SCAmplifier_STB_TB
\o 	View         = schematic
\o 	Simulator    = spectre
\o 	State Path   = $AXL_SETUPDB_DIR/test_states
\o 	State Name   = Interactive.0
\o 	Results DB   = /users/students/r0884392/Documents/DAMSIC_project/DAMSIC2025_work/DAMSIC/sym_OTA_SCAmplifier_STB_TB/maestro/results/maestro/Interactive.0.rdb
\o 	Results Dir  = /users/students/r0884392/simulation/DAMSIC/sym_OTA_SCAmplifier_STB_TB/maestro/results/maestro/Interactive.0/1/STB
\o 	Results Loc  = /users/students/r0884392/simulation/DAMSIC/sym_OTA_SCAmplifier_STB_TB/maestro/results/maestro
\o 	Project Dir  = /users/students/r0884392/simulation
\o 	Setup DB loc = /users/students/r0884392/Documents/DAMSIC_project/DAMSIC2025_work/DAMSIC/sym_OTA_SCAmplifier_STB_TB/maestro
\o 	File Encoding = 0
\o 
\o 
\o INFO (ADE-5024): Simulation will use spectre batch mode because the GCC version used by Spectre and Virtuoso are not compatible.
\o 
\o *Info*    The auto suspension is disabled.
\o 
\o 
\o 
\o 
\o 
\o 
\o *Info*    Run start for Point ID (3 1) on testbench [ STB ].
\o 
\o Resetting statistical vars
\o 
\o *Info*    Setting parameter values ...
\o 
\o Setting var CP2 = "106.157112526539e-12"
\o Setting var C_OTA = "100f"
\o Setting var Cfb = "0.23p"
\o Setting var Cin = "2.3025p"
\o Setting var Cl = "2p"
\o Setting var F_POLE2 = "1.5G"
\o Setting var INCM = "0.55"
\o Setting var OUTCMRef = "0.55"
\o Setting var Vin = "0"
\o Setting var alpha = "0.01"
\o Setting var b1 = "700m"
\o Setting var b5 = "1"
\o Setting var b6 = "200m"
\o Setting var fin = "100k"
\o Setting var fsw = "60M"
\o Setting var gm_OTA = "13m"
\o Setting var length = "90n"
\o Setting var mult = "1"
\o Setting var nf_Bias = "4000"
\o Setting var nf_Inp = "600"
\o Setting var nf_M2 = "300"
\o Setting var nf_M3 = "900"
\o Setting var nf_M4 = "100"
\o Setting var nf_M5 = "500"
\o Setting var nf_M6 = "100"
\o Setting var ro_OTA = "1.5M"
\o Setting var ron = "5"
\o Setting temp(T) = 27
\o Setting var vdd = "1.1"
\o 
\o *Info*    Netlist Directory =
\o           /users/students/r0884392/simulation/DAMSIC/sym_OTA_SCAmplifier_STB_TB/maestro/results/maestro/Interactive.0/1/STB/netlist
\o 
\o 
\o *Info*    Data Directory    =
\o           /users/students/r0884392/simulation/DAMSIC/sym_OTA_SCAmplifier_STB_TB/maestro/results/maestro/Interactive.0/1/STB
\o 
\o 
\o *Info*    Creating Netlist for Point ID (3 1)
\o 
\o generate netlist...
\o Begin Incremental Netlisting May  1 22:25:12 2025
\o WARNING (OSSHNL-160): The primitive, 'analogLib/vpwl/spectre', was not used in the last netlisting session in this
\o current run directory. Therefore, re-netlisting all cell views where this
\o primitive is instantiated.
\o 
\o End netlisting May  1 22:25:12 2025
\o 
\o Netlisting Statistics:
\o 	Number of components:   32
\o 
\o 	Elapsed time:          0.0s
\o Errors: 0	Warnings: 0
\o *Warning*	Additional design variables have been found during netlisting.
\o  		A value is necessary for successful simulation.
\o 		To simulate, assign values to all design variables with 
\o 		the Variables->Edit... menu, and use "Netlist and Run".
\o       ...successful.
\o compose simulator input file...
\o       ...successful.
\o 
\o *Info*    Running simulation on testbench [ STB ] for Point ID (3 1).
\o 
\o Delete psf data in /users/students/r0884392/simulation/DAMSIC/sym_OTA_SCAmplifier_STB_TB/maestro/results/maestro/Interactive.0/1/STB/psf.
\o compose simulator input file...
\o       ...successful.
\o start simulator if needed...
\o       ...successful.
\o simulate...
\o To view the simulator output, right-click on the test name, result 
\o name, or any value in the "Results" tab of the Outputs section and 
\o choose "Output Log" menu option.
\o INFO (ADE-3067): Errors encountered during simulation. For more information, right-click
\o         on a test name in the 'Results' tab of the Outputs pane and choose 'Output Log'
\o         to view the simulation run log.
\o 
\o *Error*   Error ID  = 5011
\o *Error*   Error Msg = Simulator failed to complete the simulation.
\o 
\o           Error found by spectre during hierarchy flattening.
\o Error
\o           found by spectre during hierarchy flattening.
\o ERROR
\o           (SFE-1997): "input.scs" 274: Cannot run the simulation
\o           because V10: parameter `wave': Cannot run the simulation
\o           because parameter 'Vmin' has bee
\o n used but no value has
\o           been assigned to it. Assign a value to the parameter and
\o           rerun the simulation.
\o ERROR (SFE-1997): "input.scs" 277:
\o           Cannot run the simulation because V12: parameter `wave':
\o           Cannot run the simulation because parameter 'Vmin' has
\o           bee
\o n used but no value has been assigned to it. Assign a
\o           value to the parameter and rerun the simulation.
\o 
\o 
\o 
\o 
\o 
\o Simulation design variables differ from those on the cellView,
\o they have been saved in the file "/tmp/saved-design-variables".
\o To save future changes, copy variables to cellView before exiting.
\o 
\o *Info*    Received signal SIGTERM.
\o 
\o 
