\# Program start time:     UTC 2025.03.21 12:50:01.199
\# Local time: CET (UTC+01:00) 2025.03.21 13:50:01.199
\o Program:		@(#)$CDS: virtuoso version 6.1.8-64b 03/14/2023 19:53 (cpgsrv12) $
\o Hierarchy:		/esat/micas-data/software/Cadence/ic_6.1.8.310/tools.lnx86/dfII/
\o Sub version:		sub-version  IC6.1.8-64b.500.31  (64-bit addresses)
\# Command line:	/esat/micas-data/software/Cadence/ic_6.1.8.310/tools.lnx86/dfII/bin/64bit/virtuoso -noautostart -mpssession virtuoso25856 -mpshost pc-klas2-5.esat.kuleuven.be -davinciService DaVinciService_25856_1742548372 -log /users/students/r0884392/Documents/DAMSIC_project/DAMSIC2025_work/logs_r0884392/logs7/Job82.log -licenseLockFileName /users/students/r0884392/Documents/DAMSIC_project/DAMSIC2025_work/.tmp_r0884392/.pc-klas2-5.esat.kuleuven.be_25856 -interactiveA -interactiveE -interactiveRTT -nostdin -nographE -axlChildIdFlag 82
\# Host name (type):	pc-klas2-5.esat.kuleuven.be (x86_64)
\# Operating system:	Linux 5.14.0-503.31.1.el9_5.x86_64 #1 SMP PREEMPT_DYNAMIC Tue Mar 11 16:53:43 UTC 2025
\# Linux /etc/issue:	\S
\# Linux /etc/issue:	Kernel \r on an \m
\# X display name (WxH):	:7127 (1024x868)
\# Available geometry:			TL(0:0) BR(1023:867)
\# X server:			The X.Org Foundation
\# Depth of Visual (Root):	24 (24)
\# Number of Planes Used:	24
\# X version:		11.0 (vendor release 12011000)
\# X resource pool:	base 0x400000, mask 0x1fffff (2097151), shift 0
\# 			current id 0x0, current max 0x1ffffa (2097146)
\# Max data seg size:	     unlimited
\# Max process size:	     unlimited
\# Initial sbrk value:	        639 MB
\# Available memory:	     41,192 MB
\# System memory:	     48,245 MB
\# Maximum memory size:	     47,724 MB
\# Max mem available:	     41,310 MB
\# Initial memory used:	        118 MB
\#        process size:	      1,539 MB
\# Thread usage limits (effective/default):	maxthreads 5166/5166 maxload 12.00/12.00
\# Qt version:		5.9.1
\# Window Manager:	other
\# User Name:		r0884392
\o Working Directory:	pc-klas2-5.esat.kuleuven.be:/users/students/r0884392/Documents/DAMSIC_project/DAMSIC2025_work
\# Process Id:		161170
\o 
\o COPYRIGHT (C) 1992-2023  CADENCE DESIGN SYSTEMS INC.  ALL RIGHTS RESERVED.
\o           (C) 1992-2023  UNIX SYSTEMS Laboratories INC.,
\o                          Reproduced with permission.
\o 
\o This Cadence Design Systems program and online documentation are
\o proprietary/confidential information and may be disclosed/used only
\o as authorized in a license agreement controlling such use and disclosure.
\o 
\o           RESTRICTED RIGHTS NOTICE (SHORT FORM)
\o Use/reproduction/disclosure is subject to restriction
\o set forth at FAR 1252.227-19 or its equivalent.
\o Loading geView.cxt 
\o Loading menuBuilder.cxt 
\o Loading schView.cxt 
\o Loading selectSv.cxt 
\o Loading wireEdit.cxt 
\o Loading pte2.cxt 
\o Loading xlUI.cxt 
\o Loading auCore.cxt 
\o Loading vhdl.cxt 
\o Loading seismic.cxt 
\o Loading ci.cxt 
\o Loading ams.cxt 
\o Loading oasis.cxt 
\o Loading analog.cxt 
\o Loading asimenv.cxt 
\o Loading dal.cxt 
\o Loading awv.cxt 
\o Loading socket.cxt 
\o Loading par.cxt 
\o Loading alvs.cxt 
\o Loading caa.cxt 
\o Loading amps.cxt 
\o Loading adexlCore.cxt 
\o Loading adexl.cxt 
\o *Info*    Exporting services from client ... 
\o 
\o Loading adexlDM.cxt 
\o Loading cpf.cxt 
\o Loading cli.cxt 
\o Loading lp.cxt 
\o INFO (ELI-00302) Connecting to parent process (session=virtuoso25856, host=pc-klas2-5.esat.kuleuven.be). Connection mode is ICRP. Total timeout is 180 seconds. Connection timeout is 90 seconds.
\o INFO (ELI-00303) Step 1: Connecting to parent. Time spent is 0 seconds.
\o INFO (ELI-00304) The registration of the child 161170 within 90 seconds is being processed...
\o INFO (ELI-00305) The result of registration is true. Time spent is 0 seconds.
\o INFO (ELI-00308) The connection has ended. Result is true. Total time spent is 0 seconds.
\# [13:50:01.458578] Configured Lic search path (22.01-s002): 27002@license-extern.esat.kuleuven.be:/esat/micas-data/software/Cadence/ic_6.1.8.310/share/license/license.dat
\# Memory report: using         266 MB, process size 1,816 MB at UTC 2025.03.21 12:50:04.081
\o *Info*    Client has finished starting ... 
\o 
\o Loading vdsil.cxt 
\p > 
\# Loading perfDiag...
\# (PerfDiag): Set GDB path to environment variable 'gdbPath' (gdb).
\w *WARNING* (PerfDiag): The GDB command 'gdb' is not found or is invalid.
\# Performance Diagnostic tool is installed. You can access PerfDiag from CIW Tools or use the shell command 'cdsPerfDiag -p 161170' to open it when Virtuoso freezes.
\# (PerfDiag): Use backtrace from GLIBC.
\w *WARNING* (PerfDiag): The GDB-related functionality has been disabled. Use the 'gdbPath' environment variable to set a valid GDB path or set one of the SHELL environment variables CDS_DEBUGGER, DEBUGGER, or GDB, and restart Virtuoso.
\o Loading vqp.cxt 
\o Loading hdlPkg.cxt 
\o 
\o 
\o *Info*    Configuring the session ...
\o 
\o Loading simui.cxt 
\o 	Library      = DAMSIC
\o 	Cell         = symmetric_OTA_SpecTb
\o 	View         = schematic
\o 	Simulator    = spectre
\o 	State Path   = $AXL_SETUPDB_DIR/test_states
\o 	State Name   = Interactive.0
\o 	Results DB   = /users/students/r0884392/Documents/DAMSIC_project/DAMSIC2025_work/DAMSIC/symmetric_OTA_SpecTb/maestro/results/maestro/Interactive.0.rdb
\o 	Results Dir  = /users/students/r0884392/simulation/DAMSIC/symmetric_OTA_SpecTb/maestro/results/maestro/Interactive.0/1/DAMSIC_symmetric_OTA_SpecTb_1
\o 	Results Loc  = /users/students/r0884392/simulation/DAMSIC/symmetric_OTA_SpecTb/maestro/results/maestro
\o 	Project Dir  = /users/students/r0884392/simulation
\o 	Setup DB loc = /users/students/r0884392/Documents/DAMSIC_project/DAMSIC2025_work/DAMSIC/symmetric_OTA_SpecTb/maestro
\o 	File Encoding = 0
\o 
\o 
\o Loading viva.cxt 
\o Loading gpdk045/libInit.il ...
\o 	Loading gpdk045/loadCxt.ile ... done!
\o 	Loading context 'gpdk045' from library 'gpdk045' ... done!
\o 	Loading context 'pdkUtils' from library 'gpdk045' ... done!
\e 	Loading gpdk045/gpdk045_customFilter.il ... *Error* eval: unbound variable - axlRegisterCustomDeviceFilter
\o failed!
\o 	Loading gpdk045/libInitCustomExit.il ... 
\o 	Loading Environment Settings ...
\o 	Loading Model Management File ...
\o Loading spectrei.cxt 
\o Loading devCheck.cxt 
\o Loading relXpert.cxt 
\o Loading hspiceD.cxt 
\o Loading spectreinl.cxt 
\o Loading UltraSim.cxt 
\o Loading msgHandler.cxt 
\o Loading AMSOSS.cxt 
\o Loading AMS.cxt 
\o 	Loading gpdk045/gpdk045_PDKRegistrations.il ... done!
\o 
\o   *************************************************************           
\o   *              Cadence Design Systems, Inc.                 *           
\o   *                                                           *           
\o   *                    Generic 45nm PDK                       *           
\o   *                        (gpdk045)                          *           
\o   *                                                           *           
\o   *************************************************************           
\o 	
\o 
\o 	VERSION: 4.0 (17-June-2014)
\o 
\o done!
\o Failed to load gpdk045/libInit.il successfully!INFO (ADE-5024): Simulation will use spectre batch mode because the GCC version used by Spectre and Virtuoso are not compatible.
\o 
\o *Info*    The auto suspension is disabled.
\o 
\o Loading monte.cxt 
\o *Info*    Run start for points ((20 1) (20 2) (20 3) (20 4) (20 5)
\o           (20 6))
\o 
\o 
\o 
\o 
\o 
\o 
\o *Info*    Run start for Point ID (20 1) on testbench [
\o           DAMSIC_symmetric_OTA_SpecTb_1 ].
\o 
\o Resetting statistical vars
\o 
\o *Info*    Setting parameter values ...
\o 
\o Setting var INCM = "0.55"
\o Setting var b4 = "0.5"
\o Setting var b5 = "0.107"
\o Setting var b6 = "0.387"
\o Setting var diffBias = "0.566"
\o Setting var length = "90n"
\o Setting var nf_Bias = "100"
\o Setting var nf_Inp = "200"
\o Setting var nf_M2 = "100"
\o Setting var nf_M3 = "500"
\o Setting var nf_M4 = "1000"
\o Setting var nf_M5 = "1000"
\o Setting var nf_M6 = "1000"
\o Setting temp(T) = 27
\o 
\o *Info*    Netlist Directory =
\o           /users/students/r0884392/simulation/DAMSIC/symmetric_OTA_SpecTb/maestro/results/maestro/Interactive.0/1/DAMSIC_symmetric_OTA_SpecTb_1/netlist
\o 
\o 
\o *Info*    Data Directory    =
\o           /users/students/r0884392/simulation/DAMSIC/symmetric_OTA_SpecTb/maestro/results/maestro/Interactive.0/1/DAMSIC_symmetric_OTA_SpecTb_1
\o 
\o 
\o *Info*    Creating Netlist for Point ID (20 1)
\o 
\o generate netlist...
\o Loading hnlInit.cxt 
\o Loading seCore.cxt 
\# [13:50:05.440633] periodic Lic check successful
\# [13:50:05.440635] Feature usage summary:
\o Begin Incremental Netlisting Mar 21 13:50:05 2025
\# Memory report: using         399 MB, process size 2,014 MB at UTC 2025.03.21 12:50:06.038
\o End netlisting Mar 21 13:50:06 2025
\o 
\o 	The netlist is up to date.
\o 	Time taken to compare the design with netlist:   1.0s
\o       ...successful.
\o compose simulator input file...
\o       ...successful.
\o 
\o *Info*    Running simulation on testbench [
\o           DAMSIC_symmetric_OTA_SpecTb_1 ] for Point ID (20 1).
\o 
\o Delete psf data in /users/students/r0884392/simulation/DAMSIC/symmetric_OTA_SpecTb/maestro/results/maestro/Interactive.0/1/DAMSIC_symmetric_OTA_SpecTb_1/psf.
\o compose simulator input file...
\o       ...successful.
\o start simulator if needed...
\o       ...successful.
\o simulate...
\o To view the simulator output, right-click on the test name, result 
\o name, or any value in the "Results" tab of the Outputs section and 
\o choose "Output Log" menu option.
\o Loading paraplot.cxt 
\# Available memory:         40,866 MB at UTC 2025.03.21 12:50:11.237
\# Memory report: Maximum memory size now 41,305 MB at UTC 2025.03.21 12:50:11.237
\# Thread usage report: 18 active threads, active load 1.40 at UTC 2025.03.21 12:50:11.237
\o *Info*    Current simulation for points ((20 1) (20 2) (20 3) (20 4)
\o           (20 5) (20 6)).
\o *Info*    (ADE-3072): Simulation stopped because you selected the
\o           'Stop Simulation' command in ADE.
\o 
\o INFO (ADE-3067): Errors encountered during simulation. For more information, right-click
\o         on a test name in the 'Results' tab of the Outputs pane and choose 'Output Log'
\o         to view the simulation run log.
\o reading simulation data...
\o       ...successful.
\o *Info*    Client has finished evaluating ... 
\o 
\o 
\o *Info*    Run complete for Point ID (20 1) on testbench [
\o           DAMSIC_symmetric_OTA_SpecTb_1 ].
\o 
\o 
\o 
\o 
\o 
\o Simulation design variables differ from those on the cellView,
\o they have been saved in the file "/tmp/saved-design-variables".
\o To save future changes, copy variables to cellView before exiting.
\o 
\o 
\o *Info*    Configuring the session ...
\o 
\o 	Library      = DAMSIC
\o 	Cell         = symmetric_OTA_SpecTb
\o 	View         = schematic
\o 	Simulator    = spectre
\o 	State Path   = $AXL_SETUPDB_DIR/test_states
\o 	State Name   = Interactive.0
\o 	Results DB   = /users/students/r0884392/Documents/DAMSIC_project/DAMSIC2025_work/DAMSIC/symmetric_OTA_SpecTb/maestro/results/maestro/Interactive.0.rdb
\o 	Results Dir  = /users/students/r0884392/simulation/DAMSIC/symmetric_OTA_SpecTb/maestro/results/maestro/Interactive.0/1/DAMSIC_symmetric_OTA_SpecTb_1
\o 	Results Loc  = /users/students/r0884392/simulation/DAMSIC/symmetric_OTA_SpecTb/maestro/results/maestro
\o 	Project Dir  = /users/students/r0884392/simulation
\o 	Setup DB loc = /users/students/r0884392/Documents/DAMSIC_project/DAMSIC2025_work/DAMSIC/symmetric_OTA_SpecTb/maestro
\o 	File Encoding = 0
\o 
\o 
\o INFO (ADE-5024): Simulation will use spectre batch mode because the GCC version used by Spectre and Virtuoso are not compatible.
\o 
\o *Info*    The auto suspension is disabled.
\o 
\o *Info*    Run start for points ((21 1) (21 2) (21 3) (21 4) (21 5)
\o           (21 6))
\o 
\o 
\o 
\o 
\o 
\o 
\o *Info*    Run start for Point ID (21 1) on testbench [
\o           DAMSIC_symmetric_OTA_SpecTb_1 ].
\o 
\o Resetting statistical vars
\o 
\o *Info*    Setting parameter values ...
\o 
\o Setting var INCM = "0.55"
\o Setting var b4 = "0.1"
\o Setting var b5 = "0.107"
\o Setting var b6 = "0.387"
\o Setting var diffBias = "0.566"
\o Setting var length = "90n"
\o Setting var nf_Bias = "100"
\o Setting var nf_Inp = "200"
\o Setting var nf_M2 = "100"
\o Setting var nf_M3 = "500"
\o Setting var nf_M4 = "1000"
\o Setting var nf_M5 = "1000"
\o Setting var nf_M6 = "1000"
\o Setting temp(T) = 27
\o 
\o *Info*    Netlist Directory =
\o           /users/students/r0884392/simulation/DAMSIC/symmetric_OTA_SpecTb/maestro/results/maestro/Interactive.0/1/DAMSIC_symmetric_OTA_SpecTb_1/netlist
\o 
\o 
\o *Info*    Data Directory    =
\o           /users/students/r0884392/simulation/DAMSIC/symmetric_OTA_SpecTb/maestro/results/maestro/Interactive.0/1/DAMSIC_symmetric_OTA_SpecTb_1
\o 
\o 
\o *Info*    Creating Netlist for Point ID (21 1)
\o 
\o generate netlist...
\o Begin Incremental Netlisting Mar 21 13:50:33 2025
\o End netlisting Mar 21 13:50:33 2025
\o 
\o 	The netlist is up to date.
\o 	Time taken to compare the design with netlist:   0.0s
\o       ...successful.
\o compose simulator input file...
\o       ...successful.
\o 
\o *Info*    Running simulation on testbench [
\o           DAMSIC_symmetric_OTA_SpecTb_1 ] for Point ID (21 1).
\o 
\o Delete psf data in /users/students/r0884392/simulation/DAMSIC/symmetric_OTA_SpecTb/maestro/results/maestro/Interactive.0/1/DAMSIC_symmetric_OTA_SpecTb_1/psf.
\o compose simulator input file...
\o       ...successful.
\o start simulator if needed...
\o       ...successful.
\o simulate...
\o To view the simulator output, right-click on the test name, result 
\o name, or any value in the "Results" tab of the Outputs section and 
\o choose "Output Log" menu option.
\o INFO (ADE-3071): Simulation completed successfully.
\o reading simulation data...
\o       ...successful.
\o *Info*    Client has finished evaluating ... 
\o 
\o 
\o *Info*    Run complete for Point ID (21 1) on testbench [
\o           DAMSIC_symmetric_OTA_SpecTb_1 ].
\o 
\o 
\o 
\o 
\o 
\o 
\o 
\o 
\o 
\o 
\o *Info*    Run start for Point ID (21 2) on testbench [
\o           DAMSIC_symmetric_OTA_SpecTb_1 ].
\o 
\o Resetting statistical vars
\o 
\o *Info*    Setting parameter values ...
\o 
\o Setting var b4 = "0.2"
\o 
\o *Info*    Netlist Directory =
\o           /users/students/r0884392/simulation/DAMSIC/symmetric_OTA_SpecTb/maestro/results/maestro/Interactive.0/2/DAMSIC_symmetric_OTA_SpecTb_1/netlist
\o 
\o 
\o *Info*    Data Directory    =
\o           /users/students/r0884392/simulation/DAMSIC/symmetric_OTA_SpecTb/maestro/results/maestro/Interactive.0/2/DAMSIC_symmetric_OTA_SpecTb_1
\o 
\o 
\o *Info*    Creating Netlist for Point ID (21 2)
\o 
\o generate netlist...
\o Begin Incremental Netlisting Mar 21 13:50:53 2025
\o End netlisting Mar 21 13:50:53 2025
\o 
\o 	The netlist is up to date.
\o 	Time taken to compare the design with netlist:   0.0s
\o       ...successful.
\o compose simulator input file...
\o       ...successful.
\o 
\o *Info*    Running simulation on testbench [
\o           DAMSIC_symmetric_OTA_SpecTb_1 ] for Point ID (21 2).
\o 
\o Delete psf data in /users/students/r0884392/simulation/DAMSIC/symmetric_OTA_SpecTb/maestro/results/maestro/Interactive.0/2/DAMSIC_symmetric_OTA_SpecTb_1/psf.
\o compose simulator input file...
\o       ...successful.
\o start simulator if needed...
\o       ...successful.
\o simulate...
\o To view the simulator output, right-click on the test name, result 
\o name, or any value in the "Results" tab of the Outputs section and 
\o choose "Output Log" menu option.
\o INFO (ADE-3071): Simulation completed successfully.
\o reading simulation data...
\o       ...successful.
\o *Info*    Client has finished evaluating ... 
\o 
\o 
\o *Info*    Run complete for Point ID (21 2) on testbench [
\o           DAMSIC_symmetric_OTA_SpecTb_1 ].
\o 
\o 
\o 
\o 
\o 
\o 
\o 
\o 
\o 
\o 
\o *Info*    Run start for Point ID (21 3) on testbench [
\o           DAMSIC_symmetric_OTA_SpecTb_1 ].
\o 
\o Resetting statistical vars
\o 
\o *Info*    Setting parameter values ...
\o 
\o Setting var b4 = "0.3"
\o 
\o *Info*    Netlist Directory =
\o           /users/students/r0884392/simulation/DAMSIC/symmetric_OTA_SpecTb/maestro/results/maestro/Interactive.0/3/DAMSIC_symmetric_OTA_SpecTb_1/netlist
\o 
\o 
\o *Info*    Data Directory    =
\o           /users/students/r0884392/simulation/DAMSIC/symmetric_OTA_SpecTb/maestro/results/maestro/Interactive.0/3/DAMSIC_symmetric_OTA_SpecTb_1
\o 
\o 
\o *Info*    Creating Netlist for Point ID (21 3)
\o 
\o generate netlist...
\o Begin Incremental Netlisting Mar 21 13:51:13 2025
\o End netlisting Mar 21 13:51:13 2025
\o 
\o 	The netlist is up to date.
\o 	Time taken to compare the design with netlist:   0.0s
\o       ...successful.
\o compose simulator input file...
\o       ...successful.
\o 
\o *Info*    Running simulation on testbench [
\o           DAMSIC_symmetric_OTA_SpecTb_1 ] for Point ID (21 3).
\o 
\o Delete psf data in /users/students/r0884392/simulation/DAMSIC/symmetric_OTA_SpecTb/maestro/results/maestro/Interactive.0/3/DAMSIC_symmetric_OTA_SpecTb_1/psf.
\o compose simulator input file...
\o       ...successful.
\o start simulator if needed...
\o       ...successful.
\o simulate...
\o To view the simulator output, right-click on the test name, result 
\o name, or any value in the "Results" tab of the Outputs section and 
\o choose "Output Log" menu option.
\o INFO (ADE-3071): Simulation completed successfully.
\o reading simulation data...
\o       ...successful.
\o *Info*    Client has finished evaluating ... 
\o 
\o 
\o *Info*    Run complete for Point ID (21 3) on testbench [
\o           DAMSIC_symmetric_OTA_SpecTb_1 ].
\o 
\o 
\o 
\o 
\o 
\o 
\o 
\o 
\o 
\o 
\o *Info*    Run start for Point ID (21 4) on testbench [
\o           DAMSIC_symmetric_OTA_SpecTb_1 ].
\o 
\o Resetting statistical vars
\o 
\o *Info*    Setting parameter values ...
\o 
\o Setting var b4 = "0.4"
\o 
\o *Info*    Netlist Directory =
\o           /users/students/r0884392/simulation/DAMSIC/symmetric_OTA_SpecTb/maestro/results/maestro/Interactive.0/4/DAMSIC_symmetric_OTA_SpecTb_1/netlist
\o 
\o 
\o *Info*    Data Directory    =
\o           /users/students/r0884392/simulation/DAMSIC/symmetric_OTA_SpecTb/maestro/results/maestro/Interactive.0/4/DAMSIC_symmetric_OTA_SpecTb_1
\o 
\o 
\o *Info*    Creating Netlist for Point ID (21 4)
\o 
\o generate netlist...
\o Begin Incremental Netlisting Mar 21 13:51:32 2025
\o End netlisting Mar 21 13:51:32 2025
\o 
\o 	The netlist is up to date.
\o 	Time taken to compare the design with netlist:   0.0s
\o       ...successful.
\o compose simulator input file...
\o       ...successful.
\o 
\o *Info*    Running simulation on testbench [
\o           DAMSIC_symmetric_OTA_SpecTb_1 ] for Point ID (21 4).
\o 
\o Delete psf data in /users/students/r0884392/simulation/DAMSIC/symmetric_OTA_SpecTb/maestro/results/maestro/Interactive.0/4/DAMSIC_symmetric_OTA_SpecTb_1/psf.
\o compose simulator input file...
\o       ...successful.
\o start simulator if needed...
\o       ...successful.
\o simulate...
\o To view the simulator output, right-click on the test name, result 
\o name, or any value in the "Results" tab of the Outputs section and 
\o choose "Output Log" menu option.
\o INFO (ADE-3071): Simulation completed successfully.
\o reading simulation data...
\o       ...successful.
\o *Info*    Client has finished evaluating ... 
\o 
\o 
\o *Info*    Run complete for Point ID (21 4) on testbench [
\o           DAMSIC_symmetric_OTA_SpecTb_1 ].
\o 
\o 
\o 
\o 
\o 
\o 
\o 
\o 
\o 
\o 
\o *Info*    Run start for Point ID (21 5) on testbench [
\o           DAMSIC_symmetric_OTA_SpecTb_1 ].
\o 
\o Resetting statistical vars
\o 
\o *Info*    Setting parameter values ...
\o 
\o Setting var b4 = "0.5"
\o 
\o *Info*    Netlist Directory =
\o           /users/students/r0884392/simulation/DAMSIC/symmetric_OTA_SpecTb/maestro/results/maestro/Interactive.0/5/DAMSIC_symmetric_OTA_SpecTb_1/netlist
\o 
\o 
\o *Info*    Data Directory    =
\o           /users/students/r0884392/simulation/DAMSIC/symmetric_OTA_SpecTb/maestro/results/maestro/Interactive.0/5/DAMSIC_symmetric_OTA_SpecTb_1
\o 
\o 
\o *Info*    Creating Netlist for Point ID (21 5)
\o 
\o generate netlist...
\o Begin Incremental Netlisting Mar 21 13:51:52 2025
\o End netlisting Mar 21 13:51:52 2025
\o 
\o 	The netlist is up to date.
\o 	Time taken to compare the design with netlist:   0.0s
\o       ...successful.
\o compose simulator input file...
\o       ...successful.
\o 
\o *Info*    Running simulation on testbench [
\o           DAMSIC_symmetric_OTA_SpecTb_1 ] for Point ID (21 5).
\o 
\o Delete psf data in /users/students/r0884392/simulation/DAMSIC/symmetric_OTA_SpecTb/maestro/results/maestro/Interactive.0/5/DAMSIC_symmetric_OTA_SpecTb_1/psf.
\o compose simulator input file...
\o       ...successful.
\o start simulator if needed...
\o       ...successful.
\o simulate...
\o To view the simulator output, right-click on the test name, result 
\o name, or any value in the "Results" tab of the Outputs section and 
\o choose "Output Log" menu option.
\o INFO (ADE-3071): Simulation completed successfully.
\o reading simulation data...
\o       ...successful.
\o *Info*    Client has finished evaluating ... 
\o 
\o 
\o *Info*    Run complete for Point ID (21 5) on testbench [
\o           DAMSIC_symmetric_OTA_SpecTb_1 ].
\o 
\o 
\o 
\o 
\o 
\o 
\o 
\o 
\o 
\o 
\o *Info*    Run start for Point ID (21 6) on testbench [
\o           DAMSIC_symmetric_OTA_SpecTb_1 ].
\o 
\o Resetting statistical vars
\o 
\o *Info*    Setting parameter values ...
\o 
\o Setting var b4 = "0.6"
\o 
\o *Info*    Netlist Directory =
\o           /users/students/r0884392/simulation/DAMSIC/symmetric_OTA_SpecTb/maestro/results/maestro/Interactive.0/6/DAMSIC_symmetric_OTA_SpecTb_1/netlist
\o 
\o 
\o *Info*    Data Directory    =
\o           /users/students/r0884392/simulation/DAMSIC/symmetric_OTA_SpecTb/maestro/results/maestro/Interactive.0/6/DAMSIC_symmetric_OTA_SpecTb_1
\o 
\o 
\o *Info*    Creating Netlist for Point ID (21 6)
\o 
\o generate netlist...
\o Begin Incremental Netlisting Mar 21 13:52:12 2025
\o End netlisting Mar 21 13:52:12 2025
\o 
\o 	The netlist is up to date.
\o 	Time taken to compare the design with netlist:   0.0s
\o       ...successful.
\o compose simulator input file...
\o       ...successful.
\o 
\o *Info*    Running simulation on testbench [
\o           DAMSIC_symmetric_OTA_SpecTb_1 ] for Point ID (21 6).
\o 
\o Delete psf data in /users/students/r0884392/simulation/DAMSIC/symmetric_OTA_SpecTb/maestro/results/maestro/Interactive.0/6/DAMSIC_symmetric_OTA_SpecTb_1/psf.
\o compose simulator input file...
\o       ...successful.
\o start simulator if needed...
\o       ...successful.
\o simulate...
\o To view the simulator output, right-click on the test name, result 
\o name, or any value in the "Results" tab of the Outputs section and 
\o choose "Output Log" menu option.
\o INFO (ADE-3071): Simulation completed successfully.
\o reading simulation data...
\o       ...successful.
\o *Info*    Client has finished evaluating ... 
\o 
\o 
\o *Info*    Run complete for Point ID (21 6) on testbench [
\o           DAMSIC_symmetric_OTA_SpecTb_1 ].
\o 
\o 
\o 
\o 
\o 
\o Simulation design variables differ from those on the cellView,
\o they have been saved in the file "/tmp/saved-design-variables".
\o To save future changes, copy variables to cellView before exiting.
\o 
\o 
\o *Info*    Configuring the session ...
\o 
\o 	Library      = DAMSIC
\o 	Cell         = symmetric_OTA_SpecTb
\o 	View         = schematic
\o 	Simulator    = spectre
\o 	State Path   = $AXL_SETUPDB_DIR/test_states
\o 	State Name   = Interactive.0
\o 	Results DB   = /users/students/r0884392/Documents/DAMSIC_project/DAMSIC2025_work/DAMSIC/symmetric_OTA_SpecTb/maestro/results/maestro/Interactive.0.rdb
\o 	Results Dir  = /users/students/r0884392/simulation/DAMSIC/symmetric_OTA_SpecTb/maestro/results/maestro/Interactive.0/1/DAMSIC_symmetric_OTA_SpecTb_1
\o 	Results Loc  = /users/students/r0884392/simulation/DAMSIC/symmetric_OTA_SpecTb/maestro/results/maestro
\o 	Project Dir  = /users/students/r0884392/simulation
\o 	Setup DB loc = /users/students/r0884392/Documents/DAMSIC_project/DAMSIC2025_work/DAMSIC/symmetric_OTA_SpecTb/maestro
\o 	File Encoding = 0
\o 
\o 
\o INFO (ADE-5024): Simulation will use spectre batch mode because the GCC version used by Spectre and Virtuoso are not compatible.
\o 
\o *Info*    The auto suspension is disabled.
\o 
\o *Info*    Run start for points ((22 1) (22 2) (22 3) (22 4) (22 5)
\o           (22 6))
\o 
\o 
\o 
\o 
\o 
\o 
\o *Info*    Run start for Point ID (22 1) on testbench [
\o           DAMSIC_symmetric_OTA_SpecTb_1 ].
\o 
\o Resetting statistical vars
\o 
\o *Info*    Setting parameter values ...
\o 
\o Setting var INCM = "0.55"
\o Setting var b4 = "0.947"
\o Setting var b5 = "0.107"
\o Setting var b6 = "0.387"
\o Setting var diffBias = "0.1"
\o Setting var length = "90n"
\o Setting var nf_Bias = "100"
\o Setting var nf_Inp = "200"
\o Setting var nf_M2 = "100"
\o Setting var nf_M3 = "500"
\o Setting var nf_M4 = "1000"
\o Setting var nf_M5 = "1000"
\o Setting var nf_M6 = "1000"
\o Setting temp(T) = 27
\o 
\o *Info*    Netlist Directory =
\o           /users/students/r0884392/simulation/DAMSIC/symmetric_OTA_SpecTb/maestro/results/maestro/Interactive.0/1/DAMSIC_symmetric_OTA_SpecTb_1/netlist
\o 
\o 
\o *Info*    Data Directory    =
\o           /users/students/r0884392/simulation/DAMSIC/symmetric_OTA_SpecTb/maestro/results/maestro/Interactive.0/1/DAMSIC_symmetric_OTA_SpecTb_1
\o 
\o 
\o *Info*    Creating Netlist for Point ID (22 1)
\o 
\o generate netlist...
\o Begin Incremental Netlisting Mar 21 13:54:10 2025
\o End netlisting Mar 21 13:54:10 2025
\o 
\o 	The netlist is up to date.
\o 	Time taken to compare the design with netlist:   0.0s
\o       ...successful.
\o compose simulator input file...
\o       ...successful.
\o 
\o *Info*    Running simulation on testbench [
\o           DAMSIC_symmetric_OTA_SpecTb_1 ] for Point ID (22 1).
\o 
\o Delete psf data in /users/students/r0884392/simulation/DAMSIC/symmetric_OTA_SpecTb/maestro/results/maestro/Interactive.0/1/DAMSIC_symmetric_OTA_SpecTb_1/psf.
\o compose simulator input file...
\o       ...successful.
\o start simulator if needed...
\o       ...successful.
\o simulate...
\o To view the simulator output, right-click on the test name, result 
\o name, or any value in the "Results" tab of the Outputs section and 
\o choose "Output Log" menu option.
\o INFO (ADE-3071): Simulation completed successfully.
\o reading simulation data...
\o       ...successful.
\o *Info*    Client has finished evaluating ... 
\o 
\o 
\o *Info*    Run complete for Point ID (22 1) on testbench [
\o           DAMSIC_symmetric_OTA_SpecTb_1 ].
\o 
\o 
\o 
\o 
\o 
\o 
\o 
\o 
\o 
\o 
\o *Info*    Run start for Point ID (22 2) on testbench [
\o           DAMSIC_symmetric_OTA_SpecTb_1 ].
\o 
\o Resetting statistical vars
\o 
\o *Info*    Setting parameter values ...
\o 
\o Setting var diffBias = "0.2"
\o 
\o *Info*    Netlist Directory =
\o           /users/students/r0884392/simulation/DAMSIC/symmetric_OTA_SpecTb/maestro/results/maestro/Interactive.0/2/DAMSIC_symmetric_OTA_SpecTb_1/netlist
\o 
\o 
\o *Info*    Data Directory    =
\o           /users/students/r0884392/simulation/DAMSIC/symmetric_OTA_SpecTb/maestro/results/maestro/Interactive.0/2/DAMSIC_symmetric_OTA_SpecTb_1
\o 
\o 
\o *Info*    Creating Netlist for Point ID (22 2)
\o 
\o generate netlist...
\o Begin Incremental Netlisting Mar 21 13:54:30 2025
\o End netlisting Mar 21 13:54:30 2025
\o 
\o 	The netlist is up to date.
\o 	Time taken to compare the design with netlist:   0.0s
\o       ...successful.
\o compose simulator input file...
\o       ...successful.
\o 
\o *Info*    Running simulation on testbench [
\o           DAMSIC_symmetric_OTA_SpecTb_1 ] for Point ID (22 2).
\o 
\o Delete psf data in /users/students/r0884392/simulation/DAMSIC/symmetric_OTA_SpecTb/maestro/results/maestro/Interactive.0/2/DAMSIC_symmetric_OTA_SpecTb_1/psf.
\o compose simulator input file...
\o       ...successful.
\o start simulator if needed...
\o       ...successful.
\o simulate...
\o To view the simulator output, right-click on the test name, result 
\o name, or any value in the "Results" tab of the Outputs section and 
\o choose "Output Log" menu option.
\o INFO (ADE-3071): Simulation completed successfully.
\o reading simulation data...
\o       ...successful.
\o *Info*    Client has finished evaluating ... 
\o 
\o 
\o *Info*    Run complete for Point ID (22 2) on testbench [
\o           DAMSIC_symmetric_OTA_SpecTb_1 ].
\o 
\o 
\o 
\o 
\o 
\o 
\o 
\o 
\o 
\o 
\o *Info*    Run start for Point ID (22 3) on testbench [
\o           DAMSIC_symmetric_OTA_SpecTb_1 ].
\o 
\o Resetting statistical vars
\o 
\o *Info*    Setting parameter values ...
\o 
\o Setting var diffBias = "0.3"
\o 
\o *Info*    Netlist Directory =
\o           /users/students/r0884392/simulation/DAMSIC/symmetric_OTA_SpecTb/maestro/results/maestro/Interactive.0/3/DAMSIC_symmetric_OTA_SpecTb_1/netlist
\o 
\o 
\o *Info*    Data Directory    =
\o           /users/students/r0884392/simulation/DAMSIC/symmetric_OTA_SpecTb/maestro/results/maestro/Interactive.0/3/DAMSIC_symmetric_OTA_SpecTb_1
\o 
\o 
\o *Info*    Creating Netlist for Point ID (22 3)
\o 
\o generate netlist...
\o Begin Incremental Netlisting Mar 21 13:54:50 2025
\o End netlisting Mar 21 13:54:50 2025
\o 
\o 	The netlist is up to date.
\o 	Time taken to compare the design with netlist:   0.0s
\o       ...successful.
\o compose simulator input file...
\o       ...successful.
\o 
\o *Info*    Running simulation on testbench [
\o           DAMSIC_symmetric_OTA_SpecTb_1 ] for Point ID (22 3).
\o 
\o Delete psf data in /users/students/r0884392/simulation/DAMSIC/symmetric_OTA_SpecTb/maestro/results/maestro/Interactive.0/3/DAMSIC_symmetric_OTA_SpecTb_1/psf.
\o compose simulator input file...
\o       ...successful.
\o start simulator if needed...
\o       ...successful.
\o simulate...
\o To view the simulator output, right-click on the test name, result 
\o name, or any value in the "Results" tab of the Outputs section and 
\o choose "Output Log" menu option.
\o INFO (ADE-3071): Simulation completed successfully.
\o reading simulation data...
\o       ...successful.
\o *Info*    Client has finished evaluating ... 
\o 
\o 
\o *Info*    Run complete for Point ID (22 3) on testbench [
\o           DAMSIC_symmetric_OTA_SpecTb_1 ].
\o 
\o 
\o 
\o 
\o 
\o 
\o 
\o 
\o 
\o 
\o *Info*    Run start for Point ID (22 4) on testbench [
\o           DAMSIC_symmetric_OTA_SpecTb_1 ].
\o 
\o Resetting statistical vars
\o 
\o *Info*    Setting parameter values ...
\o 
\o Setting var diffBias = "0.4"
\o 
\o *Info*    Netlist Directory =
\o           /users/students/r0884392/simulation/DAMSIC/symmetric_OTA_SpecTb/maestro/results/maestro/Interactive.0/4/DAMSIC_symmetric_OTA_SpecTb_1/netlist
\o 
\o 
\o *Info*    Data Directory    =
\o           /users/students/r0884392/simulation/DAMSIC/symmetric_OTA_SpecTb/maestro/results/maestro/Interactive.0/4/DAMSIC_symmetric_OTA_SpecTb_1
\o 
\o 
\o *Info*    Creating Netlist for Point ID (22 4)
\o 
\o generate netlist...
\o Begin Incremental Netlisting Mar 21 13:55:11 2025
\o End netlisting Mar 21 13:55:11 2025
\o 
\o 	The netlist is up to date.
\o 	Time taken to compare the design with netlist:   0.0s
\o       ...successful.
\o compose simulator input file...
\o       ...successful.
\o 
\o *Info*    Running simulation on testbench [
\o           DAMSIC_symmetric_OTA_SpecTb_1 ] for Point ID (22 4).
\o 
\o Delete psf data in /users/students/r0884392/simulation/DAMSIC/symmetric_OTA_SpecTb/maestro/results/maestro/Interactive.0/4/DAMSIC_symmetric_OTA_SpecTb_1/psf.
\o compose simulator input file...
\o       ...successful.
\o start simulator if needed...
\o       ...successful.
\o simulate...
\o To view the simulator output, right-click on the test name, result 
\o name, or any value in the "Results" tab of the Outputs section and 
\o choose "Output Log" menu option.
\o INFO (ADE-3071): Simulation completed successfully.
\o reading simulation data...
\o       ...successful.
\o *Info*    Client has finished evaluating ... 
\o 
\o 
\o *Info*    Run complete for Point ID (22 4) on testbench [
\o           DAMSIC_symmetric_OTA_SpecTb_1 ].
\o 
\o 
\o 
\o 
\o 
\o 
\o 
\o 
\o 
\o 
\o *Info*    Run start for Point ID (22 5) on testbench [
\o           DAMSIC_symmetric_OTA_SpecTb_1 ].
\o 
\o Resetting statistical vars
\o 
\o *Info*    Setting parameter values ...
\o 
\o Setting var diffBias = "0.5"
\o 
\o *Info*    Netlist Directory =
\o           /users/students/r0884392/simulation/DAMSIC/symmetric_OTA_SpecTb/maestro/results/maestro/Interactive.0/5/DAMSIC_symmetric_OTA_SpecTb_1/netlist
\o 
\o 
\o *Info*    Data Directory    =
\o           /users/students/r0884392/simulation/DAMSIC/symmetric_OTA_SpecTb/maestro/results/maestro/Interactive.0/5/DAMSIC_symmetric_OTA_SpecTb_1
\o 
\o 
\o *Info*    Creating Netlist for Point ID (22 5)
\o 
\o generate netlist...
\o Begin Incremental Netlisting Mar 21 13:55:30 2025
\o End netlisting Mar 21 13:55:30 2025
\o 
\o 	The netlist is up to date.
\o 	Time taken to compare the design with netlist:   0.0s
\o       ...successful.
\o compose simulator input file...
\o       ...successful.
\o 
\o *Info*    Running simulation on testbench [
\o           DAMSIC_symmetric_OTA_SpecTb_1 ] for Point ID (22 5).
\o 
\o Delete psf data in /users/students/r0884392/simulation/DAMSIC/symmetric_OTA_SpecTb/maestro/results/maestro/Interactive.0/5/DAMSIC_symmetric_OTA_SpecTb_1/psf.
\o compose simulator input file...
\o       ...successful.
\o start simulator if needed...
\o       ...successful.
\o simulate...
\o To view the simulator output, right-click on the test name, result 
\o name, or any value in the "Results" tab of the Outputs section and 
\o choose "Output Log" menu option.
\o INFO (ADE-3071): Simulation completed successfully.
\o reading simulation data...
\o       ...successful.
\o *Info*    Client has finished evaluating ... 
\o 
\o 
\o *Info*    Run complete for Point ID (22 5) on testbench [
\o           DAMSIC_symmetric_OTA_SpecTb_1 ].
\o 
\o 
\o 
\o 
\o 
\o 
\o 
\o 
\o 
\o 
\o *Info*    Run start for Point ID (22 6) on testbench [
\o           DAMSIC_symmetric_OTA_SpecTb_1 ].
\o 
\o Resetting statistical vars
\o 
\o *Info*    Setting parameter values ...
\o 
\o Setting var diffBias = "0.6"
\o 
\o *Info*    Netlist Directory =
\o           /users/students/r0884392/simulation/DAMSIC/symmetric_OTA_SpecTb/maestro/results/maestro/Interactive.0/6/DAMSIC_symmetric_OTA_SpecTb_1/netlist
\o 
\o 
\o *Info*    Data Directory    =
\o           /users/students/r0884392/simulation/DAMSIC/symmetric_OTA_SpecTb/maestro/results/maestro/Interactive.0/6/DAMSIC_symmetric_OTA_SpecTb_1
\o 
\o 
\o *Info*    Creating Netlist for Point ID (22 6)
\o 
\o generate netlist...
\o Begin Incremental Netlisting Mar 21 13:55:50 2025
\o End netlisting Mar 21 13:55:50 2025
\o 
\o 	The netlist is up to date.
\o 	Time taken to compare the design with netlist:   0.0s
\o       ...successful.
\o compose simulator input file...
\o       ...successful.
\o 
\o *Info*    Running simulation on testbench [
\o           DAMSIC_symmetric_OTA_SpecTb_1 ] for Point ID (22 6).
\o 
\o Delete psf data in /users/students/r0884392/simulation/DAMSIC/symmetric_OTA_SpecTb/maestro/results/maestro/Interactive.0/6/DAMSIC_symmetric_OTA_SpecTb_1/psf.
\o compose simulator input file...
\o       ...successful.
\o start simulator if needed...
\o       ...successful.
\o simulate...
\o To view the simulator output, right-click on the test name, result 
\o name, or any value in the "Results" tab of the Outputs section and 
\o choose "Output Log" menu option.
\o INFO (ADE-3071): Simulation completed successfully.
\o reading simulation data...
\o       ...successful.
\o *Info*    Client has finished evaluating ... 
\o 
\o 
\o *Info*    Run complete for Point ID (22 6) on testbench [
\o           DAMSIC_symmetric_OTA_SpecTb_1 ].
\o 
\o 
\o 
\o 
\o 
\o Simulation design variables differ from those on the cellView,
\o they have been saved in the file "/tmp/saved-design-variables".
\o To save future changes, copy variables to cellView before exiting.
\o 
\o 
\o *Info*    Configuring the session ...
\o 
\o 	Library      = DAMSIC
\o 	Cell         = symmetric_OTA_SpecTb
\o 	View         = schematic
\o 	Simulator    = spectre
\o 	State Path   = $AXL_SETUPDB_DIR/test_states
\o 	State Name   = Interactive.0
\o 	Results DB   = /users/students/r0884392/Documents/DAMSIC_project/DAMSIC2025_work/DAMSIC/symmetric_OTA_SpecTb/maestro/results/maestro/Interactive.0.rdb
\o 	Results Dir  = /users/students/r0884392/simulation/DAMSIC/symmetric_OTA_SpecTb/maestro/results/maestro/Interactive.0/1/DAMSIC_symmetric_OTA_SpecTb_1
\o 	Results Loc  = /users/students/r0884392/simulation/DAMSIC/symmetric_OTA_SpecTb/maestro/results/maestro
\o 	Project Dir  = /users/students/r0884392/simulation
\o 	Setup DB loc = /users/students/r0884392/Documents/DAMSIC_project/DAMSIC2025_work/DAMSIC/symmetric_OTA_SpecTb/maestro
\o 	File Encoding = 0
\o 
\o 
\o INFO (ADE-5024): Simulation will use spectre batch mode because the GCC version used by Spectre and Virtuoso are not compatible.
\o 
\o *Info*    The auto suspension is disabled.
\o 
\o *Info*    Run start for points ((23 1) (23 2) (23 3) (23 4) (23 5)
\o           (23 6))
\o 
\o 
\o 
\o 
\o 
\o 
\o *Info*    Run start for Point ID (23 1) on testbench [
\o           DAMSIC_symmetric_OTA_SpecTb_1 ].
\o 
\o Resetting statistical vars
\o 
\o *Info*    Setting parameter values ...
\o 
\o Setting var INCM = "0.55"
\o Setting var b4 = "0.947"
\o Setting var b5 = "0.107"
\o Setting var b6 = "0.387"
\o Setting var diffBias = "0.1"
\o Setting var length = "90n"
\o Setting var nf_Bias = "100"
\o Setting var nf_Inp = "200"
\o Setting var nf_M2 = "100"
\o Setting var nf_M3 = "500"
\o Setting var nf_M4 = "1000"
\o Setting var nf_M5 = "1000"
\o Setting var nf_M6 = "1000"
\o Setting temp(T) = 27
\o 
\o *Info*    Netlist Directory =
\o           /users/students/r0884392/simulation/DAMSIC/symmetric_OTA_SpecTb/maestro/results/maestro/Interactive.0/1/DAMSIC_symmetric_OTA_SpecTb_1/netlist
\o 
\o 
\o *Info*    Data Directory    =
\o           /users/students/r0884392/simulation/DAMSIC/symmetric_OTA_SpecTb/maestro/results/maestro/Interactive.0/1/DAMSIC_symmetric_OTA_SpecTb_1
\o 
\o 
\o *Info*    Creating Netlist for Point ID (23 1)
\o 
\o generate netlist...
\o Begin Incremental Netlisting Mar 21 13:57:10 2025
\o Loading json.cxt 
\o End netlisting Mar 21 13:57:10 2025
\o 
\o Netlisting Statistics:
\o 	Number of components:   13
\o 
\o 	Elapsed time:          0.0s
\o Errors: 0	Warnings: 0
\o       ...successful.
\o compose simulator input file...
\o       ...successful.
\o 
\o *Info*    Running simulation on testbench [
\o           DAMSIC_symmetric_OTA_SpecTb_1 ] for Point ID (23 1).
\o 
\o Delete psf data in /users/students/r0884392/simulation/DAMSIC/symmetric_OTA_SpecTb/maestro/results/maestro/Interactive.0/1/DAMSIC_symmetric_OTA_SpecTb_1/psf.
\o compose simulator input file...
\o       ...successful.
\o start simulator if needed...
\o       ...successful.
\o simulate...
\o To view the simulator output, right-click on the test name, result 
\o name, or any value in the "Results" tab of the Outputs section and 
\o choose "Output Log" menu option.
\o INFO (ADE-3071): Simulation completed successfully.
\o reading simulation data...
\o       ...successful.
\o *Info*    Client has finished evaluating ... 
\o 
\o 
\o *Info*    Run complete for Point ID (23 1) on testbench [
\o           DAMSIC_symmetric_OTA_SpecTb_1 ].
\o 
\o 
\o 
\o 
\o 
\o 
\o 
\o 
\o 
\o 
\o *Info*    Run start for Point ID (23 2) on testbench [
\o           DAMSIC_symmetric_OTA_SpecTb_1 ].
\o 
\o Resetting statistical vars
\o 
\o *Info*    Setting parameter values ...
\o 
\o Setting var diffBias = "0.2"
\o 
\o *Info*    Netlist Directory =
\o           /users/students/r0884392/simulation/DAMSIC/symmetric_OTA_SpecTb/maestro/results/maestro/Interactive.0/2/DAMSIC_symmetric_OTA_SpecTb_1/netlist
\o 
\o 
\o *Info*    Data Directory    =
\o           /users/students/r0884392/simulation/DAMSIC/symmetric_OTA_SpecTb/maestro/results/maestro/Interactive.0/2/DAMSIC_symmetric_OTA_SpecTb_1
\o 
\o 
\o *Info*    Creating Netlist for Point ID (23 2)
\o 
\o generate netlist...
\o Begin Incremental Netlisting Mar 21 13:57:31 2025
\o End netlisting Mar 21 13:57:31 2025
\o 
\o 	The netlist is up to date.
\o 	Time taken to compare the design with netlist:   0.0s
\o       ...successful.
\o compose simulator input file...
\o       ...successful.
\o 
\o *Info*    Running simulation on testbench [
\o           DAMSIC_symmetric_OTA_SpecTb_1 ] for Point ID (23 2).
\o 
\o Delete psf data in /users/students/r0884392/simulation/DAMSIC/symmetric_OTA_SpecTb/maestro/results/maestro/Interactive.0/2/DAMSIC_symmetric_OTA_SpecTb_1/psf.
\o compose simulator input file...
\o       ...successful.
\o start simulator if needed...
\o       ...successful.
\o simulate...
\o To view the simulator output, right-click on the test name, result 
\o name, or any value in the "Results" tab of the Outputs section and 
\o choose "Output Log" menu option.
\o INFO (ADE-3071): Simulation completed successfully.
\o reading simulation data...
\o       ...successful.
\o *Info*    Client has finished evaluating ... 
\o 
\o 
\o *Info*    Run complete for Point ID (23 2) on testbench [
\o           DAMSIC_symmetric_OTA_SpecTb_1 ].
\o 
\o 
\o 
\o 
\o 
\o 
\o 
\o 
\o 
\o 
\o *Info*    Run start for Point ID (23 3) on testbench [
\o           DAMSIC_symmetric_OTA_SpecTb_1 ].
\o 
\o Resetting statistical vars
\o 
\o *Info*    Setting parameter values ...
\o 
\o Setting var diffBias = "0.3"
\o 
\o *Info*    Netlist Directory =
\o           /users/students/r0884392/simulation/DAMSIC/symmetric_OTA_SpecTb/maestro/results/maestro/Interactive.0/3/DAMSIC_symmetric_OTA_SpecTb_1/netlist
\o 
\o 
\o *Info*    Data Directory    =
\o           /users/students/r0884392/simulation/DAMSIC/symmetric_OTA_SpecTb/maestro/results/maestro/Interactive.0/3/DAMSIC_symmetric_OTA_SpecTb_1
\o 
\o 
\o *Info*    Creating Netlist for Point ID (23 3)
\o 
\o generate netlist...
\o Begin Incremental Netlisting Mar 21 13:57:51 2025
\o End netlisting Mar 21 13:57:51 2025
\o 
\o 	The netlist is up to date.
\o 	Time taken to compare the design with netlist:   0.0s
\o       ...successful.
\o compose simulator input file...
\o       ...successful.
\o 
\o *Info*    Running simulation on testbench [
\o           DAMSIC_symmetric_OTA_SpecTb_1 ] for Point ID (23 3).
\o 
\o Delete psf data in /users/students/r0884392/simulation/DAMSIC/symmetric_OTA_SpecTb/maestro/results/maestro/Interactive.0/3/DAMSIC_symmetric_OTA_SpecTb_1/psf.
\o compose simulator input file...
\o       ...successful.
\o start simulator if needed...
\o       ...successful.
\o simulate...
\o To view the simulator output, right-click on the test name, result 
\o name, or any value in the "Results" tab of the Outputs section and 
\o choose "Output Log" menu option.
\o INFO (ADE-3071): Simulation completed successfully.
\o reading simulation data...
\o       ...successful.
\o *Info*    Client has finished evaluating ... 
\o 
\o 
\o *Info*    Run complete for Point ID (23 3) on testbench [
\o           DAMSIC_symmetric_OTA_SpecTb_1 ].
\o 
\o 
\o 
\o 
\o 
\o 
\o 
\o 
\o 
\o 
\o *Info*    Run start for Point ID (23 4) on testbench [
\o           DAMSIC_symmetric_OTA_SpecTb_1 ].
\o 
\o Resetting statistical vars
\o 
\o *Info*    Setting parameter values ...
\o 
\o Setting var diffBias = "0.4"
\o 
\o *Info*    Netlist Directory =
\o           /users/students/r0884392/simulation/DAMSIC/symmetric_OTA_SpecTb/maestro/results/maestro/Interactive.0/4/DAMSIC_symmetric_OTA_SpecTb_1/netlist
\o 
\o 
\o *Info*    Data Directory    =
\o           /users/students/r0884392/simulation/DAMSIC/symmetric_OTA_SpecTb/maestro/results/maestro/Interactive.0/4/DAMSIC_symmetric_OTA_SpecTb_1
\o 
\o 
\o *Info*    Creating Netlist for Point ID (23 4)
\o 
\o generate netlist...
\o Begin Incremental Netlisting Mar 21 13:58:11 2025
\o End netlisting Mar 21 13:58:12 2025
\o 
\o 	The netlist is up to date.
\o 	Time taken to compare the design with netlist:   1.0s
\o       ...successful.
\o compose simulator input file...
\o       ...successful.
\o 
\o *Info*    Running simulation on testbench [
\o           DAMSIC_symmetric_OTA_SpecTb_1 ] for Point ID (23 4).
\o 
\o Delete psf data in /users/students/r0884392/simulation/DAMSIC/symmetric_OTA_SpecTb/maestro/results/maestro/Interactive.0/4/DAMSIC_symmetric_OTA_SpecTb_1/psf.
\o compose simulator input file...
\o       ...successful.
\o start simulator if needed...
\o       ...successful.
\o simulate...
\o To view the simulator output, right-click on the test name, result 
\o name, or any value in the "Results" tab of the Outputs section and 
\o choose "Output Log" menu option.
\o INFO (ADE-3071): Simulation completed successfully.
\o reading simulation data...
\o       ...successful.
\o *Info*    Client has finished evaluating ... 
\o 
\o 
\o *Info*    Run complete for Point ID (23 4) on testbench [
\o           DAMSIC_symmetric_OTA_SpecTb_1 ].
\o 
\o 
\o 
\o 
\o 
\o 
\o 
\o 
\o 
\o 
\o *Info*    Run start for Point ID (23 5) on testbench [
\o           DAMSIC_symmetric_OTA_SpecTb_1 ].
\o 
\o Resetting statistical vars
\o 
\o *Info*    Setting parameter values ...
\o 
\o Setting var diffBias = "0.5"
\o 
\o *Info*    Netlist Directory =
\o           /users/students/r0884392/simulation/DAMSIC/symmetric_OTA_SpecTb/maestro/results/maestro/Interactive.0/5/DAMSIC_symmetric_OTA_SpecTb_1/netlist
\o 
\o 
\o *Info*    Data Directory    =
\o           /users/students/r0884392/simulation/DAMSIC/symmetric_OTA_SpecTb/maestro/results/maestro/Interactive.0/5/DAMSIC_symmetric_OTA_SpecTb_1
\o 
\o 
\o *Info*    Creating Netlist for Point ID (23 5)
\o 
\o generate netlist...
\o Begin Incremental Netlisting Mar 21 13:58:34 2025
\o End netlisting Mar 21 13:58:34 2025
\o 
\o 	The netlist is up to date.
\o 	Time taken to compare the design with netlist:   0.0s
\o       ...successful.
\o compose simulator input file...
\o       ...successful.
\o 
\o *Info*    Running simulation on testbench [
\o           DAMSIC_symmetric_OTA_SpecTb_1 ] for Point ID (23 5).
\o 
\o Delete psf data in /users/students/r0884392/simulation/DAMSIC/symmetric_OTA_SpecTb/maestro/results/maestro/Interactive.0/5/DAMSIC_symmetric_OTA_SpecTb_1/psf.
\o compose simulator input file...
\o       ...successful.
\o start simulator if needed...
\o       ...successful.
\o simulate...
\o To view the simulator output, right-click on the test name, result 
\o name, or any value in the "Results" tab of the Outputs section and 
\o choose "Output Log" menu option.
\o *Info*    Simulation completed successfully for points ((23 1) (23 2)
\o           (23 3) (23 4)).
\o *Info*    Current simulation for points ((23 5) (23 6)).
\o *Info*    (ADE-3072): Simulation stopped because you selected the
\o           'Stop Simulation' command in ADE.
\o 
\o INFO (ADE-3067): Errors encountered during simulation. For more information, right-click
\o         on a test name in the 'Results' tab of the Outputs pane and choose 'Output Log'
\o         to view the simulation run log.
\o reading simulation data...
\o       ...successful.
\o *Info*    Client has finished evaluating ... 
\o 
\o 
\o *Info*    Run complete for Point ID (23 5) on testbench [
\o           DAMSIC_symmetric_OTA_SpecTb_1 ].
\o 
\o 
\o 
\o 
\o 
\o Simulation design variables differ from those on the cellView,
\o they have been saved in the file "/tmp/saved-design-variables".
\o To save future changes, copy variables to cellView before exiting.
\o 
\o *Info*    Received signal SIGTERM.
\o 
\o 
